<?xml version="1.0" encoding="UTF-8"?>
<!-- Generated by org.testng.reporters.JUnitXMLReporter -->
<testsuite ignored="0" hostname="DESKTOP-IRHMPCR" failures="2" tests="5" name="list product" time="126.866" errors="0" timestamp="2020-12-12T12:53:46 ICT">
  <testcase classname="com.dienmayxanh.testcases.ViewListProducts" name="ShowAllProduct" time="6.167"/>
  <testcase classname="com.dienmayxanh.testcases.ViewListProducts" name="ShowAllProductOfBrand" time="12.2"/>
  <testcase classname="com.dienmayxanh.testcases.ViewListProducts" name="testViewWithSortPriceDescending" time="21.473">
    <failure type="java.lang.AssertionError" message="expected [true] but found [false]">
      <![CDATA[java.lang.AssertionError: expected [true] but found [false]
at com.dienmayxanh.testcases.ViewListProducts.testViewWithSortPriceDescending(ViewListProducts.java:95)
at java.base/java.util.ArrayList.forEach(ArrayList.java:1511)
... Removed 33 stack frames]]>
    </failure>
  </testcase> <!-- testViewWithSortPriceDescending -->
  <testcase classname="com.dienmayxanh.testcases.ViewListProducts" name="testViewWithSortPriceAscending" time="11.433">
    <failure type="java.lang.AssertionError" message="expected [true] but found [false]">
      <![CDATA[java.lang.AssertionError: expected [true] but found [false]
at com.dienmayxanh.testcases.ViewListProducts.testViewWithSortPriceAscending(ViewListProducts.java:113)
at java.base/java.util.ArrayList.forEach(ArrayList.java:1511)
... Removed 33 stack frames]]>
    </failure>
  </testcase> <!-- testViewWithSortPriceAscending -->
  <testcase classname="com.dienmayxanh.testcases.ViewListProducts" name="testQuantity" time="18.24"/>
</testsuite> <!-- list product -->
