<?xml version="1.0" encoding="UTF-8"?>
<!-- Generated by org.testng.reporters.JUnitXMLReporter -->
<testsuite ignored="2" hostname="DESKTOP-IRHMPCR" failures="0" tests="3" name="test view list products" time="65.588" errors="0" timestamp="2020-12-14T12:31:03 ICT">
  <testcase classname="com.dienmayxanh.test.ViewListProducts" name="testViewWithSortPriceDescending" time="16.737"/>
  <testcase classname="com.dienmayxanh.test.ViewListProducts" name="testViewWithSortPriceAscending" time="16.241"/>
  <testcase classname="com.dienmayxanh.test.ViewListProducts" name="testQuantity" time="13.542"/>
  <testcase classname="com.dienmayxanh.test.ViewListProducts" name="testShowAllProduct" time="0.0">
    <ignored/>
  </testcase> <!-- testShowAllProduct -->
  <testcase classname="com.dienmayxanh.test.ViewListProducts" name="testShowAllProductOfBrand" time="0.0">
    <ignored/>
  </testcase> <!-- testShowAllProductOfBrand -->
</testsuite> <!-- test view list products -->
