<?xml version="1.0" encoding="UTF-8"?>
<!-- Generated by org.testng.reporters.JUnitXMLReporter -->
<testsuite ignored="0" hostname="DESKTOP-IRHMPCR" failures="0" tests="2" name="test comment" time="0.089" errors="0" timestamp="2020-12-25T09:31:53 ICT">
  <testcase classname="com.dienmayxanh.abstractclass.AbstractAnnotation" name="@BeforeClass setExcelBeforeTest" time="0.055">
    <failure type="org.apache.poi.EmptyFileException" message="The supplied file was empty (zero bytes long)">
      <![CDATA[org.apache.poi.EmptyFileException: The supplied file was empty (zero bytes long)
at org.apache.poi.util.IOUtils.peekFirstNBytes(IOUtils.java:111)
at org.apache.poi.poifs.filesystem.FileMagic.valueOf(FileMagic.java:206)
at org.apache.poi.openxml4j.opc.internal.ZipHelper.verifyZipHeader(ZipHelper.java:143)
at org.apache.poi.openxml4j.opc.internal.ZipHelper.openZipStream(ZipHelper.java:175)
at org.apache.poi.openxml4j.opc.ZipPackage.<init>(ZipPackage.java:104)
at org.apache.poi.openxml4j.opc.OPCPackage.open(OPCPackage.java:307)
at org.apache.poi.ooxml.util.PackageHelper.open(PackageHelper.java:47)
at org.apache.poi.xssf.usermodel.XSSFWorkbook.<init>(XSSFWorkbook.java:309)
at com.dienmayxanh.service.ExcelUtils.setExcelFile(ExcelUtils.java:40)
at com.dienmayxanh.abstractclass.AbstractAnnotation.setExcelBeforeTest(AbstractAnnotation.java:30)
at java.base/java.util.ArrayList.forEach(ArrayList.java:1511)
... Removed 25 stack frames]]>
    </failure>
  </testcase> <!-- @BeforeClass setExcelBeforeTest -->
  <testcase classname="com.dienmayxanh.abstractclass.AbstractAnnotation" name="@BeforeMethod accessWebsite" time="-1.608863513887E9">
    <skipped/>
  </testcase> <!-- @BeforeMethod accessWebsite -->
  <testcase classname="com.dienmayxanh.abstractclass.AbstractAnnotation" name="@AfterMethod closeBrowser" time="-1.608863513892E9">
    <skipped/>
  </testcase> <!-- @AfterMethod closeBrowser -->
  <testcase classname="com.dienmayxanh.abstractclass.AbstractAnnotation" name="@BeforeMethod accessWebsite" time="-1.608863513894E9">
    <skipped/>
  </testcase> <!-- @BeforeMethod accessWebsite -->
  <testcase classname="com.dienmayxanh.abstractclass.AbstractAnnotation" name="@AfterMethod closeBrowser" time="-1.608863513897E9">
    <skipped/>
  </testcase> <!-- @AfterMethod closeBrowser -->
  <testcase classname="com.dienmayxanh.abstractclass.AbstractAnnotation" name="@AfterTest saveAndCloseExcel" time="0.001">
    <failure type="java.lang.NullPointerException" message="Cannot invoke &amp;quot;org.apache.poi.xssf.usermodel.XSSFWorkbook.write(java.io.OutputStream)&amp;quot; because &amp;quot;com.dienmayxanh.service.ExcelUtils.ExcelWBook&amp;quot; is null">
      <![CDATA[java.lang.NullPointerException: Cannot invoke "org.apache.poi.xssf.usermodel.XSSFWorkbook.write(java.io.OutputStream)" because "com.dienmayxanh.service.ExcelUtils.ExcelWBook" is null
at com.dienmayxanh.service.ExcelUtils.closeandsaveFile(ExcelUtils.java:71)
at com.dienmayxanh.abstractclass.AbstractAnnotation.saveAndCloseExcel(AbstractAnnotation.java:35)
... Removed 24 stack frames]]>
    </failure>
  </testcase> <!-- @AfterTest saveAndCloseExcel -->
  <testcase classname="com.dienmayxanh.test.Comment" name="CommentUnsuccessfullyWithError" time="0.0">
    <skipped/>
  </testcase> <!-- CommentUnsuccessfullyWithError -->
  <testcase classname="com.dienmayxanh.test.Comment" name="CommentUnsuccessfullyWithAlert" time="0.0">
    <skipped/>
  </testcase> <!-- CommentUnsuccessfullyWithAlert -->
</testsuite> <!-- test comment -->
