<?xml version="1.0" encoding="UTF-8"?>
<!-- Generated by org.testng.reporters.JUnitXMLReporter -->
<testsuite ignored="2" hostname="DESKTOP-IRHMPCR" failures="1" tests="3" name="test view list products" time="85.897" errors="0" timestamp="2020-12-14T21:15:40 ICT">
  <testcase classname="com.dienmayxanh.test.ViewListProducts" name="testViewWithSortPriceDescending" time="21.865"/>
  <testcase classname="com.dienmayxanh.test.ViewListProducts" name="testViewWithSortPriceAscending" time="21.586"/>
  <testcase classname="com.dienmayxanh.test.ViewListProducts" name="testQuantity" time="16.566">
    <failure type="java.lang.AssertionError" message="expected [true] but found [false]">
      <![CDATA[java.lang.AssertionError: expected [true] but found [false]
at com.dienmayxanh.test.ViewListProducts.testQuantity(ViewListProducts.java:183)
at java.base/java.util.ArrayList.forEach(ArrayList.java:1511)
... Removed 33 stack frames]]>
    </failure>
  </testcase> <!-- testQuantity -->
  <testcase classname="com.dienmayxanh.test.ViewListProducts" name="testShowAllProduct" time="0.0">
    <ignored/>
  </testcase> <!-- testShowAllProduct -->
  <testcase classname="com.dienmayxanh.test.ViewListProducts" name="testShowAllProductOfBrand" time="0.0">
    <ignored/>
  </testcase> <!-- testShowAllProductOfBrand -->
</testsuite> <!-- test view list products -->
