<?xml version="1.0" encoding="UTF-8"?>
<!-- Generated by org.testng.reporters.JUnitXMLReporter -->
<testsuite ignored="0" hostname="DESKTOP-IRHMPCR" failures="0" tests="7" name="test choose received place" time="141.876" errors="0" timestamp="2021-01-16T03:59:28 ICT">
  <testcase classname="com.dienmayxanh.test.ChooseReceivedPlace" name="testMainSFWithFullInfor" time="11.098"/>
  <testcase classname="com.dienmayxanh.test.ChooseReceivedPlace" name="testSuccessWithOnlyProvince" time="12.252"/>
  <testcase classname="com.dienmayxanh.test.ChooseReceivedPlace" name="testSuccessWithoutFillTextboxAddress" time="12.654"/>
  <testcase classname="com.dienmayxanh.test.ChooseReceivedPlace" name="testFailWithoutChooseWard" time="10.503"/>
  <testcase classname="com.dienmayxanh.test.ChooseReceivedPlace" name="testSuccessUpdateWithOnlyProvinceSubmitBefor" time="20.495"/>
  <testcase classname="com.dienmayxanh.test.ChooseReceivedPlace" name="testSuccessUpdateByClickOnButonChange" time="14.467"/>
  <testcase classname="com.dienmayxanh.test.ChooseReceivedPlace" name="testSuccessUpdateByClickOnDropBoxProvince" time="18.018"/>
</testsuite> <!-- test choose received place -->
