<?xml version="1.0" encoding="UTF-8"?>
<!-- Generated by org.testng.reporters.JUnitXMLReporter -->
<testsuite ignored="0" hostname="DESKTOP-IRHMPCR" failures="0" tests="4" name="test log in" time="79.173" errors="0" timestamp="2021-01-16T03:53:20 ICT">
  <testcase classname="com.dienmayxanh.test.LogIn" name="testLoginWithWrongFormatPhoneNumber" time="4.66"/>
  <testcase classname="com.dienmayxanh.test.LogIn" name="testLoginWithWrongOTP" time="14.282"/>
  <testcase classname="com.dienmayxanh.test.LogIn" name="testNoticeOfResendingOTP" time="35.621"/>
  <testcase classname="com.dienmayxanh.test.LogIn" name="testTitle" time="0.53"/>
</testsuite> <!-- test log in -->
