<?xml version="1.0" encoding="UTF-8"?>
<!-- Generated by org.testng.reporters.JUnitXMLReporter -->
<testsuite ignored="2" hostname="DESKTOP-IRHMPCR" failures="0" tests="2" name="test view list products" time="136.325" errors="0" timestamp="2020-12-25T10:46:26 ICT">
  <testcase classname="com.dienmayxanh.test.ViewListProducts" name="ViewList_SortPrice" time="35.666"/>
  <testcase classname="com.dienmayxanh.test.ViewListProducts" name="ViewList_Quantity" time="40.255"/>
  <testcase classname="com.dienmayxanh.test.ViewListProducts" name="testShowAllProduct" time="0.0">
    <ignored/>
  </testcase> <!-- testShowAllProduct -->
  <testcase classname="com.dienmayxanh.test.ViewListProducts" name="testShowAllProductOfBrand" time="0.0">
    <ignored/>
  </testcase> <!-- testShowAllProductOfBrand -->
</testsuite> <!-- test view list products -->
