<?xml version="1.0" encoding="UTF-8"?>
<!-- Generated by org.testng.reporters.JUnitXMLReporter -->
<testsuite ignored="0" hostname="DESKTOP-IRHMPCR" failures="0" tests="4" name="test view list products" time="128.864" errors="0" timestamp="2021-01-16T03:46:53 ICT">
  <testcase classname="com.dienmayxanh.test.ViewListProducts" name="testShowAllProduct" time="17.42"/>
  <testcase classname="com.dienmayxanh.test.ViewListProducts" name="testShowAllProductOfBrand" time="19.772"/>
  <testcase classname="com.dienmayxanh.test.ViewListProducts" name="ViewList_SortPrice" time="44.256"/>
  <testcase classname="com.dienmayxanh.test.ViewListProducts" name="ViewList_Quantity" time="21.808"/>
</testsuite> <!-- test view list products -->
