<?xml version="1.0" encoding="UTF-8"?>
<!-- Generated by org.testng.reporters.JUnitXMLReporter -->
<testsuite ignored="0" hostname="DESKTOP-IRHMPCR" failures="0" tests="2" name="test comment" time="532.011" errors="0" timestamp="2020-12-25T10:55:18 ICT">
  <testcase classname="com.dienmayxanh.test.Comment" name="CommentUnsuccessfullyWithError" time="272.033"/>
  <testcase classname="com.dienmayxanh.test.Comment" name="CommentUnsuccessfullyWithAlert" time="45.08"/>
</testsuite> <!-- test comment -->
