<?xml version="1.0" encoding="UTF-8"?>
<!-- Generated by org.testng.reporters.JUnitXMLReporter -->
<testsuite ignored="0" hostname="DESKTOP-IRHMPCR" failures="0" tests="2" name="test comment" time="69.35" errors="0" timestamp="2021-01-16T03:48:02 ICT">
  <testcase classname="com.dienmayxanh.test.Comment" name="CommentUnsuccessfullyWithError" time="19.328"/>
  <testcase classname="com.dienmayxanh.test.Comment" name="CommentUnsuccessfullyWithAlert" time="37.601"/>
</testsuite> <!-- test comment -->
