<?xml version="1.0" encoding="UTF-8"?>
<!-- Generated by org.testng.reporters.JUnitXMLReporter -->
<testsuite ignored="0" hostname="dawn" failures="0" tests="4" name="test login" time="85.463" errors="0" timestamp="2021-01-16T02:04:59 ICT">
  <testcase classname="com.dienmayxanh.test.LogIn" name="testLoginWithWrongFormatPhoneNumber" time="6.431"/>
  <testcase classname="com.dienmayxanh.test.LogIn" name="testLoginWithWrongOTP" time="13.195"/>
  <testcase classname="com.dienmayxanh.test.LogIn" name="testNoticeOfResendingOTP" time="36.192"/>
  <testcase classname="com.dienmayxanh.test.LogIn" name="testTitle" time="0.496"/>
</testsuite> <!-- test login -->
