<?xml version="1.0" encoding="UTF-8"?>
<!-- Generated by org.testng.reporters.JUnitXMLReporter -->
<testsuite ignored="0" hostname="DESKTOP-IRHMPCR" failures="0" tests="7" name="test choose received place" time="106.525" errors="0" timestamp="2021-01-16T01:10:17 ICT">
  <testcase classname="com.dienmayxanh.test.ChooseReceivedPlace" name="testMainSFWithFullInfor" time="5.346"/>
  <testcase classname="com.dienmayxanh.test.ChooseReceivedPlace" name="testSuccessWithOnlyProvince" time="5.203"/>
  <testcase classname="com.dienmayxanh.test.ChooseReceivedPlace" name="testSuccessWithoutFillTextboxAddress" time="6.849"/>
  <testcase classname="com.dienmayxanh.test.ChooseReceivedPlace" name="testFailWithoutChooseWard" time="4.663"/>
  <testcase classname="com.dienmayxanh.test.ChooseReceivedPlace" name="testSuccessUpdateWithOnlyProvinceSubmitBefor" time="7.644"/>
  <testcase classname="com.dienmayxanh.test.ChooseReceivedPlace" name="testSuccessUpdateByClickOnButonChange" time="8.604"/>
  <testcase classname="com.dienmayxanh.test.ChooseReceivedPlace" name="testSuccessUpdateByClickOnDropBoxProvince" time="23.771"/>
</testsuite> <!-- test choose received place -->
