<?xml version="1.0" encoding="UTF-8"?>
<!-- Generated by org.testng.reporters.JUnitXMLReporter -->
<testsuite ignored="0" hostname="DESKTOP-IRHMPCR" failures="0" tests="5" name="Default test" time="0.041" errors="0" timestamp="2020-12-07T16:32:55 ICT">
  <testcase classname="com.dienmayxanh.abstractclass.AbstractAnnotation" name="@BeforeMethod accessWebsite" time="-1.607333575415E9">
    <failure type="org.testng.TestNGException" message="
Parameter &amp;apos;url&amp;apos; is required by BeforeMethod on method accessWebsite but has not been marked @Optional or defined
in C:\Users\GIA PHU\AppData\Local\Temp\testng-eclipse-2106620270\testng-customsuite.xml">
      <![CDATA[org.testng.TestNGException: 
Parameter 'url' is required by BeforeMethod on method accessWebsite but has not been marked @Optional or defined
in C:\Users\GIA PHU\AppData\Local\Temp\testng-eclipse-2106620270\testng-customsuite.xml
at org.testng.internal.Parameters.createParams(Parameters.java:268)
at org.testng.internal.Parameters.createParametersForMethod(Parameters.java:356)
at org.testng.internal.Parameters.createParameters(Parameters.java:700)
at org.testng.internal.Parameters.createConfigurationParameters(Parameters.java:166)
at org.testng.internal.ConfigInvoker.invokeConfigurations(ConfigInvoker.java:301)
at org.testng.internal.TestInvoker.runConfigMethods(TestInvoker.java:701)
at org.testng.internal.TestInvoker.invokeMethod(TestInvoker.java:527)
at org.testng.internal.TestInvoker.invokeTestMethod(TestInvoker.java:174)
at org.testng.internal.MethodRunner.runInSequence(MethodRunner.java:46)
at org.testng.internal.TestInvoker$MethodInvocationAgent.invoke(TestInvoker.java:822)
at org.testng.internal.TestInvoker.invokeTestMethods(TestInvoker.java:147)
at org.testng.internal.TestMethodWorker.invokeTestMethods(TestMethodWorker.java:146)
at org.testng.internal.TestMethodWorker.run(TestMethodWorker.java:128)
at java.base/java.util.ArrayList.forEach(ArrayList.java:1511)
at org.testng.TestRunner.privateRun(TestRunner.java:764)
at org.testng.TestRunner.run(TestRunner.java:585)
at org.testng.SuiteRunner.runTest(SuiteRunner.java:384)
at org.testng.SuiteRunner.runSequentially(SuiteRunner.java:378)
at org.testng.SuiteRunner.privateRun(SuiteRunner.java:337)
at org.testng.SuiteRunner.run(SuiteRunner.java:286)
at org.testng.SuiteRunnerWorker.runSuite(SuiteRunnerWorker.java:53)
at org.testng.SuiteRunnerWorker.run(SuiteRunnerWorker.java:96)
at org.testng.TestNG.runSuitesSequentially(TestNG.java:1218)
at org.testng.TestNG.runSuitesLocally(TestNG.java:1140)
at org.testng.TestNG.runSuites(TestNG.java:1069)
at org.testng.TestNG.run(TestNG.java:1037)
at org.testng.remote.AbstractRemoteTestNG.run(AbstractRemoteTestNG.java:115)
at org.testng.remote.RemoteTestNG.initAndRun(RemoteTestNG.java:251)
at org.testng.remote.RemoteTestNG.main(RemoteTestNG.java:77)
]]>
    </failure>
  </testcase> <!-- @BeforeMethod accessWebsite -->
  <testcase classname="com.dienmayxanh.abstractclass.AbstractAnnotation" name="@AfterMethod closeBrowser" time="-1.607333575424E9">
    <skipped/>
  </testcase> <!-- @AfterMethod closeBrowser -->
  <testcase classname="com.dienmayxanh.abstractclass.AbstractAnnotation" name="@BeforeMethod accessWebsite" time="-1.607333575426E9">
    <skipped/>
  </testcase> <!-- @BeforeMethod accessWebsite -->
  <testcase classname="com.dienmayxanh.abstractclass.AbstractAnnotation" name="@AfterMethod closeBrowser" time="-1.607333575429E9">
    <skipped/>
  </testcase> <!-- @AfterMethod closeBrowser -->
  <testcase classname="com.dienmayxanh.abstractclass.AbstractAnnotation" name="@BeforeMethod accessWebsite" time="-1.607333575429E9">
    <skipped/>
  </testcase> <!-- @BeforeMethod accessWebsite -->
  <testcase classname="com.dienmayxanh.abstractclass.AbstractAnnotation" name="@AfterMethod closeBrowser" time="-1.607333575431E9">
    <skipped/>
  </testcase> <!-- @AfterMethod closeBrowser -->
  <testcase classname="com.dienmayxanh.abstractclass.AbstractAnnotation" name="@BeforeMethod accessWebsite" time="-1.607333575432E9">
    <skipped/>
  </testcase> <!-- @BeforeMethod accessWebsite -->
  <testcase classname="com.dienmayxanh.abstractclass.AbstractAnnotation" name="@AfterMethod closeBrowser" time="-1.607333575435E9">
    <skipped/>
  </testcase> <!-- @AfterMethod closeBrowser -->
  <testcase classname="com.dienmayxanh.abstractclass.AbstractAnnotation" name="@BeforeMethod accessWebsite" time="-1.607333575435E9">
    <skipped/>
  </testcase> <!-- @BeforeMethod accessWebsite -->
  <testcase classname="com.dienmayxanh.abstractclass.AbstractAnnotation" name="@AfterMethod closeBrowser" time="-1.607333575438E9">
    <skipped/>
  </testcase> <!-- @AfterMethod closeBrowser -->
  <testcase classname="com.dienmayxanh.testcases.ViewListProducts" name="ShowAllProduct" time="0.0">
    <skipped/>
  </testcase> <!-- ShowAllProduct -->
  <testcase classname="com.dienmayxanh.testcases.ViewListProducts" name="ShowAllProductOfBrand" time="0.0">
    <skipped/>
  </testcase> <!-- ShowAllProductOfBrand -->
  <testcase classname="com.dienmayxanh.testcases.ViewListProducts" name="testViewWithSortPriceDescending" time="0.0">
    <skipped/>
  </testcase> <!-- testViewWithSortPriceDescending -->
  <testcase classname="com.dienmayxanh.testcases.ViewListProducts" name="testViewWithSortPriceAscending" time="0.0">
    <skipped/>
  </testcase> <!-- testViewWithSortPriceAscending -->
  <testcase classname="com.dienmayxanh.testcases.ViewListProducts" name="testQuantity" time="0.0">
    <skipped/>
  </testcase> <!-- testQuantity -->
</testsuite> <!-- Default test -->
