<?xml version="1.0" encoding="UTF-8"?>
<!-- Generated by org.testng.reporters.JUnitXMLReporter -->
<testsuite ignored="0" hostname="dawn" failures="0" tests="7" name="Default test" time="120.323" errors="0" timestamp="2020-12-07T18:10:24 ICT">
  <testcase classname="chooserp" name="mainSFWithFullInfor" time="4.807"/>
  <testcase classname="chooserp" name="successWithOnlyProvince" time="4.534"/>
  <testcase classname="chooserp" name="successWithoutFillTextboxAddress" time="8.689"/>
  <testcase classname="chooserp" name="failWithoutChooseWard" time="1.995"/>
  <testcase classname="chooserp" name="successUpdateWithOnlyProvinceSubmitBefor" time="10.764"/>
  <testcase classname="chooserp" name="successUpdateByClickOnButonChange" time="8.63"/>
  <testcase classname="chooserp" name="successUpdateByClickOnDropBoxProvince" time="10.784"/>
</testsuite> <!-- Default test -->
