<?xml version="1.0" encoding="UTF-8"?>
<!-- Generated by org.testng.reporters.JUnitXMLReporter -->
<testsuite ignored="0" hostname="dawn" failures="1" tests="7" name="runGroup" time="151.981" errors="0" timestamp="2020-12-15T09:34:43 ICT">
  <testcase classname="TestCases.ChooseReceivedPlace" name="testMainSFWithFullInfor" time="4.266"/>
  <testcase classname="TestCases.ChooseReceivedPlace" name="testSuccessWithOnlyProvince" time="9.783"/>
  <testcase classname="TestCases.ChooseReceivedPlace" name="testSuccessWithoutFillTextboxAddress" time="10.783"/>
  <testcase classname="TestCases.ChooseReceivedPlace" name="testFailWithoutChooseWard" time="4.007"/>
  <testcase classname="TestCases.ChooseReceivedPlace" name="testSuccessUpdateWithOnlyProvinceSubmitBefor" time="7.204"/>
  <testcase classname="TestCases.ChooseReceivedPlace" name="testSuccessUpdateByClickOnButonChange" time="9.818"/>
  <testcase classname="TestCases.ChooseReceivedPlace" name="testSuccessUpdateByClickOnDropBoxProvince" time="23.472">
    <failure type="org.openqa.selenium.TimeoutException" message="Expected condition failed: waiting for visibility of element located by By.id: lstWard (tried for 20 second(s) with 500 milliseconds interval)
Build info: version: &amp;apos;3.141.59&amp;apos;, revision: &amp;apos;e82be7d358&amp;apos;, time: &amp;apos;2018-11-14T08:25:48&amp;apos;
System info: host: &amp;apos;DAWN&amp;apos;, ip: &amp;apos;10.9.80.105&amp;apos;, os.name: &amp;apos;Windows 10&amp;apos;, os.arch: &amp;apos;amd64&amp;apos;, os.version: &amp;apos;10.0&amp;apos;, java.version: &amp;apos;14.0.2&amp;apos;
Driver info: org.openqa.selenium.chrome.ChromeDriver
Capabilities {acceptInsecureCerts: false, browserName: chrome, browserVersion: 87.0.4280.88, chrome: {chromedriverVersion: 87.0.4280.20 (c99e81631faa0..., userDataDir: C:\Users\MODERN~1\AppData\L...}, goog:chromeOptions: {debuggerAddress: localhost:59108}, javascriptEnabled: true, networkConnectionEnabled: false, pageLoadStrategy: normal, platform: WINDOWS, platformName: WINDOWS, proxy: Proxy(), setWindowRect: true, strictFileInteractability: false, timeouts: {implicit: 0, pageLoad: 300000, script: 30000}, unhandledPromptBehavior: dismiss and notify, webauthn:virtualAuthenticators: true}
Session ID: 1b8fbd8a4f43e3e9a3e43c3de1a6f81b">
      <![CDATA[org.openqa.selenium.TimeoutException: Expected condition failed: waiting for visibility of element located by By.id: lstWard (tried for 20 second(s) with 500 milliseconds interval)
Build info: version: '3.141.59', revision: 'e82be7d358', time: '2018-11-14T08:25:48'
System info: host: 'DAWN', ip: '10.9.80.105', os.name: 'Windows 10', os.arch: 'amd64', os.version: '10.0', java.version: '14.0.2'
Driver info: org.openqa.selenium.chrome.ChromeDriver
Capabilities {acceptInsecureCerts: false, browserName: chrome, browserVersion: 87.0.4280.88, chrome: {chromedriverVersion: 87.0.4280.20 (c99e81631faa0..., userDataDir: C:\Users\MODERN~1\AppData\L...}, goog:chromeOptions: {debuggerAddress: localhost:59108}, javascriptEnabled: true, networkConnectionEnabled: false, pageLoadStrategy: normal, platform: WINDOWS, platformName: WINDOWS, proxy: Proxy(), setWindowRect: true, strictFileInteractability: false, timeouts: {implicit: 0, pageLoad: 300000, script: 30000}, unhandledPromptBehavior: dismiss and notify, webauthn:virtualAuthenticators: true}
Session ID: 1b8fbd8a4f43e3e9a3e43c3de1a6f81b
at org.openqa.selenium.support.ui.WebDriverWait.timeoutException(WebDriverWait.java:95)
at org.openqa.selenium.support.ui.FluentWait.until(FluentWait.java:272)
at TestCases.ChooseReceivedPlace.waitForElementVisible(ChooseReceivedPlace.java:374)
at TestCases.ChooseReceivedPlace.chooseWard(ChooseReceivedPlace.java:329)
at TestCases.ChooseReceivedPlace.testSuccessUpdateByClickOnDropBoxProvince(ChooseReceivedPlace.java:246)
at java.base/java.util.ArrayList.forEach(ArrayList.java:1511)
... Removed 27 stack frames]]>
    </failure>
  </testcase> <!-- testSuccessUpdateByClickOnDropBoxProvince -->
</testsuite> <!-- runGroup -->
