<?xml version="1.0" encoding="UTF-8"?>
<!-- Generated by org.testng.reporters.JUnitXMLReporter -->
<testsuite ignored="5" hostname="DESKTOP-L3BED2A" failures="0" tests="1" name="link" time="27.073" errors="0" timestamp="2020-12-21T14:04:59 ICT">
  <testcase classname="testcase.Link" name="testLink" time="19.289"/>
  <testcase classname="testcase.Link" name="testLinkMaiAm" time="0.0">
    <ignored/>
  </testcase> <!-- testLinkMaiAm -->
  <testcase classname="testcase.Link" name="testLinkBachhoaXanh" time="0.0">
    <ignored/>
  </testcase> <!-- testLinkBachhoaXanh -->
  <testcase classname="testcase.Link" name="testLinkfb" time="0.0">
    <ignored/>
  </testcase> <!-- testLinkfb -->
  <testcase classname="testcase.Link" name="testLinkYoutube" time="0.0">
    <ignored/>
  </testcase> <!-- testLinkYoutube -->
  <testcase classname="testcase.Link" name="testLinkTgdd" time="0.0">
    <ignored/>
  </testcase> <!-- testLinkTgdd -->
</testsuite> <!-- link -->
