<?xml version="1.0" encoding="UTF-8"?>
<!-- Generated by org.testng.reporters.JUnitXMLReporter -->
<testsuite ignored="12" hostname="DESKTOP-L3BED2A" failures="0" tests="1" name="login" time="7.506" errors="0" timestamp="2020-12-15T19:20:16 ICT">
  <testcase classname="testcase.LogIn" name="testPhoneNumberWithSpecialCharacters" time="1.762"/>
  <testcase classname="testcase.LogIn" name="testDoNotEnterOTP" time="0.0">
    <ignored/>
  </testcase> <!-- testDoNotEnterOTP -->
  <testcase classname="testcase.LogIn" name="testNoticeOfResendingOTP" time="0.0">
    <ignored/>
  </testcase> <!-- testNoticeOfResendingOTP -->
  <testcase classname="testcase.LogIn" name="testEnterSpace" time="0.0">
    <ignored/>
  </testcase> <!-- testEnterSpace -->
  <testcase classname="testcase.LogIn" name="testWrongOTP" time="0.0">
    <ignored/>
  </testcase> <!-- testWrongOTP -->
  <testcase classname="testcase.LogIn" name="testDoNotEnterEnoughOTP" time="0.0">
    <ignored/>
  </testcase> <!-- testDoNotEnterEnoughOTP -->
  <testcase classname="testcase.LogIn" name="testWrongPhoneNumber" time="0.0">
    <ignored/>
  </testcase> <!-- testWrongPhoneNumber -->
  <testcase classname="testcase.LogIn" name="testTitle" time="0.0">
    <ignored/>
  </testcase> <!-- testTitle -->
  <testcase classname="testcase.LogIn" name="testPhoneNumbersWithLetters" time="0.0">
    <ignored/>
  </testcase> <!-- testPhoneNumbersWithLetters -->
  <testcase classname="testcase.LogIn" name="testOTPEntersSpace" time="0.0">
    <ignored/>
  </testcase> <!-- testOTPEntersSpace -->
  <testcase classname="testcase.LogIn" name="testOTPHasSpecialCharacters" time="0.0">
    <ignored/>
  </testcase> <!-- testOTPHasSpecialCharacters -->
  <testcase classname="testcase.LogIn" name="testOTPHasLetters" time="0.0">
    <ignored/>
  </testcase> <!-- testOTPHasLetters -->
  <testcase classname="testcase.LogIn" name="testDoNotEnterPhoneNumber" time="0.0">
    <ignored/>
  </testcase> <!-- testDoNotEnterPhoneNumber -->
</testsuite> <!-- login -->
