<?xml version="1.0" encoding="UTF-8"?>
<!-- Generated by org.testng.reporters.JUnitXMLReporter -->
<testsuite ignored="0" hostname="DESKTOP-L3BED2A" failures="0" tests="4" name="login" time="75.774" errors="0" timestamp="2020-12-21T13:34:30 ICT">
  <testcase classname="testcase.LogIn" name="testLoginWithWrongFormatPhoneNumber" time="7.149"/>
  <testcase classname="testcase.LogIn" name="testLoginWithWrongOTP" time="11.065"/>
  <testcase classname="testcase.LogIn" name="testNoticeOfResendingOTP" time="36.035"/>
  <testcase classname="testcase.LogIn" name="testTitle" time="0.862"/>
</testsuite> <!-- login -->
