<?xml version="1.0" encoding="UTF-8"?>
<!-- Generated by org.testng.reporters.JUnitXMLReporter -->
<testsuite ignored="0" hostname="SS4EVA-0805" failures="0" tests="10" name="viewlistproduct" time="0.297" errors="0" timestamp="2020-12-07T13:51:35 ICT">
  <testcase classname="Link" name="@BeforeTest launchBrowser" time="0.221">
    <failure type="java.lang.IllegalStateException" message="The path to the driver executable must be set by the webdriver.chrome.driver system property; for more information, see https://github.com/SeleniumHQ/selenium/wiki/ChromeDriver. The latest version can be downloaded from http://chromedriver.storage.googleapis.com/index.html">
      <![CDATA[java.lang.IllegalStateException: The path to the driver executable must be set by the webdriver.chrome.driver system property; for more information, see https://github.com/SeleniumHQ/selenium/wiki/ChromeDriver. The latest version can be downloaded from http://chromedriver.storage.googleapis.com/index.html
at com.google.common.base.Preconditions.checkState(Preconditions.java:847)
at org.openqa.selenium.remote.service.DriverService.findExecutable(DriverService.java:134)
at org.openqa.selenium.chrome.ChromeDriverService.access$000(ChromeDriverService.java:35)
at org.openqa.selenium.chrome.ChromeDriverService$Builder.findDefaultExecutable(ChromeDriverService.java:159)
at org.openqa.selenium.remote.service.DriverService$Builder.build(DriverService.java:355)
at org.openqa.selenium.chrome.ChromeDriverService.createDefaultService(ChromeDriverService.java:94)
at org.openqa.selenium.chrome.ChromeDriver.<init>(ChromeDriver.java:123)
at Link.launchBrowser(Link.java:24)
... Removed 24 stack frames]]>
    </failure>
  </testcase> <!-- @BeforeTest launchBrowser -->
  <testcase classname="AbstractBOT" name="@BeforeMethod BeforeMethod" time="-1.607323895343E9">
    <skipped/>
  </testcase> <!-- @BeforeMethod BeforeMethod -->
  <testcase classname="AbstractBOT" name="@AfterMethod closeBrowser" time="-1.607323895349E9">
    <skipped/>
  </testcase> <!-- @AfterMethod closeBrowser -->
  <testcase classname="AbstractBOT" name="@BeforeMethod BeforeMethod" time="-1.607323895352E9">
    <skipped/>
  </testcase> <!-- @BeforeMethod BeforeMethod -->
  <testcase classname="AbstractBOT" name="@AfterMethod closeBrowser" time="-1.607323895357E9">
    <skipped/>
  </testcase> <!-- @AfterMethod closeBrowser -->
  <testcase classname="AbstractBOT" name="@BeforeMethod BeforeMethod" time="-1.607323895358E9">
    <skipped/>
  </testcase> <!-- @BeforeMethod BeforeMethod -->
  <testcase classname="AbstractBOT" name="@AfterMethod closeBrowser" time="-1.607323895362E9">
    <skipped/>
  </testcase> <!-- @AfterMethod closeBrowser -->
  <testcase classname="AbstractBOT" name="@BeforeMethod BeforeMethod" time="-1.607323895363E9">
    <skipped/>
  </testcase> <!-- @BeforeMethod BeforeMethod -->
  <testcase classname="AbstractBOT" name="@AfterMethod closeBrowser" time="-1.607323895367E9">
    <skipped/>
  </testcase> <!-- @AfterMethod closeBrowser -->
  <testcase classname="AbstractBOT" name="@BeforeMethod BeforeMethod" time="-1.607323895368E9">
    <skipped/>
  </testcase> <!-- @BeforeMethod BeforeMethod -->
  <testcase classname="AbstractBOT" name="@AfterMethod closeBrowser" time="-1.607323895372E9">
    <skipped/>
  </testcase> <!-- @AfterMethod closeBrowser -->
  <testcase classname="Link" name="@AfterTest terminateBrowser" time="-1.607323895386E9">
    <skipped/>
  </testcase> <!-- @AfterTest terminateBrowser -->
  <testcase classname="ViewListProducts" name="ShowAllProduct" time="0.0">
    <skipped/>
  </testcase> <!-- ShowAllProduct -->
  <testcase classname="ViewListProducts" name="ShowAllProductOfBrand" time="0.0">
    <skipped/>
  </testcase> <!-- ShowAllProductOfBrand -->
  <testcase classname="ViewListProducts" name="testViewWithSortPriceDescending" time="0.0">
    <skipped/>
  </testcase> <!-- testViewWithSortPriceDescending -->
  <testcase classname="ViewListProducts" name="testViewWithSortPriceAscending" time="0.0">
    <skipped/>
  </testcase> <!-- testViewWithSortPriceAscending -->
  <testcase classname="ViewListProducts" name="testQuantity" time="0.0">
    <skipped/>
  </testcase> <!-- testQuantity -->
  <testcase classname="Link" name="LinkFacebook" time="0.0">
    <skipped/>
  </testcase> <!-- LinkFacebook -->
  <testcase classname="Link" name="LinkYoutube" time="0.0">
    <skipped/>
  </testcase> <!-- LinkYoutube -->
  <testcase classname="Link" name="LinkMaiAm" time="0.0">
    <skipped/>
  </testcase> <!-- LinkMaiAm -->
  <testcase classname="Link" name="LinkTgdd" time="0.0">
    <skipped/>
  </testcase> <!-- LinkTgdd -->
  <testcase classname="Link" name="LinkBachhoaXanh" time="0.0">
    <skipped/>
  </testcase> <!-- LinkBachhoaXanh -->
</testsuite> <!-- viewlistproduct -->
