<?xml version="1.0" encoding="UTF-8"?>
<!-- Generated by org.testng.reporters.JUnitXMLReporter -->
<testsuite ignored="0" hostname="SS4EVA-0805" failures="2" tests="2" name="play" time="0.931" errors="0" timestamp="2021-01-14T13:16:37 ICT">
  <testcase classname="ViewListProducts" name="ViewList_ShowAll" time="0.009">
    <failure type="java.lang.NullPointerException">
      <![CDATA[java.lang.NullPointerException
at java.base/java.util.Objects.requireNonNull(Objects.java:208)
at org.openqa.selenium.support.ui.FluentWait.<init>(FluentWait.java:106)
at org.openqa.selenium.support.ui.WebDriverWait.<init>(WebDriverWait.java:85)
at org.openqa.selenium.support.ui.WebDriverWait.<init>(WebDriverWait.java:45)
at POM.ViewListProductsPage.waitForElementClickable(ViewListProductsPage.java:29)
at POM.ViewListProductsPage.showAllProduct(ViewListProductsPage.java:15)
at ViewListProducts.ViewList_ShowAll(ViewListProducts.java:38)
at java.base/java.util.ArrayList.forEach(ArrayList.java:1511)
... Removed 27 stack frames]]>
    </failure>
  </testcase> <!-- ViewList_ShowAll -->
  <testcase classname="ViewListProducts" name="ViewList_ShowAllProductOfBrand" time="0.001">
    <failure type="java.lang.NullPointerException">
      <![CDATA[java.lang.NullPointerException
at java.base/java.util.Objects.requireNonNull(Objects.java:208)
at org.openqa.selenium.support.ui.FluentWait.<init>(FluentWait.java:106)
at org.openqa.selenium.support.ui.WebDriverWait.<init>(WebDriverWait.java:85)
at org.openqa.selenium.support.ui.WebDriverWait.<init>(WebDriverWait.java:45)
at POM.ViewListProductsPage.waitForElementClickable(ViewListProductsPage.java:29)
at POM.ViewListProductsPage.showAllProduct(ViewListProductsPage.java:15)
at POM.ViewListProductsPage.viewListProducts(ViewListProductsPage.java:22)
at ViewListProducts.ViewList_ShowAllProductOfBrand(ViewListProducts.java:63)
at java.base/java.util.ArrayList.forEach(ArrayList.java:1511)
... Removed 27 stack frames]]>
    </failure>
  </testcase> <!-- ViewList_ShowAllProductOfBrand -->
</testsuite> <!-- play -->
