<?xml version="1.0" encoding="UTF-8"?>
<testng-results ignored="0" total="8" passed="7" failed="1" skipped="0">
  <reporter-output>
  </reporter-output>
  <suite started-at="2020-12-15T10:55:48 ICT" name="Suite" finished-at="2020-12-15T10:58:21 ICT" duration-ms="152740">
    <groups>
      <group name="viewByName">
        <method signature="ViewProductThroughList.testSuccessViewProductByList()[pri:0, instance:TestCases.ViewProductThroughList@82ea68c]" name="testSuccessViewProductByList" class="TestCases.ViewProductThroughList"/>
      </group> <!-- viewByName -->
      <group name="chooseRecivePlaceSuccess">
        <method signature="ChooseReceivedPlace.testSuccessWithOnlyProvince()[pri:2, instance:TestCases.ChooseReceivedPlace@71e693fa]" name="testSuccessWithOnlyProvince" class="TestCases.ChooseReceivedPlace"/>
      </group> <!-- chooseRecivePlaceSuccess -->
      <group name="successUpdateReceivePlace">
        <method signature="ChooseReceivedPlace.testSuccessUpdateByClickOnButonChange()[pri:6, instance:TestCases.ChooseReceivedPlace@71e693fa]" name="testSuccessUpdateByClickOnButonChange" class="TestCases.ChooseReceivedPlace"/>
        <method signature="ChooseReceivedPlace.testSuccessUpdateByClickOnDropBoxProvince()[pri:7, instance:TestCases.ChooseReceivedPlace@71e693fa]" name="testSuccessUpdateByClickOnDropBoxProvince" class="TestCases.ChooseReceivedPlace"/>
        <method signature="ChooseReceivedPlace.testSuccessUpdateWithOnlyProvinceSubmitBefor()[pri:5, instance:TestCases.ChooseReceivedPlace@71e693fa]" name="testSuccessUpdateWithOnlyProvinceSubmitBefor" class="TestCases.ChooseReceivedPlace"/>
      </group> <!-- successUpdateReceivePlace -->
      <group name="chooseReceivePlaceSuccess">
        <method signature="ChooseReceivedPlace.testMainSFWithFullInfor()[pri:1, instance:TestCases.ChooseReceivedPlace@71e693fa]" name="testMainSFWithFullInfor" class="TestCases.ChooseReceivedPlace"/>
        <method signature="ChooseReceivedPlace.testSuccessWithoutFillTextboxAddress()[pri:3, instance:TestCases.ChooseReceivedPlace@71e693fa]" name="testSuccessWithoutFillTextboxAddress" class="TestCases.ChooseReceivedPlace"/>
      </group> <!-- chooseReceivePlaceSuccess -->
      <group name="chooseReceivePlaceFail">
        <method signature="ChooseReceivedPlace.testFailWithoutChooseWard()[pri:4, instance:TestCases.ChooseReceivedPlace@71e693fa]" name="testFailWithoutChooseWard" class="TestCases.ChooseReceivedPlace"/>
      </group> <!-- chooseReceivePlaceFail -->
    </groups>
    <test started-at="2020-12-15T10:55:48 ICT" name="choosereceived" finished-at="2020-12-15T10:57:58 ICT" duration-ms="129326">
      <class name="TestCases.ChooseReceivedPlace">
        <test-method is-config="true" signature="accessWebsite(java.lang.String, java.lang.String, java.lang.String)[pri:0, instance:TestCases.ChooseReceivedPlace@71e693fa]" started-at="2020-12-15T10:55:48 ICT" name="accessWebsite" finished-at="2020-12-15T10:55:58 ICT" duration-ms="9709" status="PASS">
          <params>
            <param index="0">
              <value>
                <![CDATA[https://www.dienmayxanh.com/]]>
              </value>
            </param>
            <param index="1">
              <value>
                <![CDATA[ChooseReceivedPlace]]>
              </value>
            </param>
            <param index="2">
              <value>
                <![CDATA[Test Case]]>
              </value>
            </param>
          </params>
          <reporter-output>
          </reporter-output>
        </test-method> <!-- accessWebsite -->
        <test-method is-config="true" signature="beforeMethod()[pri:0, instance:TestCases.ChooseReceivedPlace@71e693fa]" started-at="2020-12-15T10:55:58 ICT" name="beforeMethod" finished-at="2020-12-15T10:55:58 ICT" duration-ms="149" status="PASS">
          <reporter-output>
          </reporter-output>
        </test-method> <!-- beforeMethod -->
        <test-method signature="testMainSFWithFullInfor()[pri:1, instance:TestCases.ChooseReceivedPlace@71e693fa]" started-at="2020-12-15T10:55:58 ICT" name="testMainSFWithFullInfor" finished-at="2020-12-15T10:56:04 ICT" duration-ms="5294" status="PASS">
          <reporter-output>
          </reporter-output>
        </test-method> <!-- testMainSFWithFullInfor -->
        <test-method is-config="true" signature="closeBrowser()[pri:0, instance:TestCases.ChooseReceivedPlace@71e693fa]" started-at="2020-12-15T10:56:04 ICT" name="closeBrowser" finished-at="2020-12-15T10:56:05 ICT" duration-ms="505" status="PASS">
          <reporter-output>
          </reporter-output>
        </test-method> <!-- closeBrowser -->
        <test-method is-config="true" signature="accessWebsite(java.lang.String, java.lang.String, java.lang.String)[pri:0, instance:TestCases.ChooseReceivedPlace@71e693fa]" started-at="2020-12-15T10:56:05 ICT" name="accessWebsite" finished-at="2020-12-15T10:56:14 ICT" duration-ms="9717" status="PASS">
          <params>
            <param index="0">
              <value>
                <![CDATA[https://www.dienmayxanh.com/]]>
              </value>
            </param>
            <param index="1">
              <value>
                <![CDATA[ChooseReceivedPlace]]>
              </value>
            </param>
            <param index="2">
              <value>
                <![CDATA[Test Case]]>
              </value>
            </param>
          </params>
          <reporter-output>
          </reporter-output>
        </test-method> <!-- accessWebsite -->
        <test-method is-config="true" signature="beforeMethod()[pri:0, instance:TestCases.ChooseReceivedPlace@71e693fa]" started-at="2020-12-15T10:56:14 ICT" name="beforeMethod" finished-at="2020-12-15T10:56:14 ICT" duration-ms="126" status="PASS">
          <reporter-output>
          </reporter-output>
        </test-method> <!-- beforeMethod -->
        <test-method signature="testSuccessWithOnlyProvince()[pri:2, instance:TestCases.ChooseReceivedPlace@71e693fa]" started-at="2020-12-15T10:56:14 ICT" name="testSuccessWithOnlyProvince" finished-at="2020-12-15T10:56:17 ICT" duration-ms="2666" status="PASS">
          <reporter-output>
          </reporter-output>
        </test-method> <!-- testSuccessWithOnlyProvince -->
        <test-method is-config="true" signature="closeBrowser()[pri:0, instance:TestCases.ChooseReceivedPlace@71e693fa]" started-at="2020-12-15T10:56:17 ICT" name="closeBrowser" finished-at="2020-12-15T10:56:17 ICT" duration-ms="215" status="PASS">
          <reporter-output>
          </reporter-output>
        </test-method> <!-- closeBrowser -->
        <test-method is-config="true" signature="accessWebsite(java.lang.String, java.lang.String, java.lang.String)[pri:0, instance:TestCases.ChooseReceivedPlace@71e693fa]" started-at="2020-12-15T10:56:17 ICT" name="accessWebsite" finished-at="2020-12-15T10:56:26 ICT" duration-ms="8547" status="PASS">
          <params>
            <param index="0">
              <value>
                <![CDATA[https://www.dienmayxanh.com/]]>
              </value>
            </param>
            <param index="1">
              <value>
                <![CDATA[ChooseReceivedPlace]]>
              </value>
            </param>
            <param index="2">
              <value>
                <![CDATA[Test Case]]>
              </value>
            </param>
          </params>
          <reporter-output>
          </reporter-output>
        </test-method> <!-- accessWebsite -->
        <test-method is-config="true" signature="beforeMethod()[pri:0, instance:TestCases.ChooseReceivedPlace@71e693fa]" started-at="2020-12-15T10:56:26 ICT" name="beforeMethod" finished-at="2020-12-15T10:56:26 ICT" duration-ms="142" status="PASS">
          <reporter-output>
          </reporter-output>
        </test-method> <!-- beforeMethod -->
        <test-method signature="testSuccessWithoutFillTextboxAddress()[pri:3, instance:TestCases.ChooseReceivedPlace@71e693fa]" started-at="2020-12-15T10:56:26 ICT" name="testSuccessWithoutFillTextboxAddress" finished-at="2020-12-15T10:56:30 ICT" duration-ms="4084" status="FAIL">
          <exception class="java.lang.AssertionError">
            <message>
              <![CDATA[expected [Phường 15, Quận Bình Thạnh, Hồ Chí Minh] but found [TP. Hồ Chí Minh]]]>
            </message>
            <full-stacktrace>
              <![CDATA[java.lang.AssertionError: expected [Phường 15, Quận Bình Thạnh, Hồ Chí Minh] but found [TP. Hồ Chí Minh]
at org.testng.Assert.fail(Assert.java:99)
at org.testng.Assert.failNotEquals(Assert.java:1037)
at org.testng.Assert.assertEqualsImpl(Assert.java:140)
at org.testng.Assert.assertEquals(Assert.java:122)
at org.testng.Assert.assertEquals(Assert.java:629)
at org.testng.Assert.assertEquals(Assert.java:639)
at TestCases.ChooseReceivedPlace.testSuccessWithoutFillTextboxAddress(ChooseReceivedPlace.java:107)
at java.base/jdk.internal.reflect.NativeMethodAccessorImpl.invoke0(Native Method)
at java.base/jdk.internal.reflect.NativeMethodAccessorImpl.invoke(NativeMethodAccessorImpl.java:62)
at java.base/jdk.internal.reflect.DelegatingMethodAccessorImpl.invoke(DelegatingMethodAccessorImpl.java:43)
at java.base/java.lang.reflect.Method.invoke(Method.java:564)
at org.testng.internal.MethodInvocationHelper.invokeMethod(MethodInvocationHelper.java:132)
at org.testng.internal.TestInvoker.invokeMethod(TestInvoker.java:599)
at org.testng.internal.TestInvoker.invokeTestMethod(TestInvoker.java:174)
at org.testng.internal.MethodRunner.runInSequence(MethodRunner.java:46)
at org.testng.internal.TestInvoker$MethodInvocationAgent.invoke(TestInvoker.java:822)
at org.testng.internal.TestInvoker.invokeTestMethods(TestInvoker.java:147)
at org.testng.internal.TestMethodWorker.invokeTestMethods(TestMethodWorker.java:146)
at org.testng.internal.TestMethodWorker.run(TestMethodWorker.java:128)
at java.base/java.util.ArrayList.forEach(ArrayList.java:1511)
at org.testng.TestRunner.privateRun(TestRunner.java:764)
at org.testng.TestRunner.run(TestRunner.java:585)
at org.testng.SuiteRunner.runTest(SuiteRunner.java:384)
at org.testng.SuiteRunner.runSequentially(SuiteRunner.java:378)
at org.testng.SuiteRunner.privateRun(SuiteRunner.java:337)
at org.testng.SuiteRunner.run(SuiteRunner.java:286)
at org.testng.SuiteRunnerWorker.runSuite(SuiteRunnerWorker.java:53)
at org.testng.SuiteRunnerWorker.run(SuiteRunnerWorker.java:96)
at org.testng.TestNG.runSuitesSequentially(TestNG.java:1218)
at org.testng.TestNG.runSuitesLocally(TestNG.java:1140)
at org.testng.TestNG.runSuites(TestNG.java:1069)
at org.testng.TestNG.run(TestNG.java:1037)
at org.testng.remote.AbstractRemoteTestNG.run(AbstractRemoteTestNG.java:115)
at org.testng.remote.RemoteTestNG.initAndRun(RemoteTestNG.java:251)
at org.testng.remote.RemoteTestNG.main(RemoteTestNG.java:77)
]]>
            </full-stacktrace>
          </exception> <!-- java.lang.AssertionError -->
          <reporter-output>
          </reporter-output>
        </test-method> <!-- testSuccessWithoutFillTextboxAddress -->
        <test-method is-config="true" signature="closeBrowser()[pri:0, instance:TestCases.ChooseReceivedPlace@71e693fa]" started-at="2020-12-15T10:56:31 ICT" name="closeBrowser" finished-at="2020-12-15T10:56:31 ICT" duration-ms="176" status="PASS">
          <reporter-output>
          </reporter-output>
        </test-method> <!-- closeBrowser -->
        <test-method is-config="true" signature="accessWebsite(java.lang.String, java.lang.String, java.lang.String)[pri:0, instance:TestCases.ChooseReceivedPlace@71e693fa]" started-at="2020-12-15T10:56:31 ICT" name="accessWebsite" finished-at="2020-12-15T10:56:40 ICT" duration-ms="8621" status="PASS">
          <params>
            <param index="0">
              <value>
                <![CDATA[https://www.dienmayxanh.com/]]>
              </value>
            </param>
            <param index="1">
              <value>
                <![CDATA[ChooseReceivedPlace]]>
              </value>
            </param>
            <param index="2">
              <value>
                <![CDATA[Test Case]]>
              </value>
            </param>
          </params>
          <reporter-output>
          </reporter-output>
        </test-method> <!-- accessWebsite -->
        <test-method is-config="true" signature="beforeMethod()[pri:0, instance:TestCases.ChooseReceivedPlace@71e693fa]" started-at="2020-12-15T10:56:40 ICT" name="beforeMethod" finished-at="2020-12-15T10:56:40 ICT" duration-ms="112" status="PASS">
          <reporter-output>
          </reporter-output>
        </test-method> <!-- beforeMethod -->
        <test-method signature="testFailWithoutChooseWard()[pri:4, instance:TestCases.ChooseReceivedPlace@71e693fa]" started-at="2020-12-15T10:56:40 ICT" name="testFailWithoutChooseWard" finished-at="2020-12-15T10:56:45 ICT" duration-ms="4503" status="PASS">
          <reporter-output>
          </reporter-output>
        </test-method> <!-- testFailWithoutChooseWard -->
        <test-method is-config="true" signature="closeBrowser()[pri:0, instance:TestCases.ChooseReceivedPlace@71e693fa]" started-at="2020-12-15T10:56:45 ICT" name="closeBrowser" finished-at="2020-12-15T10:56:45 ICT" duration-ms="173" status="PASS">
          <reporter-output>
          </reporter-output>
        </test-method> <!-- closeBrowser -->
        <test-method is-config="true" signature="accessWebsite(java.lang.String, java.lang.String, java.lang.String)[pri:0, instance:TestCases.ChooseReceivedPlace@71e693fa]" started-at="2020-12-15T10:56:45 ICT" name="accessWebsite" finished-at="2020-12-15T10:56:55 ICT" duration-ms="9946" status="PASS">
          <params>
            <param index="0">
              <value>
                <![CDATA[https://www.dienmayxanh.com/]]>
              </value>
            </param>
            <param index="1">
              <value>
                <![CDATA[ChooseReceivedPlace]]>
              </value>
            </param>
            <param index="2">
              <value>
                <![CDATA[Test Case]]>
              </value>
            </param>
          </params>
          <reporter-output>
          </reporter-output>
        </test-method> <!-- accessWebsite -->
        <test-method is-config="true" signature="beforeMethod()[pri:0, instance:TestCases.ChooseReceivedPlace@71e693fa]" started-at="2020-12-15T10:56:55 ICT" name="beforeMethod" finished-at="2020-12-15T10:56:55 ICT" duration-ms="140" status="PASS">
          <reporter-output>
          </reporter-output>
        </test-method> <!-- beforeMethod -->
        <test-method signature="testSuccessUpdateWithOnlyProvinceSubmitBefor()[pri:5, instance:TestCases.ChooseReceivedPlace@71e693fa]" started-at="2020-12-15T10:56:55 ICT" name="testSuccessUpdateWithOnlyProvinceSubmitBefor" finished-at="2020-12-15T10:57:02 ICT" duration-ms="7114" status="PASS">
          <reporter-output>
          </reporter-output>
        </test-method> <!-- testSuccessUpdateWithOnlyProvinceSubmitBefor -->
        <test-method is-config="true" signature="closeBrowser()[pri:0, instance:TestCases.ChooseReceivedPlace@71e693fa]" started-at="2020-12-15T10:57:02 ICT" name="closeBrowser" finished-at="2020-12-15T10:57:02 ICT" duration-ms="139" status="PASS">
          <reporter-output>
          </reporter-output>
        </test-method> <!-- closeBrowser -->
        <test-method is-config="true" signature="accessWebsite(java.lang.String, java.lang.String, java.lang.String)[pri:0, instance:TestCases.ChooseReceivedPlace@71e693fa]" started-at="2020-12-15T10:57:02 ICT" name="accessWebsite" finished-at="2020-12-15T10:57:14 ICT" duration-ms="11475" status="PASS">
          <params>
            <param index="0">
              <value>
                <![CDATA[https://www.dienmayxanh.com/]]>
              </value>
            </param>
            <param index="1">
              <value>
                <![CDATA[ChooseReceivedPlace]]>
              </value>
            </param>
            <param index="2">
              <value>
                <![CDATA[Test Case]]>
              </value>
            </param>
          </params>
          <reporter-output>
          </reporter-output>
        </test-method> <!-- accessWebsite -->
        <test-method is-config="true" signature="beforeMethod()[pri:0, instance:TestCases.ChooseReceivedPlace@71e693fa]" started-at="2020-12-15T10:57:14 ICT" name="beforeMethod" finished-at="2020-12-15T10:57:14 ICT" duration-ms="140" status="PASS">
          <reporter-output>
          </reporter-output>
        </test-method> <!-- beforeMethod -->
        <test-method signature="testSuccessUpdateByClickOnButonChange()[pri:6, instance:TestCases.ChooseReceivedPlace@71e693fa]" started-at="2020-12-15T10:57:14 ICT" name="testSuccessUpdateByClickOnButonChange" finished-at="2020-12-15T10:57:23 ICT" duration-ms="9180" status="PASS">
          <reporter-output>
          </reporter-output>
        </test-method> <!-- testSuccessUpdateByClickOnButonChange -->
        <test-method is-config="true" signature="closeBrowser()[pri:0, instance:TestCases.ChooseReceivedPlace@71e693fa]" started-at="2020-12-15T10:57:23 ICT" name="closeBrowser" finished-at="2020-12-15T10:57:23 ICT" duration-ms="192" status="PASS">
          <reporter-output>
          </reporter-output>
        </test-method> <!-- closeBrowser -->
        <test-method is-config="true" signature="accessWebsite(java.lang.String, java.lang.String, java.lang.String)[pri:0, instance:TestCases.ChooseReceivedPlace@71e693fa]" started-at="2020-12-15T10:57:23 ICT" name="accessWebsite" finished-at="2020-12-15T10:57:36 ICT" duration-ms="12302" status="PASS">
          <params>
            <param index="0">
              <value>
                <![CDATA[https://www.dienmayxanh.com/]]>
              </value>
            </param>
            <param index="1">
              <value>
                <![CDATA[ChooseReceivedPlace]]>
              </value>
            </param>
            <param index="2">
              <value>
                <![CDATA[Test Case]]>
              </value>
            </param>
          </params>
          <reporter-output>
          </reporter-output>
        </test-method> <!-- accessWebsite -->
        <test-method is-config="true" signature="beforeMethod()[pri:0, instance:TestCases.ChooseReceivedPlace@71e693fa]" started-at="2020-12-15T10:57:36 ICT" name="beforeMethod" finished-at="2020-12-15T10:57:36 ICT" duration-ms="200" status="PASS">
          <reporter-output>
          </reporter-output>
        </test-method> <!-- beforeMethod -->
        <test-method signature="testSuccessUpdateByClickOnDropBoxProvince()[pri:7, instance:TestCases.ChooseReceivedPlace@71e693fa]" started-at="2020-12-15T10:57:36 ICT" name="testSuccessUpdateByClickOnDropBoxProvince" finished-at="2020-12-15T10:57:57 ICT" duration-ms="21257" status="PASS">
          <reporter-output>
          </reporter-output>
        </test-method> <!-- testSuccessUpdateByClickOnDropBoxProvince -->
        <test-method is-config="true" signature="closeBrowser()[pri:0, instance:TestCases.ChooseReceivedPlace@71e693fa]" started-at="2020-12-15T10:57:57 ICT" name="closeBrowser" finished-at="2020-12-15T10:57:58 ICT" duration-ms="162" status="PASS">
          <reporter-output>
          </reporter-output>
        </test-method> <!-- closeBrowser -->
        <test-method is-config="true" signature="saveAndCloseExcel()[pri:0, instance:TestCases.ChooseReceivedPlace@71e693fa]" started-at="2020-12-15T10:57:58 ICT" name="saveAndCloseExcel" finished-at="2020-12-15T10:57:58 ICT" duration-ms="91" status="PASS">
          <reporter-output>
          </reporter-output>
        </test-method> <!-- saveAndCloseExcel -->
      </class> <!-- TestCases.ChooseReceivedPlace -->
    </test> <!-- choosereceived -->
    <test started-at="2020-12-15T10:57:58 ICT" name="viewproduct" finished-at="2020-12-15T10:58:21 ICT" duration-ms="23375">
      <class name="TestCases.ViewProductThroughList">
        <test-method is-config="true" signature="accessWebsite(java.lang.String, java.lang.String, java.lang.String)[pri:0, instance:TestCases.ViewProductThroughList@82ea68c]" started-at="2020-12-15T10:57:58 ICT" name="accessWebsite" finished-at="2020-12-15T10:58:09 ICT" duration-ms="11155" status="PASS">
          <params>
            <param index="0">
              <value>
                <![CDATA[https://www.dienmayxanh.com/]]>
              </value>
            </param>
            <param index="1">
              <value>
                <![CDATA[ViewProductByListProduct]]>
              </value>
            </param>
            <param index="2">
              <value>
                <![CDATA[Test Case]]>
              </value>
            </param>
          </params>
          <reporter-output>
          </reporter-output>
        </test-method> <!-- accessWebsite -->
        <test-method signature="testSuccessViewProductByList()[pri:0, instance:TestCases.ViewProductThroughList@82ea68c]" started-at="2020-12-15T10:58:09 ICT" name="testSuccessViewProductByList" finished-at="2020-12-15T10:58:21 ICT" duration-ms="11878" status="PASS">
          <reporter-output>
          </reporter-output>
        </test-method> <!-- testSuccessViewProductByList -->
        <test-method is-config="true" signature="closeBrowser()[pri:0, instance:TestCases.ViewProductThroughList@82ea68c]" started-at="2020-12-15T10:58:21 ICT" name="closeBrowser" finished-at="2020-12-15T10:58:21 ICT" duration-ms="125" status="PASS">
          <reporter-output>
          </reporter-output>
        </test-method> <!-- closeBrowser -->
        <test-method is-config="true" signature="saveAndCloseExcel()[pri:0, instance:TestCases.ViewProductThroughList@82ea68c]" started-at="2020-12-15T10:58:21 ICT" name="saveAndCloseExcel" finished-at="2020-12-15T10:58:21 ICT" duration-ms="83" status="PASS">
          <reporter-output>
          </reporter-output>
        </test-method> <!-- saveAndCloseExcel -->
      </class> <!-- TestCases.ViewProductThroughList -->
    </test> <!-- viewproduct -->
  </suite> <!-- Suite -->
</testng-results>
