<?xml version="1.0" encoding="UTF-8"?>
<testng-results ignored="0" total="8" passed="8" failed="0" skipped="0">
  <reporter-output>
  </reporter-output>
  <suite started-at="2020-12-20T13:12:02 ICT" name="Suite" finished-at="2020-12-20T13:13:56 ICT" duration-ms="114387">
    <groups>
      <group name="viewByName">
        <method signature="ViewProductThroughList.testSuccessViewProductByList()[pri:0, instance:TestCases.ViewProductThroughList@59e505b2]" name="testSuccessViewProductByList" class="TestCases.ViewProductThroughList"/>
      </group> <!-- viewByName -->
      <group name="chooseRecivePlaceSuccess">
        <method signature="ChooseReceivedPlace.testSuccessWithOnlyProvince()[pri:2, instance:TestCases.ChooseReceivedPlace@48793bef]" name="testSuccessWithOnlyProvince" class="TestCases.ChooseReceivedPlace"/>
      </group> <!-- chooseRecivePlaceSuccess -->
      <group name="successUpdateReceivePlace">
        <method signature="ChooseReceivedPlace.testSuccessUpdateByClickOnButonChange()[pri:6, instance:TestCases.ChooseReceivedPlace@48793bef]" name="testSuccessUpdateByClickOnButonChange" class="TestCases.ChooseReceivedPlace"/>
        <method signature="ChooseReceivedPlace.testSuccessUpdateByClickOnDropBoxProvince()[pri:7, instance:TestCases.ChooseReceivedPlace@48793bef]" name="testSuccessUpdateByClickOnDropBoxProvince" class="TestCases.ChooseReceivedPlace"/>
        <method signature="ChooseReceivedPlace.testSuccessUpdateWithOnlyProvinceSubmitBefor()[pri:5, instance:TestCases.ChooseReceivedPlace@48793bef]" name="testSuccessUpdateWithOnlyProvinceSubmitBefor" class="TestCases.ChooseReceivedPlace"/>
      </group> <!-- successUpdateReceivePlace -->
      <group name="chooseReceivePlaceSuccess">
        <method signature="ChooseReceivedPlace.testMainSFWithFullInfor()[pri:1, instance:TestCases.ChooseReceivedPlace@48793bef]" name="testMainSFWithFullInfor" class="TestCases.ChooseReceivedPlace"/>
        <method signature="ChooseReceivedPlace.testSuccessWithoutFillTextboxAddress()[pri:3, instance:TestCases.ChooseReceivedPlace@48793bef]" name="testSuccessWithoutFillTextboxAddress" class="TestCases.ChooseReceivedPlace"/>
      </group> <!-- chooseReceivePlaceSuccess -->
      <group name="chooseReceivePlaceFail">
        <method signature="ChooseReceivedPlace.testFailWithoutChooseWard()[pri:4, instance:TestCases.ChooseReceivedPlace@48793bef]" name="testFailWithoutChooseWard" class="TestCases.ChooseReceivedPlace"/>
      </group> <!-- chooseReceivePlaceFail -->
    </groups>
    <test started-at="2020-12-20T13:12:02 ICT" name="choosereceived" finished-at="2020-12-20T13:13:42 ICT" duration-ms="100237">
      <class name="TestCases.ChooseReceivedPlace">
        <test-method is-config="true" signature="defineSheetExcel(java.lang.String)[pri:0, instance:TestCases.ChooseReceivedPlace@48793bef]" started-at="2020-12-20T13:12:02 ICT" name="defineSheetExcel" finished-at="2020-12-20T13:12:02 ICT" duration-ms="673" status="PASS">
          <params>
            <param index="0">
              <value>
                <![CDATA[ChooseReceivedPlace]]>
              </value>
            </param>
          </params>
          <reporter-output>
          </reporter-output>
        </test-method> <!-- defineSheetExcel -->
        <test-method is-config="true" signature="accessWebsite(java.lang.String)[pri:0, instance:TestCases.ChooseReceivedPlace@48793bef]" started-at="2020-12-20T13:12:02 ICT" name="accessWebsite" finished-at="2020-12-20T13:12:10 ICT" duration-ms="7242" status="PASS">
          <params>
            <param index="0">
              <value>
                <![CDATA[https://www.dienmayxanh.com/]]>
              </value>
            </param>
          </params>
          <reporter-output>
          </reporter-output>
        </test-method> <!-- accessWebsite -->
        <test-method is-config="true" signature="beforeMethod()[pri:0, instance:TestCases.ChooseReceivedPlace@48793bef]" started-at="2020-12-20T13:12:10 ICT" name="beforeMethod" finished-at="2020-12-20T13:12:10 ICT" duration-ms="192" status="PASS">
          <reporter-output>
          </reporter-output>
        </test-method> <!-- beforeMethod -->
        <test-method signature="testMainSFWithFullInfor()[pri:1, instance:TestCases.ChooseReceivedPlace@48793bef]" started-at="2020-12-20T13:12:10 ICT" name="testMainSFWithFullInfor" finished-at="2020-12-20T13:12:15 ICT" duration-ms="4945" status="PASS">
          <reporter-output>
          </reporter-output>
        </test-method> <!-- testMainSFWithFullInfor -->
        <test-method is-config="true" signature="closeBrowser()[pri:0, instance:TestCases.ChooseReceivedPlace@48793bef]" started-at="2020-12-20T13:12:15 ICT" name="closeBrowser" finished-at="2020-12-20T13:12:15 ICT" duration-ms="443" status="PASS">
          <reporter-output>
          </reporter-output>
        </test-method> <!-- closeBrowser -->
        <test-method is-config="true" signature="accessWebsite(java.lang.String)[pri:0, instance:TestCases.ChooseReceivedPlace@48793bef]" started-at="2020-12-20T13:12:15 ICT" name="accessWebsite" finished-at="2020-12-20T13:12:22 ICT" duration-ms="6407" status="PASS">
          <params>
            <param index="0">
              <value>
                <![CDATA[https://www.dienmayxanh.com/]]>
              </value>
            </param>
          </params>
          <reporter-output>
          </reporter-output>
        </test-method> <!-- accessWebsite -->
        <test-method is-config="true" signature="beforeMethod()[pri:0, instance:TestCases.ChooseReceivedPlace@48793bef]" started-at="2020-12-20T13:12:22 ICT" name="beforeMethod" finished-at="2020-12-20T13:12:22 ICT" duration-ms="145" status="PASS">
          <reporter-output>
          </reporter-output>
        </test-method> <!-- beforeMethod -->
        <test-method signature="testSuccessWithOnlyProvince()[pri:2, instance:TestCases.ChooseReceivedPlace@48793bef]" started-at="2020-12-20T13:12:22 ICT" name="testSuccessWithOnlyProvince" finished-at="2020-12-20T13:12:26 ICT" duration-ms="4368" status="PASS">
          <reporter-output>
          </reporter-output>
        </test-method> <!-- testSuccessWithOnlyProvince -->
        <test-method is-config="true" signature="closeBrowser()[pri:0, instance:TestCases.ChooseReceivedPlace@48793bef]" started-at="2020-12-20T13:12:26 ICT" name="closeBrowser" finished-at="2020-12-20T13:12:26 ICT" duration-ms="144" status="PASS">
          <reporter-output>
          </reporter-output>
        </test-method> <!-- closeBrowser -->
        <test-method is-config="true" signature="accessWebsite(java.lang.String)[pri:0, instance:TestCases.ChooseReceivedPlace@48793bef]" started-at="2020-12-20T13:12:26 ICT" name="accessWebsite" finished-at="2020-12-20T13:12:33 ICT" duration-ms="6486" status="PASS">
          <params>
            <param index="0">
              <value>
                <![CDATA[https://www.dienmayxanh.com/]]>
              </value>
            </param>
          </params>
          <reporter-output>
          </reporter-output>
        </test-method> <!-- accessWebsite -->
        <test-method is-config="true" signature="beforeMethod()[pri:0, instance:TestCases.ChooseReceivedPlace@48793bef]" started-at="2020-12-20T13:12:33 ICT" name="beforeMethod" finished-at="2020-12-20T13:12:33 ICT" duration-ms="146" status="PASS">
          <reporter-output>
          </reporter-output>
        </test-method> <!-- beforeMethod -->
        <test-method signature="testSuccessWithoutFillTextboxAddress()[pri:3, instance:TestCases.ChooseReceivedPlace@48793bef]" started-at="2020-12-20T13:12:33 ICT" name="testSuccessWithoutFillTextboxAddress" finished-at="2020-12-20T13:12:41 ICT" duration-ms="8083" status="PASS">
          <reporter-output>
          </reporter-output>
        </test-method> <!-- testSuccessWithoutFillTextboxAddress -->
        <test-method is-config="true" signature="closeBrowser()[pri:0, instance:TestCases.ChooseReceivedPlace@48793bef]" started-at="2020-12-20T13:12:41 ICT" name="closeBrowser" finished-at="2020-12-20T13:12:41 ICT" duration-ms="112" status="PASS">
          <reporter-output>
          </reporter-output>
        </test-method> <!-- closeBrowser -->
        <test-method is-config="true" signature="accessWebsite(java.lang.String)[pri:0, instance:TestCases.ChooseReceivedPlace@48793bef]" started-at="2020-12-20T13:12:41 ICT" name="accessWebsite" finished-at="2020-12-20T13:12:48 ICT" duration-ms="6633" status="PASS">
          <params>
            <param index="0">
              <value>
                <![CDATA[https://www.dienmayxanh.com/]]>
              </value>
            </param>
          </params>
          <reporter-output>
          </reporter-output>
        </test-method> <!-- accessWebsite -->
        <test-method is-config="true" signature="beforeMethod()[pri:0, instance:TestCases.ChooseReceivedPlace@48793bef]" started-at="2020-12-20T13:12:48 ICT" name="beforeMethod" finished-at="2020-12-20T13:12:48 ICT" duration-ms="100" status="PASS">
          <reporter-output>
          </reporter-output>
        </test-method> <!-- beforeMethod -->
        <test-method signature="testFailWithoutChooseWard()[pri:4, instance:TestCases.ChooseReceivedPlace@48793bef]" started-at="2020-12-20T13:12:48 ICT" name="testFailWithoutChooseWard" finished-at="2020-12-20T13:12:53 ICT" duration-ms="5005" status="PASS">
          <reporter-output>
          </reporter-output>
        </test-method> <!-- testFailWithoutChooseWard -->
        <test-method is-config="true" signature="closeBrowser()[pri:0, instance:TestCases.ChooseReceivedPlace@48793bef]" started-at="2020-12-20T13:12:53 ICT" name="closeBrowser" finished-at="2020-12-20T13:12:53 ICT" duration-ms="260" status="PASS">
          <reporter-output>
          </reporter-output>
        </test-method> <!-- closeBrowser -->
        <test-method is-config="true" signature="accessWebsite(java.lang.String)[pri:0, instance:TestCases.ChooseReceivedPlace@48793bef]" started-at="2020-12-20T13:12:53 ICT" name="accessWebsite" finished-at="2020-12-20T13:12:59 ICT" duration-ms="6267" status="PASS">
          <params>
            <param index="0">
              <value>
                <![CDATA[https://www.dienmayxanh.com/]]>
              </value>
            </param>
          </params>
          <reporter-output>
          </reporter-output>
        </test-method> <!-- accessWebsite -->
        <test-method is-config="true" signature="beforeMethod()[pri:0, instance:TestCases.ChooseReceivedPlace@48793bef]" started-at="2020-12-20T13:12:59 ICT" name="beforeMethod" finished-at="2020-12-20T13:13:00 ICT" duration-ms="143" status="PASS">
          <reporter-output>
          </reporter-output>
        </test-method> <!-- beforeMethod -->
        <test-method signature="testSuccessUpdateWithOnlyProvinceSubmitBefor()[pri:5, instance:TestCases.ChooseReceivedPlace@48793bef]" started-at="2020-12-20T13:13:00 ICT" name="testSuccessUpdateWithOnlyProvinceSubmitBefor" finished-at="2020-12-20T13:13:07 ICT" duration-ms="7257" status="PASS">
          <reporter-output>
          </reporter-output>
        </test-method> <!-- testSuccessUpdateWithOnlyProvinceSubmitBefor -->
        <test-method is-config="true" signature="closeBrowser()[pri:0, instance:TestCases.ChooseReceivedPlace@48793bef]" started-at="2020-12-20T13:13:07 ICT" name="closeBrowser" finished-at="2020-12-20T13:13:07 ICT" duration-ms="150" status="PASS">
          <reporter-output>
          </reporter-output>
        </test-method> <!-- closeBrowser -->
        <test-method is-config="true" signature="accessWebsite(java.lang.String)[pri:0, instance:TestCases.ChooseReceivedPlace@48793bef]" started-at="2020-12-20T13:13:07 ICT" name="accessWebsite" finished-at="2020-12-20T13:13:13 ICT" duration-ms="6033" status="PASS">
          <params>
            <param index="0">
              <value>
                <![CDATA[https://www.dienmayxanh.com/]]>
              </value>
            </param>
          </params>
          <reporter-output>
          </reporter-output>
        </test-method> <!-- accessWebsite -->
        <test-method is-config="true" signature="beforeMethod()[pri:0, instance:TestCases.ChooseReceivedPlace@48793bef]" started-at="2020-12-20T13:13:13 ICT" name="beforeMethod" finished-at="2020-12-20T13:13:13 ICT" duration-ms="109" status="PASS">
          <reporter-output>
          </reporter-output>
        </test-method> <!-- beforeMethod -->
        <test-method signature="testSuccessUpdateByClickOnButonChange()[pri:6, instance:TestCases.ChooseReceivedPlace@48793bef]" started-at="2020-12-20T13:13:13 ICT" name="testSuccessUpdateByClickOnButonChange" finished-at="2020-12-20T13:13:23 ICT" duration-ms="10061" status="PASS">
          <reporter-output>
          </reporter-output>
        </test-method> <!-- testSuccessUpdateByClickOnButonChange -->
        <test-method is-config="true" signature="closeBrowser()[pri:0, instance:TestCases.ChooseReceivedPlace@48793bef]" started-at="2020-12-20T13:13:23 ICT" name="closeBrowser" finished-at="2020-12-20T13:13:23 ICT" duration-ms="158" status="PASS">
          <reporter-output>
          </reporter-output>
        </test-method> <!-- closeBrowser -->
        <test-method is-config="true" signature="accessWebsite(java.lang.String)[pri:0, instance:TestCases.ChooseReceivedPlace@48793bef]" started-at="2020-12-20T13:13:23 ICT" name="accessWebsite" finished-at="2020-12-20T13:13:30 ICT" duration-ms="6489" status="PASS">
          <params>
            <param index="0">
              <value>
                <![CDATA[https://www.dienmayxanh.com/]]>
              </value>
            </param>
          </params>
          <reporter-output>
          </reporter-output>
        </test-method> <!-- accessWebsite -->
        <test-method is-config="true" signature="beforeMethod()[pri:0, instance:TestCases.ChooseReceivedPlace@48793bef]" started-at="2020-12-20T13:13:30 ICT" name="beforeMethod" finished-at="2020-12-20T13:13:30 ICT" duration-ms="105" status="PASS">
          <reporter-output>
          </reporter-output>
        </test-method> <!-- beforeMethod -->
        <test-method signature="testSuccessUpdateByClickOnDropBoxProvince()[pri:7, instance:TestCases.ChooseReceivedPlace@48793bef]" started-at="2020-12-20T13:13:30 ICT" name="testSuccessUpdateByClickOnDropBoxProvince" finished-at="2020-12-20T13:13:42 ICT" duration-ms="11776" status="PASS">
          <reporter-output>
          </reporter-output>
        </test-method> <!-- testSuccessUpdateByClickOnDropBoxProvince -->
        <test-method is-config="true" signature="closeBrowser()[pri:0, instance:TestCases.ChooseReceivedPlace@48793bef]" started-at="2020-12-20T13:13:42 ICT" name="closeBrowser" finished-at="2020-12-20T13:13:42 ICT" duration-ms="185" status="PASS">
          <reporter-output>
          </reporter-output>
        </test-method> <!-- closeBrowser -->
        <test-method is-config="true" signature="saveAndCloseExcel()[pri:0, instance:TestCases.ChooseReceivedPlace@48793bef]" started-at="2020-12-20T13:13:42 ICT" name="saveAndCloseExcel" finished-at="2020-12-20T13:13:42 ICT" duration-ms="64" status="PASS">
          <reporter-output>
          </reporter-output>
        </test-method> <!-- saveAndCloseExcel -->
      </class> <!-- TestCases.ChooseReceivedPlace -->
    </test> <!-- choosereceived -->
    <test started-at="2020-12-20T13:13:42 ICT" name="viewproduct" finished-at="2020-12-20T13:13:56 ICT" duration-ms="14090">
      <class name="TestCases.ViewProductThroughList">
        <test-method is-config="true" signature="defineSheetExcel(java.lang.String)[pri:0, instance:TestCases.ViewProductThroughList@59e505b2]" started-at="2020-12-20T13:13:42 ICT" name="defineSheetExcel" finished-at="2020-12-20T13:13:42 ICT" duration-ms="91" status="PASS">
          <params>
            <param index="0">
              <value>
                <![CDATA[ViewProductThroughList]]>
              </value>
            </param>
          </params>
          <reporter-output>
          </reporter-output>
        </test-method> <!-- defineSheetExcel -->
        <test-method is-config="true" signature="accessWebsite(java.lang.String)[pri:0, instance:TestCases.ViewProductThroughList@59e505b2]" started-at="2020-12-20T13:13:42 ICT" name="accessWebsite" finished-at="2020-12-20T13:13:49 ICT" duration-ms="6536" status="PASS">
          <params>
            <param index="0">
              <value>
                <![CDATA[https://www.dienmayxanh.com/]]>
              </value>
            </param>
          </params>
          <reporter-output>
          </reporter-output>
        </test-method> <!-- accessWebsite -->
        <test-method signature="testSuccessViewProductByList()[pri:0, instance:TestCases.ViewProductThroughList@59e505b2]" started-at="2020-12-20T13:13:49 ICT" name="testSuccessViewProductByList" finished-at="2020-12-20T13:13:56 ICT" duration-ms="7238" status="PASS">
          <reporter-output>
          </reporter-output>
        </test-method> <!-- testSuccessViewProductByList -->
        <test-method is-config="true" signature="closeBrowser()[pri:0, instance:TestCases.ViewProductThroughList@59e505b2]" started-at="2020-12-20T13:13:56 ICT" name="closeBrowser" finished-at="2020-12-20T13:13:56 ICT" duration-ms="175" status="PASS">
          <reporter-output>
          </reporter-output>
        </test-method> <!-- closeBrowser -->
        <test-method is-config="true" signature="saveAndCloseExcel()[pri:0, instance:TestCases.ViewProductThroughList@59e505b2]" started-at="2020-12-20T13:13:56 ICT" name="saveAndCloseExcel" finished-at="2020-12-20T13:13:56 ICT" duration-ms="47" status="PASS">
          <reporter-output>
          </reporter-output>
        </test-method> <!-- saveAndCloseExcel -->
      </class> <!-- TestCases.ViewProductThroughList -->
    </test> <!-- viewproduct -->
  </suite> <!-- Suite -->
</testng-results>
