<?xml version="1.0" encoding="UTF-8"?>
<testng-results ignored="0" total="1" passed="1" failed="0" skipped="0">
  <reporter-output>
  </reporter-output>
  <suite started-at="2021-01-16T02:23:58 ICT" name="testing" finished-at="2021-01-16T02:25:14 ICT" duration-ms="76360">
    <groups>
    </groups>
    <test started-at="2021-01-16T02:23:58 ICT" name="test contact" finished-at="2021-01-16T02:25:14 ICT" duration-ms="76360">
      <class name="com.dienmayxanh.test.Contact">
        <test-method is-config="true" signature="setExcelBeforeTest(java.lang.String)[pri:0, instance:com.dienmayxanh.test.Contact@571c5681]" started-at="2021-01-16T02:23:58 ICT" name="setExcelBeforeTest" finished-at="2021-01-16T02:23:58 ICT" duration-ms="506" status="PASS">
          <params>
            <param index="0">
              <value>
                <![CDATA[Contact]]>
              </value>
            </param>
          </params>
          <reporter-output>
          </reporter-output>
        </test-method> <!-- setExcelBeforeTest -->
        <test-method is-config="true" signature="accessWebsite(java.lang.String)[pri:0, instance:com.dienmayxanh.test.Contact@571c5681]" started-at="2021-01-16T02:23:58 ICT" name="accessWebsite" finished-at="2021-01-16T02:24:05 ICT" duration-ms="6231" status="PASS">
          <params>
            <param index="0">
              <value>
                <![CDATA[https://www.dienmayxanh.com/]]>
              </value>
            </param>
          </params>
          <reporter-output>
          </reporter-output>
        </test-method> <!-- accessWebsite -->
        <test-method signature="testContact(java.lang.String)[pri:1, instance:com.dienmayxanh.test.Contact@571c5681]" started-at="2021-01-16T02:24:05 ICT" name="testContact" finished-at="2021-01-16T02:25:14 ICT" duration-ms="69314" status="PASS">
          <params>
            <param index="0">
              <value>
                <![CDATA[https://www.dienmayxanh.com/]]>
              </value>
            </param>
          </params>
          <reporter-output>
          </reporter-output>
        </test-method> <!-- testContact -->
        <test-method is-config="true" signature="closeBrowser()[pri:0, instance:com.dienmayxanh.test.Contact@571c5681]" started-at="2021-01-16T02:25:14 ICT" name="closeBrowser" finished-at="2021-01-16T02:25:14 ICT" duration-ms="225" status="PASS">
          <reporter-output>
          </reporter-output>
        </test-method> <!-- closeBrowser -->
        <test-method is-config="true" signature="saveAndCloseExcel()[pri:0, instance:com.dienmayxanh.test.Contact@571c5681]" started-at="2021-01-16T02:25:14 ICT" name="saveAndCloseExcel" finished-at="2021-01-16T02:25:14 ICT" duration-ms="62" status="PASS">
          <reporter-output>
          </reporter-output>
        </test-method> <!-- saveAndCloseExcel -->
      </class> <!-- com.dienmayxanh.test.Contact -->
    </test> <!-- test contact -->
  </suite> <!-- testing -->
</testng-results>
