<?xml version="1.0" encoding="UTF-8"?>
<testng-results ignored="0" total="7" passed="7" failed="0" skipped="0">
  <reporter-output>
  </reporter-output>
  <suite started-at="2021-01-16T01:08:31 ICT" name="testing" finished-at="2021-01-16T01:10:17 ICT" duration-ms="106525">
    <groups>
      <group name="chooseRecivePlaceSuccess">
        <method signature="ChooseReceivedPlace.testSuccessWithOnlyProvince()[pri:2, instance:com.dienmayxanh.test.ChooseReceivedPlace@7fbdb894]" name="testSuccessWithOnlyProvince" class="com.dienmayxanh.test.ChooseReceivedPlace"/>
      </group> <!-- chooseRecivePlaceSuccess -->
      <group name="successUpdateReceivePlace">
        <method signature="ChooseReceivedPlace.testSuccessUpdateByClickOnButonChange()[pri:6, instance:com.dienmayxanh.test.ChooseReceivedPlace@7fbdb894]" name="testSuccessUpdateByClickOnButonChange" class="com.dienmayxanh.test.ChooseReceivedPlace"/>
        <method signature="ChooseReceivedPlace.testSuccessUpdateByClickOnDropBoxProvince()[pri:7, instance:com.dienmayxanh.test.ChooseReceivedPlace@7fbdb894]" name="testSuccessUpdateByClickOnDropBoxProvince" class="com.dienmayxanh.test.ChooseReceivedPlace"/>
        <method signature="ChooseReceivedPlace.testSuccessUpdateWithOnlyProvinceSubmitBefor()[pri:5, instance:com.dienmayxanh.test.ChooseReceivedPlace@7fbdb894]" name="testSuccessUpdateWithOnlyProvinceSubmitBefor" class="com.dienmayxanh.test.ChooseReceivedPlace"/>
      </group> <!-- successUpdateReceivePlace -->
      <group name="chooseReceivePlaceSuccess">
        <method signature="ChooseReceivedPlace.testMainSFWithFullInfor()[pri:1, instance:com.dienmayxanh.test.ChooseReceivedPlace@7fbdb894]" name="testMainSFWithFullInfor" class="com.dienmayxanh.test.ChooseReceivedPlace"/>
        <method signature="ChooseReceivedPlace.testSuccessWithoutFillTextboxAddress()[pri:3, instance:com.dienmayxanh.test.ChooseReceivedPlace@7fbdb894]" name="testSuccessWithoutFillTextboxAddress" class="com.dienmayxanh.test.ChooseReceivedPlace"/>
      </group> <!-- chooseReceivePlaceSuccess -->
      <group name="chooseReceivePlaceFail">
        <method signature="ChooseReceivedPlace.testFailWithoutChooseWard()[pri:4, instance:com.dienmayxanh.test.ChooseReceivedPlace@7fbdb894]" name="testFailWithoutChooseWard" class="com.dienmayxanh.test.ChooseReceivedPlace"/>
      </group> <!-- chooseReceivePlaceFail -->
    </groups>
    <test started-at="2021-01-16T01:08:31 ICT" name="test choose received place" finished-at="2021-01-16T01:10:17 ICT" duration-ms="106525">
      <class name="com.dienmayxanh.test.ChooseReceivedPlace">
        <test-method is-config="true" signature="setExcelBeforeTest(java.lang.String)[pri:0, instance:com.dienmayxanh.test.ChooseReceivedPlace@7fbdb894]" started-at="2021-01-16T01:08:31 ICT" name="setExcelBeforeTest" finished-at="2021-01-16T01:08:31 ICT" duration-ms="445" status="PASS">
          <params>
            <param index="0">
              <value>
                <![CDATA[ChooseReceivedPlace]]>
              </value>
            </param>
          </params>
          <reporter-output>
          </reporter-output>
        </test-method> <!-- setExcelBeforeTest -->
        <test-method is-config="true" signature="accessWebsite(java.lang.String)[pri:0, instance:com.dienmayxanh.test.ChooseReceivedPlace@7fbdb894]" started-at="2021-01-16T01:08:31 ICT" name="accessWebsite" finished-at="2021-01-16T01:08:38 ICT" duration-ms="6632" status="PASS">
          <params>
            <param index="0">
              <value>
                <![CDATA[https://www.dienmayxanh.com/]]>
              </value>
            </param>
          </params>
          <reporter-output>
          </reporter-output>
        </test-method> <!-- accessWebsite -->
        <test-method signature="testMainSFWithFullInfor()[pri:1, instance:com.dienmayxanh.test.ChooseReceivedPlace@7fbdb894]" started-at="2021-01-16T01:08:38 ICT" name="testMainSFWithFullInfor" finished-at="2021-01-16T01:08:43 ICT" duration-ms="5346" status="PASS">
          <reporter-output>
          </reporter-output>
        </test-method> <!-- testMainSFWithFullInfor -->
        <test-method is-config="true" signature="closeBrowser()[pri:0, instance:com.dienmayxanh.test.ChooseReceivedPlace@7fbdb894]" started-at="2021-01-16T01:08:43 ICT" name="closeBrowser" finished-at="2021-01-16T01:08:44 ICT" duration-ms="179" status="PASS">
          <reporter-output>
          </reporter-output>
        </test-method> <!-- closeBrowser -->
        <test-method is-config="true" signature="accessWebsite(java.lang.String)[pri:0, instance:com.dienmayxanh.test.ChooseReceivedPlace@7fbdb894]" started-at="2021-01-16T01:08:44 ICT" name="accessWebsite" finished-at="2021-01-16T01:08:50 ICT" duration-ms="6060" status="PASS">
          <params>
            <param index="0">
              <value>
                <![CDATA[https://www.dienmayxanh.com/]]>
              </value>
            </param>
          </params>
          <reporter-output>
          </reporter-output>
        </test-method> <!-- accessWebsite -->
        <test-method signature="testSuccessWithOnlyProvince()[pri:2, instance:com.dienmayxanh.test.ChooseReceivedPlace@7fbdb894]" started-at="2021-01-16T01:08:50 ICT" name="testSuccessWithOnlyProvince" finished-at="2021-01-16T01:08:55 ICT" duration-ms="5203" status="PASS">
          <reporter-output>
          </reporter-output>
        </test-method> <!-- testSuccessWithOnlyProvince -->
        <test-method is-config="true" signature="closeBrowser()[pri:0, instance:com.dienmayxanh.test.ChooseReceivedPlace@7fbdb894]" started-at="2021-01-16T01:08:55 ICT" name="closeBrowser" finished-at="2021-01-16T01:08:55 ICT" duration-ms="75" status="PASS">
          <reporter-output>
          </reporter-output>
        </test-method> <!-- closeBrowser -->
        <test-method is-config="true" signature="accessWebsite(java.lang.String)[pri:0, instance:com.dienmayxanh.test.ChooseReceivedPlace@7fbdb894]" started-at="2021-01-16T01:08:55 ICT" name="accessWebsite" finished-at="2021-01-16T01:09:01 ICT" duration-ms="6066" status="PASS">
          <params>
            <param index="0">
              <value>
                <![CDATA[https://www.dienmayxanh.com/]]>
              </value>
            </param>
          </params>
          <reporter-output>
          </reporter-output>
        </test-method> <!-- accessWebsite -->
        <test-method signature="testSuccessWithoutFillTextboxAddress()[pri:3, instance:com.dienmayxanh.test.ChooseReceivedPlace@7fbdb894]" started-at="2021-01-16T01:09:01 ICT" name="testSuccessWithoutFillTextboxAddress" finished-at="2021-01-16T01:09:08 ICT" duration-ms="6849" status="PASS">
          <reporter-output>
          </reporter-output>
        </test-method> <!-- testSuccessWithoutFillTextboxAddress -->
        <test-method is-config="true" signature="closeBrowser()[pri:0, instance:com.dienmayxanh.test.ChooseReceivedPlace@7fbdb894]" started-at="2021-01-16T01:09:08 ICT" name="closeBrowser" finished-at="2021-01-16T01:09:08 ICT" duration-ms="60" status="PASS">
          <reporter-output>
          </reporter-output>
        </test-method> <!-- closeBrowser -->
        <test-method is-config="true" signature="accessWebsite(java.lang.String)[pri:0, instance:com.dienmayxanh.test.ChooseReceivedPlace@7fbdb894]" started-at="2021-01-16T01:09:08 ICT" name="accessWebsite" finished-at="2021-01-16T01:09:14 ICT" duration-ms="5914" status="PASS">
          <params>
            <param index="0">
              <value>
                <![CDATA[https://www.dienmayxanh.com/]]>
              </value>
            </param>
          </params>
          <reporter-output>
          </reporter-output>
        </test-method> <!-- accessWebsite -->
        <test-method signature="testFailWithoutChooseWard()[pri:4, instance:com.dienmayxanh.test.ChooseReceivedPlace@7fbdb894]" started-at="2021-01-16T01:09:14 ICT" name="testFailWithoutChooseWard" finished-at="2021-01-16T01:09:18 ICT" duration-ms="4663" status="PASS">
          <reporter-output>
          </reporter-output>
        </test-method> <!-- testFailWithoutChooseWard -->
        <test-method is-config="true" signature="closeBrowser()[pri:0, instance:com.dienmayxanh.test.ChooseReceivedPlace@7fbdb894]" started-at="2021-01-16T01:09:18 ICT" name="closeBrowser" finished-at="2021-01-16T01:09:18 ICT" duration-ms="57" status="PASS">
          <reporter-output>
          </reporter-output>
        </test-method> <!-- closeBrowser -->
        <test-method is-config="true" signature="accessWebsite(java.lang.String)[pri:0, instance:com.dienmayxanh.test.ChooseReceivedPlace@7fbdb894]" started-at="2021-01-16T01:09:18 ICT" name="accessWebsite" finished-at="2021-01-16T01:09:25 ICT" duration-ms="6224" status="PASS">
          <params>
            <param index="0">
              <value>
                <![CDATA[https://www.dienmayxanh.com/]]>
              </value>
            </param>
          </params>
          <reporter-output>
          </reporter-output>
        </test-method> <!-- accessWebsite -->
        <test-method signature="testSuccessUpdateWithOnlyProvinceSubmitBefor()[pri:5, instance:com.dienmayxanh.test.ChooseReceivedPlace@7fbdb894]" started-at="2021-01-16T01:09:25 ICT" name="testSuccessUpdateWithOnlyProvinceSubmitBefor" finished-at="2021-01-16T01:09:32 ICT" duration-ms="7644" status="PASS">
          <reporter-output>
          </reporter-output>
        </test-method> <!-- testSuccessUpdateWithOnlyProvinceSubmitBefor -->
        <test-method is-config="true" signature="closeBrowser()[pri:0, instance:com.dienmayxanh.test.ChooseReceivedPlace@7fbdb894]" started-at="2021-01-16T01:09:32 ICT" name="closeBrowser" finished-at="2021-01-16T01:09:32 ICT" duration-ms="55" status="PASS">
          <reporter-output>
          </reporter-output>
        </test-method> <!-- closeBrowser -->
        <test-method is-config="true" signature="accessWebsite(java.lang.String)[pri:0, instance:com.dienmayxanh.test.ChooseReceivedPlace@7fbdb894]" started-at="2021-01-16T01:09:32 ICT" name="accessWebsite" finished-at="2021-01-16T01:09:39 ICT" duration-ms="6660" status="PASS">
          <params>
            <param index="0">
              <value>
                <![CDATA[https://www.dienmayxanh.com/]]>
              </value>
            </param>
          </params>
          <reporter-output>
          </reporter-output>
        </test-method> <!-- accessWebsite -->
        <test-method signature="testSuccessUpdateByClickOnButonChange()[pri:6, instance:com.dienmayxanh.test.ChooseReceivedPlace@7fbdb894]" started-at="2021-01-16T01:09:39 ICT" name="testSuccessUpdateByClickOnButonChange" finished-at="2021-01-16T01:09:48 ICT" duration-ms="8604" status="PASS">
          <reporter-output>
          </reporter-output>
        </test-method> <!-- testSuccessUpdateByClickOnButonChange -->
        <test-method is-config="true" signature="closeBrowser()[pri:0, instance:com.dienmayxanh.test.ChooseReceivedPlace@7fbdb894]" started-at="2021-01-16T01:09:48 ICT" name="closeBrowser" finished-at="2021-01-16T01:09:48 ICT" duration-ms="54" status="PASS">
          <reporter-output>
          </reporter-output>
        </test-method> <!-- closeBrowser -->
        <test-method is-config="true" signature="accessWebsite(java.lang.String)[pri:0, instance:com.dienmayxanh.test.ChooseReceivedPlace@7fbdb894]" started-at="2021-01-16T01:09:48 ICT" name="accessWebsite" finished-at="2021-01-16T01:09:54 ICT" duration-ms="5851" status="PASS">
          <params>
            <param index="0">
              <value>
                <![CDATA[https://www.dienmayxanh.com/]]>
              </value>
            </param>
          </params>
          <reporter-output>
          </reporter-output>
        </test-method> <!-- accessWebsite -->
        <test-method signature="testSuccessUpdateByClickOnDropBoxProvince()[pri:7, instance:com.dienmayxanh.test.ChooseReceivedPlace@7fbdb894]" started-at="2021-01-16T01:09:54 ICT" name="testSuccessUpdateByClickOnDropBoxProvince" finished-at="2021-01-16T01:10:17 ICT" duration-ms="23771" status="PASS">
          <reporter-output>
          </reporter-output>
        </test-method> <!-- testSuccessUpdateByClickOnDropBoxProvince -->
        <test-method is-config="true" signature="closeBrowser()[pri:0, instance:com.dienmayxanh.test.ChooseReceivedPlace@7fbdb894]" started-at="2021-01-16T01:10:17 ICT" name="closeBrowser" finished-at="2021-01-16T01:10:17 ICT" duration-ms="60" status="PASS">
          <reporter-output>
          </reporter-output>
        </test-method> <!-- closeBrowser -->
        <test-method is-config="true" signature="saveAndCloseExcel()[pri:0, instance:com.dienmayxanh.test.ChooseReceivedPlace@7fbdb894]" started-at="2021-01-16T01:10:17 ICT" name="saveAndCloseExcel" finished-at="2021-01-16T01:10:17 ICT" duration-ms="26" status="PASS">
          <reporter-output>
          </reporter-output>
        </test-method> <!-- saveAndCloseExcel -->
      </class> <!-- com.dienmayxanh.test.ChooseReceivedPlace -->
    </test> <!-- test choose received place -->
  </suite> <!-- testing -->
</testng-results>
