<?xml version="1.0" encoding="UTF-8"?>
<testng-results ignored="0" total="1" passed="1" failed="0" skipped="0">
  <reporter-output>
  </reporter-output>
  <suite started-at="2020-12-21T15:29:40 ICT" name="Demo" finished-at="2020-12-21T15:33:36 ICT" duration-ms="236039">
    <groups>
    </groups>
    <test started-at="2020-12-21T15:29:40 ICT" name="play" finished-at="2020-12-21T15:33:36 ICT" duration-ms="236039">
      <class name="Contact">
        <test-method is-config="true" signature="setExcelFile(java.lang.String)[pri:0, instance:Contact@2b6faea6]" started-at="2020-12-21T15:29:40 ICT" name="setExcelFile" finished-at="2020-12-21T15:29:41 ICT" duration-ms="792" status="PASS">
          <params>
            <param index="0">
              <value>
                <![CDATA[Contact]]>
              </value>
            </param>
          </params>
          <reporter-output>
          </reporter-output>
        </test-method> <!-- setExcelFile -->
        <test-method is-config="true" signature="accessWebsite(java.lang.String)[pri:0, instance:Contact@2b6faea6]" started-at="2020-12-21T15:29:41 ICT" name="accessWebsite" finished-at="2020-12-21T15:29:41 ICT" duration-ms="1" status="PASS">
          <params>
            <param index="0">
              <value>
                <![CDATA[https://www.dienmayxanh.com/]]>
              </value>
            </param>
          </params>
          <reporter-output>
          </reporter-output>
        </test-method> <!-- accessWebsite -->
        <test-method signature="testContact(java.lang.String)[pri:1, instance:Contact@2b6faea6]" started-at="2020-12-21T15:29:41 ICT" name="testContact" finished-at="2020-12-21T15:33:36 ICT" duration-ms="234756" status="PASS">
          <params>
            <param index="0">
              <value>
                <![CDATA[https://www.dienmayxanh.com/]]>
              </value>
            </param>
          </params>
          <reporter-output>
          </reporter-output>
        </test-method> <!-- testContact -->
        <test-method is-config="true" signature="closeBrowser()[pri:0, instance:Contact@2b6faea6]" started-at="2020-12-21T15:33:36 ICT" name="closeBrowser" finished-at="2020-12-21T15:33:36 ICT" duration-ms="406" status="PASS">
          <reporter-output>
          </reporter-output>
        </test-method> <!-- closeBrowser -->
        <test-method is-config="true" signature="closeAndSaveExcel()[pri:0, instance:Contact@2b6faea6]" started-at="2020-12-21T15:33:36 ICT" name="closeAndSaveExcel" finished-at="2020-12-21T15:33:36 ICT" duration-ms="50" status="PASS">
          <reporter-output>
          </reporter-output>
        </test-method> <!-- closeAndSaveExcel -->
      </class> <!-- Contact -->
    </test> <!-- play -->
  </suite> <!-- Demo -->
</testng-results>
