<?xml version="1.0" encoding="UTF-8"?>
<testng-results ignored="0" total="2" passed="2" failed="0" skipped="0">
  <reporter-output>
  </reporter-output>
  <suite started-at="2020-12-18T10:13:39 ICT" name="testing list product" finished-at="2020-12-18T10:16:12 ICT" duration-ms="153104">
    <groups>
    </groups>
    <test started-at="2020-12-18T10:13:39 ICT" name="test comment" finished-at="2020-12-18T10:16:12 ICT" duration-ms="153104">
      <class name="com.dienmayxanh.test.Comment">
        <test-method is-config="true" signature="setExcelBeforeTest(java.lang.String)[pri:0, instance:com.dienmayxanh.test.Comment@409c54f]" started-at="2020-12-18T10:13:39 ICT" name="setExcelBeforeTest" finished-at="2020-12-18T10:13:40 ICT" duration-ms="627" status="PASS">
          <params>
            <param index="0">
              <value>
                <![CDATA[Comment]]>
              </value>
            </param>
          </params>
          <reporter-output>
          </reporter-output>
        </test-method> <!-- setExcelBeforeTest -->
        <test-method is-config="true" signature="accessWebsite(java.lang.String)[pri:0, instance:com.dienmayxanh.test.Comment@409c54f]" started-at="2020-12-18T10:13:40 ICT" name="accessWebsite" finished-at="2020-12-18T10:13:40 ICT" duration-ms="0" status="PASS">
          <params>
            <param index="0">
              <value>
                <![CDATA[https://www.dienmayxanh.com/]]>
              </value>
            </param>
          </params>
          <reporter-output>
          </reporter-output>
        </test-method> <!-- accessWebsite -->
        <test-method signature="CommentUnsuccessfullyWithError(java.lang.String)[pri:1, instance:com.dienmayxanh.test.Comment@409c54f]" started-at="2020-12-18T10:13:40 ICT" name="CommentUnsuccessfullyWithError" finished-at="2020-12-18T10:14:38 ICT" duration-ms="58069" status="PASS">
          <params>
            <param index="0">
              <value>
                <![CDATA[https://www.dienmayxanh.com/]]>
              </value>
            </param>
          </params>
          <reporter-output>
          </reporter-output>
        </test-method> <!-- CommentUnsuccessfullyWithError -->
        <test-method is-config="true" signature="closeBrowser()[pri:0, instance:com.dienmayxanh.test.Comment@409c54f]" started-at="2020-12-18T10:14:38 ICT" name="closeBrowser" finished-at="2020-12-18T10:14:38 ICT" duration-ms="201" status="PASS">
          <reporter-output>
          </reporter-output>
        </test-method> <!-- closeBrowser -->
        <test-method signature="CommentUnsuccessfullyWithAlert(java.lang.String)[pri:2, instance:com.dienmayxanh.test.Comment@409c54f]" started-at="2020-12-18T10:14:38 ICT" name="CommentUnsuccessfullyWithAlert" finished-at="2020-12-18T10:16:12 ICT" duration-ms="94012" status="PASS">
          <params>
            <param index="0">
              <value>
                <![CDATA[https://www.dienmayxanh.com/]]>
              </value>
            </param>
          </params>
          <reporter-output>
          </reporter-output>
        </test-method> <!-- CommentUnsuccessfullyWithAlert -->
        <test-method is-config="true" signature="accessWebsite(java.lang.String)[pri:0, instance:com.dienmayxanh.test.Comment@409c54f]" started-at="2020-12-18T10:14:38 ICT" name="accessWebsite" finished-at="2020-12-18T10:14:38 ICT" duration-ms="0" status="PASS">
          <params>
            <param index="0">
              <value>
                <![CDATA[https://www.dienmayxanh.com/]]>
              </value>
            </param>
          </params>
          <reporter-output>
          </reporter-output>
        </test-method> <!-- accessWebsite -->
        <test-method is-config="true" signature="closeBrowser()[pri:0, instance:com.dienmayxanh.test.Comment@409c54f]" started-at="2020-12-18T10:16:12 ICT" name="closeBrowser" finished-at="2020-12-18T10:16:12 ICT" duration-ms="117" status="PASS">
          <reporter-output>
          </reporter-output>
        </test-method> <!-- closeBrowser -->
        <test-method is-config="true" signature="saveAndCloseExcel()[pri:0, instance:com.dienmayxanh.test.Comment@409c54f]" started-at="2020-12-18T10:16:12 ICT" name="saveAndCloseExcel" finished-at="2020-12-18T10:16:12 ICT" duration-ms="40" status="PASS">
          <reporter-output>
          </reporter-output>
        </test-method> <!-- saveAndCloseExcel -->
      </class> <!-- com.dienmayxanh.test.Comment -->
    </test> <!-- test comment -->
  </suite> <!-- testing list product -->
</testng-results>
