<?xml version="1.0" encoding="UTF-8"?>
<testng-results ignored="0" total="8" passed="8" failed="0" skipped="0">
  <reporter-output>
  </reporter-output>
  <suite started-at="2021-01-14T13:52:13 ICT" name="Suite" finished-at="2021-01-14T13:54:48 ICT" duration-ms="155018">
    <groups>
      <group name="viewByName">
        <method signature="ViewProductThroughList.testSuccessViewProductByList()[pri:0, instance:TestCases.ViewProductThroughList@38604b81]" name="testSuccessViewProductByList" class="TestCases.ViewProductThroughList"/>
      </group> <!-- viewByName -->
      <group name="chooseRecivePlaceSuccess">
        <method signature="ChooseReceivedPlace.testSuccessWithOnlyProvince()[pri:2, instance:TestCases.ChooseReceivedPlace@4e423aa2]" name="testSuccessWithOnlyProvince" class="TestCases.ChooseReceivedPlace"/>
      </group> <!-- chooseRecivePlaceSuccess -->
      <group name="successUpdateReceivePlace">
        <method signature="ChooseReceivedPlace.testSuccessUpdateByClickOnButonChange()[pri:6, instance:TestCases.ChooseReceivedPlace@4e423aa2]" name="testSuccessUpdateByClickOnButonChange" class="TestCases.ChooseReceivedPlace"/>
        <method signature="ChooseReceivedPlace.testSuccessUpdateByClickOnDropBoxProvince()[pri:7, instance:TestCases.ChooseReceivedPlace@4e423aa2]" name="testSuccessUpdateByClickOnDropBoxProvince" class="TestCases.ChooseReceivedPlace"/>
        <method signature="ChooseReceivedPlace.testSuccessUpdateWithOnlyProvinceSubmitBefor()[pri:5, instance:TestCases.ChooseReceivedPlace@4e423aa2]" name="testSuccessUpdateWithOnlyProvinceSubmitBefor" class="TestCases.ChooseReceivedPlace"/>
      </group> <!-- successUpdateReceivePlace -->
      <group name="chooseReceivePlaceSuccess">
        <method signature="ChooseReceivedPlace.testMainSFWithFullInfor()[pri:1, instance:TestCases.ChooseReceivedPlace@4e423aa2]" name="testMainSFWithFullInfor" class="TestCases.ChooseReceivedPlace"/>
        <method signature="ChooseReceivedPlace.testSuccessWithoutFillTextboxAddress()[pri:3, instance:TestCases.ChooseReceivedPlace@4e423aa2]" name="testSuccessWithoutFillTextboxAddress" class="TestCases.ChooseReceivedPlace"/>
      </group> <!-- chooseReceivePlaceSuccess -->
      <group name="chooseReceivePlaceFail">
        <method signature="ChooseReceivedPlace.testFailWithoutChooseWard()[pri:4, instance:TestCases.ChooseReceivedPlace@4e423aa2]" name="testFailWithoutChooseWard" class="TestCases.ChooseReceivedPlace"/>
      </group> <!-- chooseReceivePlaceFail -->
    </groups>
    <test started-at="2021-01-14T13:52:13 ICT" name="choosereceived" finished-at="2021-01-14T13:54:32 ICT" duration-ms="138506">
      <class name="TestCases.ChooseReceivedPlace">
        <test-method is-config="true" signature="defineSheetExcel(java.lang.String)[pri:0, instance:TestCases.ChooseReceivedPlace@4e423aa2]" started-at="2021-01-14T13:52:13 ICT" name="defineSheetExcel" finished-at="2021-01-14T13:52:14 ICT" duration-ms="785" status="PASS">
          <params>
            <param index="0">
              <value>
                <![CDATA[ChooseReceivedPlace]]>
              </value>
            </param>
          </params>
          <reporter-output>
          </reporter-output>
        </test-method> <!-- defineSheetExcel -->
        <test-method is-config="true" signature="accessWebsite(java.lang.String)[pri:0, instance:TestCases.ChooseReceivedPlace@4e423aa2]" started-at="2021-01-14T13:52:14 ICT" name="accessWebsite" finished-at="2021-01-14T13:52:21 ICT" duration-ms="6667" status="PASS">
          <params>
            <param index="0">
              <value>
                <![CDATA[https://www.dienmayxanh.com/]]>
              </value>
            </param>
          </params>
          <reporter-output>
          </reporter-output>
        </test-method> <!-- accessWebsite -->
        <test-method is-config="true" signature="beforeMethod()[pri:0, instance:TestCases.ChooseReceivedPlace@4e423aa2]" started-at="2021-01-14T13:52:21 ICT" name="beforeMethod" finished-at="2021-01-14T13:52:21 ICT" duration-ms="191" status="PASS">
          <reporter-output>
          </reporter-output>
        </test-method> <!-- beforeMethod -->
        <test-method signature="testMainSFWithFullInfor()[pri:1, instance:TestCases.ChooseReceivedPlace@4e423aa2]" started-at="2021-01-14T13:52:21 ICT" name="testMainSFWithFullInfor" finished-at="2021-01-14T13:52:32 ICT" duration-ms="11499" status="PASS">
          <reporter-output>
          </reporter-output>
        </test-method> <!-- testMainSFWithFullInfor -->
        <test-method is-config="true" signature="closeBrowser()[pri:0, instance:TestCases.ChooseReceivedPlace@4e423aa2]" started-at="2021-01-14T13:52:32 ICT" name="closeBrowser" finished-at="2021-01-14T13:52:33 ICT" duration-ms="495" status="PASS">
          <reporter-output>
          </reporter-output>
        </test-method> <!-- closeBrowser -->
        <test-method is-config="true" signature="accessWebsite(java.lang.String)[pri:0, instance:TestCases.ChooseReceivedPlace@4e423aa2]" started-at="2021-01-14T13:52:33 ICT" name="accessWebsite" finished-at="2021-01-14T13:52:39 ICT" duration-ms="6375" status="PASS">
          <params>
            <param index="0">
              <value>
                <![CDATA[https://www.dienmayxanh.com/]]>
              </value>
            </param>
          </params>
          <reporter-output>
          </reporter-output>
        </test-method> <!-- accessWebsite -->
        <test-method is-config="true" signature="beforeMethod()[pri:0, instance:TestCases.ChooseReceivedPlace@4e423aa2]" started-at="2021-01-14T13:52:39 ICT" name="beforeMethod" finished-at="2021-01-14T13:52:39 ICT" duration-ms="124" status="PASS">
          <reporter-output>
          </reporter-output>
        </test-method> <!-- beforeMethod -->
        <test-method signature="testSuccessWithOnlyProvince()[pri:2, instance:TestCases.ChooseReceivedPlace@4e423aa2]" started-at="2021-01-14T13:52:39 ICT" name="testSuccessWithOnlyProvince" finished-at="2021-01-14T13:52:48 ICT" duration-ms="9158" status="PASS">
          <reporter-output>
          </reporter-output>
        </test-method> <!-- testSuccessWithOnlyProvince -->
        <test-method is-config="true" signature="closeBrowser()[pri:0, instance:TestCases.ChooseReceivedPlace@4e423aa2]" started-at="2021-01-14T13:52:48 ICT" name="closeBrowser" finished-at="2021-01-14T13:52:49 ICT" duration-ms="186" status="PASS">
          <reporter-output>
          </reporter-output>
        </test-method> <!-- closeBrowser -->
        <test-method is-config="true" signature="accessWebsite(java.lang.String)[pri:0, instance:TestCases.ChooseReceivedPlace@4e423aa2]" started-at="2021-01-14T13:52:49 ICT" name="accessWebsite" finished-at="2021-01-14T13:52:55 ICT" duration-ms="6475" status="PASS">
          <params>
            <param index="0">
              <value>
                <![CDATA[https://www.dienmayxanh.com/]]>
              </value>
            </param>
          </params>
          <reporter-output>
          </reporter-output>
        </test-method> <!-- accessWebsite -->
        <test-method is-config="true" signature="beforeMethod()[pri:0, instance:TestCases.ChooseReceivedPlace@4e423aa2]" started-at="2021-01-14T13:52:55 ICT" name="beforeMethod" finished-at="2021-01-14T13:52:55 ICT" duration-ms="135" status="PASS">
          <reporter-output>
          </reporter-output>
        </test-method> <!-- beforeMethod -->
        <test-method signature="testSuccessWithoutFillTextboxAddress()[pri:3, instance:TestCases.ChooseReceivedPlace@4e423aa2]" started-at="2021-01-14T13:52:55 ICT" name="testSuccessWithoutFillTextboxAddress" finished-at="2021-01-14T13:53:06 ICT" duration-ms="11037" status="PASS">
          <reporter-output>
          </reporter-output>
        </test-method> <!-- testSuccessWithoutFillTextboxAddress -->
        <test-method is-config="true" signature="closeBrowser()[pri:0, instance:TestCases.ChooseReceivedPlace@4e423aa2]" started-at="2021-01-14T13:53:06 ICT" name="closeBrowser" finished-at="2021-01-14T13:53:06 ICT" duration-ms="155" status="PASS">
          <reporter-output>
          </reporter-output>
        </test-method> <!-- closeBrowser -->
        <test-method is-config="true" signature="accessWebsite(java.lang.String)[pri:0, instance:TestCases.ChooseReceivedPlace@4e423aa2]" started-at="2021-01-14T13:53:06 ICT" name="accessWebsite" finished-at="2021-01-14T13:53:13 ICT" duration-ms="6676" status="PASS">
          <params>
            <param index="0">
              <value>
                <![CDATA[https://www.dienmayxanh.com/]]>
              </value>
            </param>
          </params>
          <reporter-output>
          </reporter-output>
        </test-method> <!-- accessWebsite -->
        <test-method is-config="true" signature="beforeMethod()[pri:0, instance:TestCases.ChooseReceivedPlace@4e423aa2]" started-at="2021-01-14T13:53:13 ICT" name="beforeMethod" finished-at="2021-01-14T13:53:13 ICT" duration-ms="121" status="PASS">
          <reporter-output>
          </reporter-output>
        </test-method> <!-- beforeMethod -->
        <test-method signature="testFailWithoutChooseWard()[pri:4, instance:TestCases.ChooseReceivedPlace@4e423aa2]" started-at="2021-01-14T13:53:13 ICT" name="testFailWithoutChooseWard" finished-at="2021-01-14T13:53:20 ICT" duration-ms="6937" status="PASS">
          <reporter-output>
          </reporter-output>
        </test-method> <!-- testFailWithoutChooseWard -->
        <test-method is-config="true" signature="closeBrowser()[pri:0, instance:TestCases.ChooseReceivedPlace@4e423aa2]" started-at="2021-01-14T13:53:20 ICT" name="closeBrowser" finished-at="2021-01-14T13:53:20 ICT" duration-ms="198" status="PASS">
          <reporter-output>
          </reporter-output>
        </test-method> <!-- closeBrowser -->
        <test-method is-config="true" signature="accessWebsite(java.lang.String)[pri:0, instance:TestCases.ChooseReceivedPlace@4e423aa2]" started-at="2021-01-14T13:53:20 ICT" name="accessWebsite" finished-at="2021-01-14T13:53:27 ICT" duration-ms="6325" status="PASS">
          <params>
            <param index="0">
              <value>
                <![CDATA[https://www.dienmayxanh.com/]]>
              </value>
            </param>
          </params>
          <reporter-output>
          </reporter-output>
        </test-method> <!-- accessWebsite -->
        <test-method is-config="true" signature="beforeMethod()[pri:0, instance:TestCases.ChooseReceivedPlace@4e423aa2]" started-at="2021-01-14T13:53:27 ICT" name="beforeMethod" finished-at="2021-01-14T13:53:27 ICT" duration-ms="163" status="PASS">
          <reporter-output>
          </reporter-output>
        </test-method> <!-- beforeMethod -->
        <test-method signature="testSuccessUpdateWithOnlyProvinceSubmitBefor()[pri:5, instance:TestCases.ChooseReceivedPlace@4e423aa2]" started-at="2021-01-14T13:53:27 ICT" name="testSuccessUpdateWithOnlyProvinceSubmitBefor" finished-at="2021-01-14T13:53:45 ICT" duration-ms="18271" status="PASS">
          <reporter-output>
          </reporter-output>
        </test-method> <!-- testSuccessUpdateWithOnlyProvinceSubmitBefor -->
        <test-method is-config="true" signature="closeBrowser()[pri:0, instance:TestCases.ChooseReceivedPlace@4e423aa2]" started-at="2021-01-14T13:53:45 ICT" name="closeBrowser" finished-at="2021-01-14T13:53:45 ICT" duration-ms="187" status="PASS">
          <reporter-output>
          </reporter-output>
        </test-method> <!-- closeBrowser -->
        <test-method is-config="true" signature="accessWebsite(java.lang.String)[pri:0, instance:TestCases.ChooseReceivedPlace@4e423aa2]" started-at="2021-01-14T13:53:45 ICT" name="accessWebsite" finished-at="2021-01-14T13:53:52 ICT" duration-ms="6397" status="PASS">
          <params>
            <param index="0">
              <value>
                <![CDATA[https://www.dienmayxanh.com/]]>
              </value>
            </param>
          </params>
          <reporter-output>
          </reporter-output>
        </test-method> <!-- accessWebsite -->
        <test-method is-config="true" signature="beforeMethod()[pri:0, instance:TestCases.ChooseReceivedPlace@4e423aa2]" started-at="2021-01-14T13:53:52 ICT" name="beforeMethod" finished-at="2021-01-14T13:53:52 ICT" duration-ms="162" status="PASS">
          <reporter-output>
          </reporter-output>
        </test-method> <!-- beforeMethod -->
        <test-method signature="testSuccessUpdateByClickOnButonChange()[pri:6, instance:TestCases.ChooseReceivedPlace@4e423aa2]" started-at="2021-01-14T13:53:52 ICT" name="testSuccessUpdateByClickOnButonChange" finished-at="2021-01-14T13:54:05 ICT" duration-ms="13176" status="PASS">
          <reporter-output>
          </reporter-output>
        </test-method> <!-- testSuccessUpdateByClickOnButonChange -->
        <test-method is-config="true" signature="closeBrowser()[pri:0, instance:TestCases.ChooseReceivedPlace@4e423aa2]" started-at="2021-01-14T13:54:05 ICT" name="closeBrowser" finished-at="2021-01-14T13:54:05 ICT" duration-ms="167" status="PASS">
          <reporter-output>
          </reporter-output>
        </test-method> <!-- closeBrowser -->
        <test-method is-config="true" signature="accessWebsite(java.lang.String)[pri:0, instance:TestCases.ChooseReceivedPlace@4e423aa2]" started-at="2021-01-14T13:54:05 ICT" name="accessWebsite" finished-at="2021-01-14T13:54:12 ICT" duration-ms="6543" status="PASS">
          <params>
            <param index="0">
              <value>
                <![CDATA[https://www.dienmayxanh.com/]]>
              </value>
            </param>
          </params>
          <reporter-output>
          </reporter-output>
        </test-method> <!-- accessWebsite -->
        <test-method is-config="true" signature="beforeMethod()[pri:0, instance:TestCases.ChooseReceivedPlace@4e423aa2]" started-at="2021-01-14T13:54:12 ICT" name="beforeMethod" finished-at="2021-01-14T13:54:12 ICT" duration-ms="139" status="PASS">
          <reporter-output>
          </reporter-output>
        </test-method> <!-- beforeMethod -->
        <test-method signature="testSuccessUpdateByClickOnDropBoxProvince()[pri:7, instance:TestCases.ChooseReceivedPlace@4e423aa2]" started-at="2021-01-14T13:54:12 ICT" name="testSuccessUpdateByClickOnDropBoxProvince" finished-at="2021-01-14T13:54:31 ICT" duration-ms="19527" status="PASS">
          <reporter-output>
          </reporter-output>
        </test-method> <!-- testSuccessUpdateByClickOnDropBoxProvince -->
        <test-method is-config="true" signature="closeBrowser()[pri:0, instance:TestCases.ChooseReceivedPlace@4e423aa2]" started-at="2021-01-14T13:54:31 ICT" name="closeBrowser" finished-at="2021-01-14T13:54:32 ICT" duration-ms="121" status="PASS">
          <reporter-output>
          </reporter-output>
        </test-method> <!-- closeBrowser -->
        <test-method is-config="true" signature="saveAndCloseExcel()[pri:0, instance:TestCases.ChooseReceivedPlace@4e423aa2]" started-at="2021-01-14T13:54:32 ICT" name="saveAndCloseExcel" finished-at="2021-01-14T13:54:32 ICT" duration-ms="61" status="PASS">
          <reporter-output>
          </reporter-output>
        </test-method> <!-- saveAndCloseExcel -->
      </class> <!-- TestCases.ChooseReceivedPlace -->
    </test> <!-- choosereceived -->
    <test started-at="2021-01-14T13:54:32 ICT" name="viewproduct" finished-at="2021-01-14T13:54:48 ICT" duration-ms="16455">
      <class name="TestCases.ViewProductThroughList">
        <test-method is-config="true" signature="defineSheetExcel(java.lang.String)[pri:0, instance:TestCases.ViewProductThroughList@38604b81]" started-at="2021-01-14T13:54:32 ICT" name="defineSheetExcel" finished-at="2021-01-14T13:54:32 ICT" duration-ms="109" status="PASS">
          <params>
            <param index="0">
              <value>
                <![CDATA[ViewProductThroughList]]>
              </value>
            </param>
          </params>
          <reporter-output>
          </reporter-output>
        </test-method> <!-- defineSheetExcel -->
        <test-method is-config="true" signature="accessWebsite(java.lang.String)[pri:0, instance:TestCases.ViewProductThroughList@38604b81]" started-at="2021-01-14T13:54:32 ICT" name="accessWebsite" finished-at="2021-01-14T13:54:38 ICT" duration-ms="6520" status="PASS">
          <params>
            <param index="0">
              <value>
                <![CDATA[https://www.dienmayxanh.com/]]>
              </value>
            </param>
          </params>
          <reporter-output>
          </reporter-output>
        </test-method> <!-- accessWebsite -->
        <test-method signature="testSuccessViewProductByList()[pri:0, instance:TestCases.ViewProductThroughList@38604b81]" started-at="2021-01-14T13:54:38 ICT" name="testSuccessViewProductByList" finished-at="2021-01-14T13:54:48 ICT" duration-ms="9631" status="PASS">
          <reporter-output>
          </reporter-output>
        </test-method> <!-- testSuccessViewProductByList -->
        <test-method is-config="true" signature="closeBrowser()[pri:0, instance:TestCases.ViewProductThroughList@38604b81]" started-at="2021-01-14T13:54:48 ICT" name="closeBrowser" finished-at="2021-01-14T13:54:48 ICT" duration-ms="132" status="PASS">
          <reporter-output>
          </reporter-output>
        </test-method> <!-- closeBrowser -->
        <test-method is-config="true" signature="saveAndCloseExcel()[pri:0, instance:TestCases.ViewProductThroughList@38604b81]" started-at="2021-01-14T13:54:48 ICT" name="saveAndCloseExcel" finished-at="2021-01-14T13:54:48 ICT" duration-ms="59" status="PASS">
          <reporter-output>
          </reporter-output>
        </test-method> <!-- saveAndCloseExcel -->
      </class> <!-- TestCases.ViewProductThroughList -->
    </test> <!-- viewproduct -->
  </suite> <!-- Suite -->
</testng-results>
