<?xml version="1.0" encoding="UTF-8"?>
<testng-results ignored="12" total="13" passed="1" failed="0" skipped="0">
  <reporter-output>
  </reporter-output>
  <suite started-at="2020-12-15T19:20:08 ICT" name="test login" finished-at="2020-12-15T19:20:16 ICT" duration-ms="7506">
    <groups>
    </groups>
    <test started-at="2020-12-15T19:20:08 ICT" name="login" finished-at="2020-12-15T19:20:16 ICT" duration-ms="7506">
      <class name="testcase.LogIn">
        <test-method is-config="true" signature="launchBrowser()[pri:0, instance:testcase.LogIn@1f0f1111]" started-at="2020-12-15T19:20:08 ICT" name="launchBrowser" finished-at="2020-12-15T19:20:13 ICT" duration-ms="5109" status="PASS">
          <reporter-output>
          </reporter-output>
        </test-method> <!-- launchBrowser -->
        <test-method signature="testPhoneNumberWithSpecialCharacters()[pri:2, instance:testcase.LogIn@1f0f1111]" started-at="2020-12-15T19:20:13 ICT" name="testPhoneNumberWithSpecialCharacters" finished-at="2020-12-15T19:20:15 ICT" duration-ms="1762" status="PASS">
          <reporter-output>
          </reporter-output>
        </test-method> <!-- testPhoneNumberWithSpecialCharacters -->
        <test-method is-config="true" signature="closeBrowser()[pri:0, instance:testcase.LogIn@1f0f1111]" started-at="2020-12-15T19:20:16 ICT" name="closeBrowser" finished-at="2020-12-15T19:20:16 ICT" duration-ms="157" status="PASS">
          <reporter-output>
          </reporter-output>
        </test-method> <!-- closeBrowser -->
      </class> <!-- testcase.LogIn -->
    </test> <!-- login -->
  </suite> <!-- test login -->
</testng-results>
