<?xml version="1.0" encoding="UTF-8"?>
<testng-results ignored="2" total="10" passed="7" failed="1" skipped="0">
  <reporter-output>
  </reporter-output>
  <suite started-at="2020-12-14T21:14:14 ICT" name="testing list product" finished-at="2020-12-14T21:17:23 ICT" duration-ms="188884">
    <groups>
    </groups>
    <test started-at="2020-12-14T21:14:14 ICT" name="test view list products" finished-at="2020-12-14T21:15:40 ICT" duration-ms="85897">
      <class name="com.dienmayxanh.test.ViewListProducts">
        <test-method is-config="true" signature="setExcel(java.lang.String, java.lang.String)[pri:0, instance:com.dienmayxanh.test.ViewListProducts@44c73c26]" started-at="2020-12-14T21:14:14 ICT" name="setExcel" finished-at="2020-12-14T21:14:14 ICT" duration-ms="611" status="PASS">
          <params>
            <param index="0">
              <value>
                <![CDATA[ViewListProducts]]>
              </value>
            </param>
            <param index="1">
              <value>
                <![CDATA[Test Case]]>
              </value>
            </param>
          </params>
          <reporter-output>
          </reporter-output>
        </test-method> <!-- setExcel -->
        <test-method is-config="true" signature="accessWebsite(java.lang.String, java.lang.String, java.lang.String)[pri:0, instance:com.dienmayxanh.test.ViewListProducts@44c73c26]" started-at="2020-12-14T21:14:14 ICT" name="accessWebsite" finished-at="2020-12-14T21:14:21 ICT" duration-ms="6500" status="PASS">
          <params>
            <param index="0">
              <value>
                <![CDATA[https://www.dienmayxanh.com/]]>
              </value>
            </param>
            <param index="1">
              <value>
                <![CDATA[ViewListProducts]]>
              </value>
            </param>
            <param index="2">
              <value>
                <![CDATA[Test Case]]>
              </value>
            </param>
          </params>
          <reporter-output>
          </reporter-output>
        </test-method> <!-- accessWebsite -->
        <test-method signature="testViewWithSortPriceDescending()[pri:3, instance:com.dienmayxanh.test.ViewListProducts@44c73c26]" started-at="2020-12-14T21:14:21 ICT" name="testViewWithSortPriceDescending" finished-at="2020-12-14T21:14:43 ICT" duration-ms="21865" status="PASS">
          <reporter-output>
          </reporter-output>
        </test-method> <!-- testViewWithSortPriceDescending -->
        <test-method is-config="true" signature="closeBrowser()[pri:0, instance:com.dienmayxanh.test.ViewListProducts@44c73c26]" started-at="2020-12-14T21:14:43 ICT" name="closeBrowser" finished-at="2020-12-14T21:14:44 ICT" duration-ms="517" status="PASS">
          <reporter-output>
          </reporter-output>
        </test-method> <!-- closeBrowser -->
        <test-method is-config="true" signature="accessWebsite(java.lang.String, java.lang.String, java.lang.String)[pri:0, instance:com.dienmayxanh.test.ViewListProducts@44c73c26]" started-at="2020-12-14T21:14:44 ICT" name="accessWebsite" finished-at="2020-12-14T21:14:53 ICT" duration-ms="9809" status="PASS">
          <params>
            <param index="0">
              <value>
                <![CDATA[https://www.dienmayxanh.com/]]>
              </value>
            </param>
            <param index="1">
              <value>
                <![CDATA[ViewListProducts]]>
              </value>
            </param>
            <param index="2">
              <value>
                <![CDATA[Test Case]]>
              </value>
            </param>
          </params>
          <reporter-output>
          </reporter-output>
        </test-method> <!-- accessWebsite -->
        <test-method signature="testViewWithSortPriceAscending()[pri:4, instance:com.dienmayxanh.test.ViewListProducts@44c73c26]" started-at="2020-12-14T21:14:53 ICT" name="testViewWithSortPriceAscending" finished-at="2020-12-14T21:15:15 ICT" duration-ms="21586" status="PASS">
          <reporter-output>
          </reporter-output>
        </test-method> <!-- testViewWithSortPriceAscending -->
        <test-method is-config="true" signature="closeBrowser()[pri:0, instance:com.dienmayxanh.test.ViewListProducts@44c73c26]" started-at="2020-12-14T21:15:15 ICT" name="closeBrowser" finished-at="2020-12-14T21:15:16 ICT" duration-ms="228" status="PASS">
          <reporter-output>
          </reporter-output>
        </test-method> <!-- closeBrowser -->
        <test-method is-config="true" signature="accessWebsite(java.lang.String, java.lang.String, java.lang.String)[pri:0, instance:com.dienmayxanh.test.ViewListProducts@44c73c26]" started-at="2020-12-14T21:15:16 ICT" name="accessWebsite" finished-at="2020-12-14T21:15:22 ICT" duration-ms="6351" status="PASS">
          <params>
            <param index="0">
              <value>
                <![CDATA[https://www.dienmayxanh.com/]]>
              </value>
            </param>
            <param index="1">
              <value>
                <![CDATA[ViewListProducts]]>
              </value>
            </param>
            <param index="2">
              <value>
                <![CDATA[Test Case]]>
              </value>
            </param>
          </params>
          <reporter-output>
          </reporter-output>
        </test-method> <!-- accessWebsite -->
        <test-method signature="testQuantity()[pri:5, instance:com.dienmayxanh.test.ViewListProducts@44c73c26]" started-at="2020-12-14T21:15:22 ICT" name="testQuantity" finished-at="2020-12-14T21:15:38 ICT" duration-ms="16566" status="FAIL">
          <exception class="java.lang.AssertionError">
            <message>
              <![CDATA[expected [true] but found [false]]]>
            </message>
            <full-stacktrace>
              <![CDATA[java.lang.AssertionError: expected [true] but found [false]
at org.testng.Assert.fail(Assert.java:99)
at org.testng.Assert.failNotEquals(Assert.java:1037)
at org.testng.Assert.assertEqualsImpl(Assert.java:140)
at org.testng.Assert.assertEquals(Assert.java:122)
at org.testng.Assert.assertEquals(Assert.java:819)
at org.testng.Assert.assertEquals(Assert.java:829)
at com.dienmayxanh.test.ViewListProducts.testQuantity(ViewListProducts.java:183)
at java.base/jdk.internal.reflect.NativeMethodAccessorImpl.invoke0(Native Method)
at java.base/jdk.internal.reflect.NativeMethodAccessorImpl.invoke(NativeMethodAccessorImpl.java:62)
at java.base/jdk.internal.reflect.DelegatingMethodAccessorImpl.invoke(DelegatingMethodAccessorImpl.java:43)
at java.base/java.lang.reflect.Method.invoke(Method.java:564)
at org.testng.internal.MethodInvocationHelper.invokeMethod(MethodInvocationHelper.java:132)
at org.testng.internal.TestInvoker.invokeMethod(TestInvoker.java:599)
at org.testng.internal.TestInvoker.invokeTestMethod(TestInvoker.java:174)
at org.testng.internal.MethodRunner.runInSequence(MethodRunner.java:46)
at org.testng.internal.TestInvoker$MethodInvocationAgent.invoke(TestInvoker.java:822)
at org.testng.internal.TestInvoker.invokeTestMethods(TestInvoker.java:147)
at org.testng.internal.TestMethodWorker.invokeTestMethods(TestMethodWorker.java:146)
at org.testng.internal.TestMethodWorker.run(TestMethodWorker.java:128)
at java.base/java.util.ArrayList.forEach(ArrayList.java:1511)
at org.testng.TestRunner.privateRun(TestRunner.java:764)
at org.testng.TestRunner.run(TestRunner.java:585)
at org.testng.SuiteRunner.runTest(SuiteRunner.java:384)
at org.testng.SuiteRunner.runSequentially(SuiteRunner.java:378)
at org.testng.SuiteRunner.privateRun(SuiteRunner.java:337)
at org.testng.SuiteRunner.run(SuiteRunner.java:286)
at org.testng.SuiteRunnerWorker.runSuite(SuiteRunnerWorker.java:53)
at org.testng.SuiteRunnerWorker.run(SuiteRunnerWorker.java:96)
at org.testng.TestNG.runSuitesSequentially(TestNG.java:1218)
at org.testng.TestNG.runSuitesLocally(TestNG.java:1140)
at org.testng.TestNG.runSuites(TestNG.java:1069)
at org.testng.TestNG.run(TestNG.java:1037)
at org.testng.remote.AbstractRemoteTestNG.run(AbstractRemoteTestNG.java:115)
at org.testng.remote.RemoteTestNG.initAndRun(RemoteTestNG.java:251)
at org.testng.remote.RemoteTestNG.main(RemoteTestNG.java:77)
]]>
            </full-stacktrace>
          </exception> <!-- java.lang.AssertionError -->
          <reporter-output>
          </reporter-output>
        </test-method> <!-- testQuantity -->
        <test-method is-config="true" signature="closeBrowser()[pri:0, instance:com.dienmayxanh.test.ViewListProducts@44c73c26]" started-at="2020-12-14T21:15:39 ICT" name="closeBrowser" finished-at="2020-12-14T21:15:40 ICT" duration-ms="172" status="PASS">
          <reporter-output>
          </reporter-output>
        </test-method> <!-- closeBrowser -->
        <test-method is-config="true" signature="saveAndCloseExcel()[pri:0, instance:com.dienmayxanh.test.ViewListProducts@44c73c26]" started-at="2020-12-14T21:15:40 ICT" name="saveAndCloseExcel" finished-at="2020-12-14T21:15:40 ICT" duration-ms="84" status="PASS">
          <reporter-output>
          </reporter-output>
        </test-method> <!-- saveAndCloseExcel -->
      </class> <!-- com.dienmayxanh.test.ViewListProducts -->
    </test> <!-- test view list products -->
    <test started-at="2020-12-14T21:15:40 ICT" name="test comment" finished-at="2020-12-14T21:17:23 ICT" duration-ms="102961">
      <class name="com.dienmayxanh.test.Comment">
        <test-method is-config="true" signature="setExcel(java.lang.String, java.lang.String)[pri:0, instance:com.dienmayxanh.test.Comment@73302995]" started-at="2020-12-14T21:15:40 ICT" name="setExcel" finished-at="2020-12-14T21:15:40 ICT" duration-ms="40" status="PASS">
          <params>
            <param index="0">
              <value>
                <![CDATA[Comment]]>
              </value>
            </param>
            <param index="1">
              <value>
                <![CDATA[Test Case]]>
              </value>
            </param>
          </params>
          <reporter-output>
          </reporter-output>
        </test-method> <!-- setExcel -->
        <test-method is-config="true" signature="accessWebsite(java.lang.String, java.lang.String, java.lang.String)[pri:0, instance:com.dienmayxanh.test.Comment@73302995]" started-at="2020-12-14T21:15:40 ICT" name="accessWebsite" finished-at="2020-12-14T21:15:49 ICT" duration-ms="9235" status="PASS">
          <params>
            <param index="0">
              <value>
                <![CDATA[https://www.dienmayxanh.com/]]>
              </value>
            </param>
            <param index="1">
              <value>
                <![CDATA[Comment]]>
              </value>
            </param>
            <param index="2">
              <value>
                <![CDATA[Test Case]]>
              </value>
            </param>
          </params>
          <reporter-output>
          </reporter-output>
        </test-method> <!-- accessWebsite -->
        <test-method is-config="true" signature="beforeMethod()[pri:0, instance:com.dienmayxanh.test.Comment@73302995]" started-at="2020-12-14T21:15:49 ICT" name="beforeMethod" finished-at="2020-12-14T21:15:50 ICT" duration-ms="1542" status="PASS">
          <reporter-output>
          </reporter-output>
        </test-method> <!-- beforeMethod -->
        <test-method signature="testWithoutCommentContent()[pri:1, instance:com.dienmayxanh.test.Comment@73302995]" started-at="2020-12-14T21:15:50 ICT" name="testWithoutCommentContent" finished-at="2020-12-14T21:16:00 ICT" duration-ms="9547" status="PASS">
          <reporter-output>
          </reporter-output>
        </test-method> <!-- testWithoutCommentContent -->
        <test-method is-config="true" signature="closeBrowser()[pri:0, instance:com.dienmayxanh.test.Comment@73302995]" started-at="2020-12-14T21:16:00 ICT" name="closeBrowser" finished-at="2020-12-14T21:16:00 ICT" duration-ms="143" status="PASS">
          <reporter-output>
          </reporter-output>
        </test-method> <!-- closeBrowser -->
        <test-method is-config="true" signature="accessWebsite(java.lang.String, java.lang.String, java.lang.String)[pri:0, instance:com.dienmayxanh.test.Comment@73302995]" started-at="2020-12-14T21:16:00 ICT" name="accessWebsite" finished-at="2020-12-14T21:16:07 ICT" duration-ms="6286" status="PASS">
          <params>
            <param index="0">
              <value>
                <![CDATA[https://www.dienmayxanh.com/]]>
              </value>
            </param>
            <param index="1">
              <value>
                <![CDATA[Comment]]>
              </value>
            </param>
            <param index="2">
              <value>
                <![CDATA[Test Case]]>
              </value>
            </param>
          </params>
          <reporter-output>
          </reporter-output>
        </test-method> <!-- accessWebsite -->
        <test-method is-config="true" signature="beforeMethod()[pri:0, instance:com.dienmayxanh.test.Comment@73302995]" started-at="2020-12-14T21:16:07 ICT" name="beforeMethod" finished-at="2020-12-14T21:16:10 ICT" duration-ms="3665" status="PASS">
          <reporter-output>
          </reporter-output>
        </test-method> <!-- beforeMethod -->
        <test-method signature="testOnlySpaceCommentContent()[pri:2, instance:com.dienmayxanh.test.Comment@73302995]" started-at="2020-12-14T21:16:10 ICT" name="testOnlySpaceCommentContent" finished-at="2020-12-14T21:16:21 ICT" duration-ms="10309" status="PASS">
          <reporter-output>
          </reporter-output>
        </test-method> <!-- testOnlySpaceCommentContent -->
        <test-method is-config="true" signature="closeBrowser()[pri:0, instance:com.dienmayxanh.test.Comment@73302995]" started-at="2020-12-14T21:16:21 ICT" name="closeBrowser" finished-at="2020-12-14T21:16:21 ICT" duration-ms="169" status="PASS">
          <reporter-output>
          </reporter-output>
        </test-method> <!-- closeBrowser -->
        <test-method is-config="true" signature="accessWebsite(java.lang.String, java.lang.String, java.lang.String)[pri:0, instance:com.dienmayxanh.test.Comment@73302995]" started-at="2020-12-14T21:16:21 ICT" name="accessWebsite" finished-at="2020-12-14T21:16:27 ICT" duration-ms="6235" status="PASS">
          <params>
            <param index="0">
              <value>
                <![CDATA[https://www.dienmayxanh.com/]]>
              </value>
            </param>
            <param index="1">
              <value>
                <![CDATA[Comment]]>
              </value>
            </param>
            <param index="2">
              <value>
                <![CDATA[Test Case]]>
              </value>
            </param>
          </params>
          <reporter-output>
          </reporter-output>
        </test-method> <!-- accessWebsite -->
        <test-method is-config="true" signature="beforeMethod()[pri:0, instance:com.dienmayxanh.test.Comment@73302995]" started-at="2020-12-14T21:16:27 ICT" name="beforeMethod" finished-at="2020-12-14T21:16:31 ICT" duration-ms="3737" status="PASS">
          <reporter-output>
          </reporter-output>
        </test-method> <!-- beforeMethod -->
        <test-method signature="testWithoutName()[pri:3, instance:com.dienmayxanh.test.Comment@73302995]" started-at="2020-12-14T21:16:31 ICT" name="testWithoutName" finished-at="2020-12-14T21:16:41 ICT" duration-ms="9939" status="PASS">
          <reporter-output>
          </reporter-output>
        </test-method> <!-- testWithoutName -->
        <test-method is-config="true" signature="closeBrowser()[pri:0, instance:com.dienmayxanh.test.Comment@73302995]" started-at="2020-12-14T21:16:41 ICT" name="closeBrowser" finished-at="2020-12-14T21:16:41 ICT" duration-ms="141" status="PASS">
          <reporter-output>
          </reporter-output>
        </test-method> <!-- closeBrowser -->
        <test-method is-config="true" signature="accessWebsite(java.lang.String, java.lang.String, java.lang.String)[pri:0, instance:com.dienmayxanh.test.Comment@73302995]" started-at="2020-12-14T21:16:41 ICT" name="accessWebsite" finished-at="2020-12-14T21:16:51 ICT" duration-ms="9970" status="PASS">
          <params>
            <param index="0">
              <value>
                <![CDATA[https://www.dienmayxanh.com/]]>
              </value>
            </param>
            <param index="1">
              <value>
                <![CDATA[Comment]]>
              </value>
            </param>
            <param index="2">
              <value>
                <![CDATA[Test Case]]>
              </value>
            </param>
          </params>
          <reporter-output>
          </reporter-output>
        </test-method> <!-- accessWebsite -->
        <test-method is-config="true" signature="beforeMethod()[pri:0, instance:com.dienmayxanh.test.Comment@73302995]" started-at="2020-12-14T21:16:51 ICT" name="beforeMethod" finished-at="2020-12-14T21:16:52 ICT" duration-ms="765" status="PASS">
          <reporter-output>
          </reporter-output>
        </test-method> <!-- beforeMethod -->
        <test-method signature="testOnlySpaceName()[pri:4, instance:com.dienmayxanh.test.Comment@73302995]" started-at="2020-12-14T21:16:52 ICT" name="testOnlySpaceName" finished-at="2020-12-14T21:17:01 ICT" duration-ms="9159" status="PASS">
          <reporter-output>
          </reporter-output>
        </test-method> <!-- testOnlySpaceName -->
        <test-method is-config="true" signature="closeBrowser()[pri:0, instance:com.dienmayxanh.test.Comment@73302995]" started-at="2020-12-14T21:17:01 ICT" name="closeBrowser" finished-at="2020-12-14T21:17:01 ICT" duration-ms="174" status="PASS">
          <reporter-output>
          </reporter-output>
        </test-method> <!-- closeBrowser -->
        <test-method is-config="true" signature="accessWebsite(java.lang.String, java.lang.String, java.lang.String)[pri:0, instance:com.dienmayxanh.test.Comment@73302995]" started-at="2020-12-14T21:17:01 ICT" name="accessWebsite" finished-at="2020-12-14T21:17:08 ICT" duration-ms="6221" status="PASS">
          <params>
            <param index="0">
              <value>
                <![CDATA[https://www.dienmayxanh.com/]]>
              </value>
            </param>
            <param index="1">
              <value>
                <![CDATA[Comment]]>
              </value>
            </param>
            <param index="2">
              <value>
                <![CDATA[Test Case]]>
              </value>
            </param>
          </params>
          <reporter-output>
          </reporter-output>
        </test-method> <!-- accessWebsite -->
        <test-method is-config="true" signature="beforeMethod()[pri:0, instance:com.dienmayxanh.test.Comment@73302995]" started-at="2020-12-14T21:17:08 ICT" name="beforeMethod" finished-at="2020-12-14T21:17:11 ICT" duration-ms="3368" status="PASS">
          <reporter-output>
          </reporter-output>
        </test-method> <!-- beforeMethod -->
        <test-method signature="testContentCommentIsLessThan10Characters()[pri:5, instance:com.dienmayxanh.test.Comment@73302995]" started-at="2020-12-14T21:17:11 ICT" name="testContentCommentIsLessThan10Characters" finished-at="2020-12-14T21:17:22 ICT" duration-ms="11195" status="PASS">
          <reporter-output>
          </reporter-output>
        </test-method> <!-- testContentCommentIsLessThan10Characters -->
        <test-method is-config="true" signature="closeBrowser()[pri:0, instance:com.dienmayxanh.test.Comment@73302995]" started-at="2020-12-14T21:17:22 ICT" name="closeBrowser" finished-at="2020-12-14T21:17:23 ICT" duration-ms="124" status="PASS">
          <reporter-output>
          </reporter-output>
        </test-method> <!-- closeBrowser -->
        <test-method is-config="true" signature="saveAndCloseExcel()[pri:0, instance:com.dienmayxanh.test.Comment@73302995]" started-at="2020-12-14T21:17:23 ICT" name="saveAndCloseExcel" finished-at="2020-12-14T21:17:23 ICT" duration-ms="53" status="PASS">
          <reporter-output>
          </reporter-output>
        </test-method> <!-- saveAndCloseExcel -->
      </class> <!-- com.dienmayxanh.test.Comment -->
    </test> <!-- test comment -->
  </suite> <!-- testing list product -->
</testng-results>
