<?xml version="1.0" encoding="UTF-8"?>
<testng-results ignored="0" total="7" passed="7" failed="0" skipped="0">
  <reporter-output>
  </reporter-output>
  <suite started-at="2020-12-14T22:51:14 ICT" name="Suite" finished-at="2020-12-14T22:52:38 ICT" duration-ms="84686">
    <groups>
      <group name="chooseRecivePlaceSuccess">
        <method signature="ChooseReceivedPlace.testSuccessWithOnlyProvince()[pri:2, instance:TestCases.ChooseReceivedPlace@71e693fa]" name="testSuccessWithOnlyProvince" class="TestCases.ChooseReceivedPlace"/>
      </group> <!-- chooseRecivePlaceSuccess -->
      <group name="successUpdateReceivePlace">
        <method signature="ChooseReceivedPlace.testSuccessUpdateByClickOnButonChange()[pri:6, instance:TestCases.ChooseReceivedPlace@71e693fa]" name="testSuccessUpdateByClickOnButonChange" class="TestCases.ChooseReceivedPlace"/>
        <method signature="ChooseReceivedPlace.testSuccessUpdateByClickOnDropBoxProvince()[pri:7, instance:TestCases.ChooseReceivedPlace@71e693fa]" name="testSuccessUpdateByClickOnDropBoxProvince" class="TestCases.ChooseReceivedPlace"/>
        <method signature="ChooseReceivedPlace.testSuccessUpdateWithOnlyProvinceSubmitBefor()[pri:5, instance:TestCases.ChooseReceivedPlace@71e693fa]" name="testSuccessUpdateWithOnlyProvinceSubmitBefor" class="TestCases.ChooseReceivedPlace"/>
      </group> <!-- successUpdateReceivePlace -->
      <group name="chooseReceivePlaceSuccess">
        <method signature="ChooseReceivedPlace.testMainSFWithFullInfor()[pri:1, instance:TestCases.ChooseReceivedPlace@71e693fa]" name="testMainSFWithFullInfor" class="TestCases.ChooseReceivedPlace"/>
        <method signature="ChooseReceivedPlace.testSuccessWithoutFillTextboxAddress()[pri:3, instance:TestCases.ChooseReceivedPlace@71e693fa]" name="testSuccessWithoutFillTextboxAddress" class="TestCases.ChooseReceivedPlace"/>
      </group> <!-- chooseReceivePlaceSuccess -->
      <group name="chooseReceivePlaceFail">
        <method signature="ChooseReceivedPlace.testFailWithoutChooseWard()[pri:4, instance:TestCases.ChooseReceivedPlace@71e693fa]" name="testFailWithoutChooseWard" class="TestCases.ChooseReceivedPlace"/>
      </group> <!-- chooseReceivePlaceFail -->
    </groups>
    <test started-at="2020-12-14T22:51:14 ICT" name="runGroup" finished-at="2020-12-14T22:52:38 ICT" duration-ms="84686">
      <class name="TestCases.ChooseReceivedPlace">
        <test-method is-config="true" signature="accessWebsite(java.lang.String, java.lang.String, java.lang.String)[pri:0, instance:TestCases.ChooseReceivedPlace@71e693fa]" started-at="2020-12-14T22:51:14 ICT" name="accessWebsite" finished-at="2020-12-14T22:51:21 ICT" duration-ms="7756" status="PASS">
          <params>
            <param index="0">
              <value>
                <![CDATA[https://www.dienmayxanh.com/]]>
              </value>
            </param>
            <param index="1">
              <value>
                <![CDATA[ChooseReceivedPlace]]>
              </value>
            </param>
            <param index="2">
              <value>
                <![CDATA[Test Case]]>
              </value>
            </param>
          </params>
          <reporter-output>
          </reporter-output>
        </test-method> <!-- accessWebsite -->
        <test-method is-config="true" signature="beforeMethod()[pri:0, instance:TestCases.ChooseReceivedPlace@71e693fa]" started-at="2020-12-14T22:51:21 ICT" name="beforeMethod" finished-at="2020-12-14T22:51:22 ICT" duration-ms="119" status="PASS">
          <reporter-output>
          </reporter-output>
        </test-method> <!-- beforeMethod -->
        <test-method signature="testMainSFWithFullInfor()[pri:1, instance:TestCases.ChooseReceivedPlace@71e693fa]" started-at="2020-12-14T22:51:22 ICT" name="testMainSFWithFullInfor" finished-at="2020-12-14T22:51:25 ICT" duration-ms="3148" status="PASS">
          <reporter-output>
          </reporter-output>
        </test-method> <!-- testMainSFWithFullInfor -->
        <test-method is-config="true" signature="closeBrowser()[pri:0, instance:TestCases.ChooseReceivedPlace@71e693fa]" started-at="2020-12-14T22:51:25 ICT" name="closeBrowser" finished-at="2020-12-14T22:51:25 ICT" duration-ms="323" status="PASS">
          <reporter-output>
          </reporter-output>
        </test-method> <!-- closeBrowser -->
        <test-method is-config="true" signature="accessWebsite(java.lang.String, java.lang.String, java.lang.String)[pri:0, instance:TestCases.ChooseReceivedPlace@71e693fa]" started-at="2020-12-14T22:51:25 ICT" name="accessWebsite" finished-at="2020-12-14T22:51:32 ICT" duration-ms="6976" status="PASS">
          <params>
            <param index="0">
              <value>
                <![CDATA[https://www.dienmayxanh.com/]]>
              </value>
            </param>
            <param index="1">
              <value>
                <![CDATA[ChooseReceivedPlace]]>
              </value>
            </param>
            <param index="2">
              <value>
                <![CDATA[Test Case]]>
              </value>
            </param>
          </params>
          <reporter-output>
          </reporter-output>
        </test-method> <!-- accessWebsite -->
        <test-method is-config="true" signature="beforeMethod()[pri:0, instance:TestCases.ChooseReceivedPlace@71e693fa]" started-at="2020-12-14T22:51:32 ICT" name="beforeMethod" finished-at="2020-12-14T22:51:32 ICT" duration-ms="101" status="PASS">
          <reporter-output>
          </reporter-output>
        </test-method> <!-- beforeMethod -->
        <test-method signature="testSuccessWithOnlyProvince()[pri:2, instance:TestCases.ChooseReceivedPlace@71e693fa]" started-at="2020-12-14T22:51:32 ICT" name="testSuccessWithOnlyProvince" finished-at="2020-12-14T22:51:35 ICT" duration-ms="2314" status="PASS">
          <reporter-output>
          </reporter-output>
        </test-method> <!-- testSuccessWithOnlyProvince -->
        <test-method is-config="true" signature="closeBrowser()[pri:0, instance:TestCases.ChooseReceivedPlace@71e693fa]" started-at="2020-12-14T22:51:35 ICT" name="closeBrowser" finished-at="2020-12-14T22:51:35 ICT" duration-ms="183" status="PASS">
          <reporter-output>
          </reporter-output>
        </test-method> <!-- closeBrowser -->
        <test-method is-config="true" signature="accessWebsite(java.lang.String, java.lang.String, java.lang.String)[pri:0, instance:TestCases.ChooseReceivedPlace@71e693fa]" started-at="2020-12-14T22:51:35 ICT" name="accessWebsite" finished-at="2020-12-14T22:51:41 ICT" duration-ms="6096" status="PASS">
          <params>
            <param index="0">
              <value>
                <![CDATA[https://www.dienmayxanh.com/]]>
              </value>
            </param>
            <param index="1">
              <value>
                <![CDATA[ChooseReceivedPlace]]>
              </value>
            </param>
            <param index="2">
              <value>
                <![CDATA[Test Case]]>
              </value>
            </param>
          </params>
          <reporter-output>
          </reporter-output>
        </test-method> <!-- accessWebsite -->
        <test-method is-config="true" signature="beforeMethod()[pri:0, instance:TestCases.ChooseReceivedPlace@71e693fa]" started-at="2020-12-14T22:51:41 ICT" name="beforeMethod" finished-at="2020-12-14T22:51:41 ICT" duration-ms="103" status="PASS">
          <reporter-output>
          </reporter-output>
        </test-method> <!-- beforeMethod -->
        <test-method signature="testSuccessWithoutFillTextboxAddress()[pri:3, instance:TestCases.ChooseReceivedPlace@71e693fa]" started-at="2020-12-14T22:51:41 ICT" name="testSuccessWithoutFillTextboxAddress" finished-at="2020-12-14T22:51:46 ICT" duration-ms="4593" status="PASS">
          <reporter-output>
          </reporter-output>
        </test-method> <!-- testSuccessWithoutFillTextboxAddress -->
        <test-method is-config="true" signature="closeBrowser()[pri:0, instance:TestCases.ChooseReceivedPlace@71e693fa]" started-at="2020-12-14T22:51:46 ICT" name="closeBrowser" finished-at="2020-12-14T22:51:46 ICT" duration-ms="172" status="PASS">
          <reporter-output>
          </reporter-output>
        </test-method> <!-- closeBrowser -->
        <test-method is-config="true" signature="accessWebsite(java.lang.String, java.lang.String, java.lang.String)[pri:0, instance:TestCases.ChooseReceivedPlace@71e693fa]" started-at="2020-12-14T22:51:46 ICT" name="accessWebsite" finished-at="2020-12-14T22:51:54 ICT" duration-ms="8026" status="PASS">
          <params>
            <param index="0">
              <value>
                <![CDATA[https://www.dienmayxanh.com/]]>
              </value>
            </param>
            <param index="1">
              <value>
                <![CDATA[ChooseReceivedPlace]]>
              </value>
            </param>
            <param index="2">
              <value>
                <![CDATA[Test Case]]>
              </value>
            </param>
          </params>
          <reporter-output>
          </reporter-output>
        </test-method> <!-- accessWebsite -->
        <test-method is-config="true" signature="beforeMethod()[pri:0, instance:TestCases.ChooseReceivedPlace@71e693fa]" started-at="2020-12-14T22:51:54 ICT" name="beforeMethod" finished-at="2020-12-14T22:51:54 ICT" duration-ms="118" status="PASS">
          <reporter-output>
          </reporter-output>
        </test-method> <!-- beforeMethod -->
        <test-method signature="testFailWithoutChooseWard()[pri:4, instance:TestCases.ChooseReceivedPlace@71e693fa]" started-at="2020-12-14T22:51:54 ICT" name="testFailWithoutChooseWard" finished-at="2020-12-14T22:51:57 ICT" duration-ms="3140" status="PASS">
          <reporter-output>
          </reporter-output>
        </test-method> <!-- testFailWithoutChooseWard -->
        <test-method is-config="true" signature="closeBrowser()[pri:0, instance:TestCases.ChooseReceivedPlace@71e693fa]" started-at="2020-12-14T22:51:58 ICT" name="closeBrowser" finished-at="2020-12-14T22:51:58 ICT" duration-ms="157" status="PASS">
          <reporter-output>
          </reporter-output>
        </test-method> <!-- closeBrowser -->
        <test-method is-config="true" signature="accessWebsite(java.lang.String, java.lang.String, java.lang.String)[pri:0, instance:TestCases.ChooseReceivedPlace@71e693fa]" started-at="2020-12-14T22:51:58 ICT" name="accessWebsite" finished-at="2020-12-14T22:52:04 ICT" duration-ms="6174" status="PASS">
          <params>
            <param index="0">
              <value>
                <![CDATA[https://www.dienmayxanh.com/]]>
              </value>
            </param>
            <param index="1">
              <value>
                <![CDATA[ChooseReceivedPlace]]>
              </value>
            </param>
            <param index="2">
              <value>
                <![CDATA[Test Case]]>
              </value>
            </param>
          </params>
          <reporter-output>
          </reporter-output>
        </test-method> <!-- accessWebsite -->
        <test-method is-config="true" signature="beforeMethod()[pri:0, instance:TestCases.ChooseReceivedPlace@71e693fa]" started-at="2020-12-14T22:52:04 ICT" name="beforeMethod" finished-at="2020-12-14T22:52:04 ICT" duration-ms="96" status="PASS">
          <reporter-output>
          </reporter-output>
        </test-method> <!-- beforeMethod -->
        <test-method signature="testSuccessUpdateWithOnlyProvinceSubmitBefor()[pri:5, instance:TestCases.ChooseReceivedPlace@71e693fa]" started-at="2020-12-14T22:52:04 ICT" name="testSuccessUpdateWithOnlyProvinceSubmitBefor" finished-at="2020-12-14T22:52:10 ICT" duration-ms="5563" status="PASS">
          <reporter-output>
          </reporter-output>
        </test-method> <!-- testSuccessUpdateWithOnlyProvinceSubmitBefor -->
        <test-method is-config="true" signature="closeBrowser()[pri:0, instance:TestCases.ChooseReceivedPlace@71e693fa]" started-at="2020-12-14T22:52:10 ICT" name="closeBrowser" finished-at="2020-12-14T22:52:10 ICT" duration-ms="137" status="PASS">
          <reporter-output>
          </reporter-output>
        </test-method> <!-- closeBrowser -->
        <test-method is-config="true" signature="accessWebsite(java.lang.String, java.lang.String, java.lang.String)[pri:0, instance:TestCases.ChooseReceivedPlace@71e693fa]" started-at="2020-12-14T22:52:10 ICT" name="accessWebsite" finished-at="2020-12-14T22:52:16 ICT" duration-ms="6232" status="PASS">
          <params>
            <param index="0">
              <value>
                <![CDATA[https://www.dienmayxanh.com/]]>
              </value>
            </param>
            <param index="1">
              <value>
                <![CDATA[ChooseReceivedPlace]]>
              </value>
            </param>
            <param index="2">
              <value>
                <![CDATA[Test Case]]>
              </value>
            </param>
          </params>
          <reporter-output>
          </reporter-output>
        </test-method> <!-- accessWebsite -->
        <test-method is-config="true" signature="beforeMethod()[pri:0, instance:TestCases.ChooseReceivedPlace@71e693fa]" started-at="2020-12-14T22:52:16 ICT" name="beforeMethod" finished-at="2020-12-14T22:52:16 ICT" duration-ms="92" status="PASS">
          <reporter-output>
          </reporter-output>
        </test-method> <!-- beforeMethod -->
        <test-method signature="testSuccessUpdateByClickOnButonChange()[pri:6, instance:TestCases.ChooseReceivedPlace@71e693fa]" started-at="2020-12-14T22:52:16 ICT" name="testSuccessUpdateByClickOnButonChange" finished-at="2020-12-14T22:52:24 ICT" duration-ms="8007" status="PASS">
          <reporter-output>
          </reporter-output>
        </test-method> <!-- testSuccessUpdateByClickOnButonChange -->
        <test-method is-config="true" signature="closeBrowser()[pri:0, instance:TestCases.ChooseReceivedPlace@71e693fa]" started-at="2020-12-14T22:52:24 ICT" name="closeBrowser" finished-at="2020-12-14T22:52:24 ICT" duration-ms="84" status="PASS">
          <reporter-output>
          </reporter-output>
        </test-method> <!-- closeBrowser -->
        <test-method is-config="true" signature="accessWebsite(java.lang.String, java.lang.String, java.lang.String)[pri:0, instance:TestCases.ChooseReceivedPlace@71e693fa]" started-at="2020-12-14T22:52:24 ICT" name="accessWebsite" finished-at="2020-12-14T22:52:30 ICT" duration-ms="6077" status="PASS">
          <params>
            <param index="0">
              <value>
                <![CDATA[https://www.dienmayxanh.com/]]>
              </value>
            </param>
            <param index="1">
              <value>
                <![CDATA[ChooseReceivedPlace]]>
              </value>
            </param>
            <param index="2">
              <value>
                <![CDATA[Test Case]]>
              </value>
            </param>
          </params>
          <reporter-output>
          </reporter-output>
        </test-method> <!-- accessWebsite -->
        <test-method is-config="true" signature="beforeMethod()[pri:0, instance:TestCases.ChooseReceivedPlace@71e693fa]" started-at="2020-12-14T22:52:30 ICT" name="beforeMethod" finished-at="2020-12-14T22:52:31 ICT" duration-ms="109" status="PASS">
          <reporter-output>
          </reporter-output>
        </test-method> <!-- beforeMethod -->
        <test-method signature="testSuccessUpdateByClickOnDropBoxProvince()[pri:7, instance:TestCases.ChooseReceivedPlace@71e693fa]" started-at="2020-12-14T22:52:31 ICT" name="testSuccessUpdateByClickOnDropBoxProvince" finished-at="2020-12-14T22:52:38 ICT" duration-ms="7467" status="PASS">
          <reporter-output>
          </reporter-output>
        </test-method> <!-- testSuccessUpdateByClickOnDropBoxProvince -->
        <test-method is-config="true" signature="closeBrowser()[pri:0, instance:TestCases.ChooseReceivedPlace@71e693fa]" started-at="2020-12-14T22:52:38 ICT" name="closeBrowser" finished-at="2020-12-14T22:52:38 ICT" duration-ms="138" status="PASS">
          <reporter-output>
          </reporter-output>
        </test-method> <!-- closeBrowser -->
        <test-method is-config="true" signature="saveAndCloseExcel()[pri:0, instance:TestCases.ChooseReceivedPlace@71e693fa]" started-at="2020-12-14T22:52:38 ICT" name="saveAndCloseExcel" finished-at="2020-12-14T22:52:38 ICT" duration-ms="68" status="PASS">
          <reporter-output>
          </reporter-output>
        </test-method> <!-- saveAndCloseExcel -->
      </class> <!-- TestCases.ChooseReceivedPlace -->
    </test> <!-- runGroup -->
  </suite> <!-- Suite -->
</testng-results>
