<?xml version="1.0" encoding="UTF-8"?>
<testng-results ignored="0" total="5" passed="5" failed="0" skipped="0">
  <reporter-output>
  </reporter-output>
  <suite started-at="2020-12-15T15:01:22 ICT" name="test login" finished-at="2020-12-15T15:01:42 ICT" duration-ms="19970">
    <groups>
    </groups>
    <test started-at="2020-12-15T15:01:22 ICT" name="login" finished-at="2020-12-15T15:01:42 ICT" duration-ms="19970">
      <class name="testcase.Link">
        <test-method is-config="true" signature="launchBrowser()[pri:0, instance:testcase.Link@78aab498]" started-at="2020-12-15T15:01:22 ICT" name="launchBrowser" finished-at="2020-12-15T15:01:26 ICT" duration-ms="4250" status="PASS">
          <reporter-output>
          </reporter-output>
        </test-method> <!-- launchBrowser -->
        <test-method signature="testLinkFacebook()[pri:1, instance:testcase.Link@78aab498]" started-at="2020-12-15T15:01:26 ICT" name="testLinkFacebook" finished-at="2020-12-15T15:01:30 ICT" duration-ms="4028" status="PASS">
          <reporter-output>
          </reporter-output>
        </test-method> <!-- testLinkFacebook -->
        <test-method signature="testLinkYoutube()[pri:2, instance:testcase.Link@78aab498]" started-at="2020-12-15T15:01:31 ICT" name="testLinkYoutube" finished-at="2020-12-15T15:01:35 ICT" duration-ms="3083" status="PASS">
          <reporter-output>
          </reporter-output>
        </test-method> <!-- testLinkYoutube -->
        <test-method signature="testLinkMaiAm()[pri:3, instance:testcase.Link@78aab498]" started-at="2020-12-15T15:01:35 ICT" name="testLinkMaiAm" finished-at="2020-12-15T15:01:37 ICT" duration-ms="2244" status="PASS">
          <reporter-output>
          </reporter-output>
        </test-method> <!-- testLinkMaiAm -->
        <test-method signature="testLinkTgdd()[pri:4, instance:testcase.Link@78aab498]" started-at="2020-12-15T15:01:37 ICT" name="testLinkTgdd" finished-at="2020-12-15T15:01:39 ICT" duration-ms="2257" status="PASS">
          <reporter-output>
          </reporter-output>
        </test-method> <!-- testLinkTgdd -->
        <test-method signature="testLinkBachhoaXanh()[pri:5, instance:testcase.Link@78aab498]" started-at="2020-12-15T15:01:40 ICT" name="testLinkBachhoaXanh" finished-at="2020-12-15T15:01:42 ICT" duration-ms="2236" status="PASS">
          <reporter-output>
          </reporter-output>
        </test-method> <!-- testLinkBachhoaXanh -->
        <test-method is-config="true" signature="closeBrowser()[pri:0, instance:testcase.Link@78aab498]" started-at="2020-12-15T15:01:42 ICT" name="closeBrowser" finished-at="2020-12-15T15:01:42 ICT" duration-ms="75" status="PASS">
          <reporter-output>
          </reporter-output>
        </test-method> <!-- closeBrowser -->
      </class> <!-- testcase.Link -->
    </test> <!-- login -->
  </suite> <!-- test login -->
</testng-results>
