<?xml version="1.0" encoding="UTF-8"?>
<testng-results ignored="0" total="2" passed="2" failed="0" skipped="0">
  <reporter-output>
  </reporter-output>
  <suite started-at="2020-12-15T19:23:10 ICT" name="Demo" finished-at="2020-12-15T19:23:45 ICT" duration-ms="35536">
    <groups>
    </groups>
    <test started-at="2020-12-15T19:23:10 ICT" name="play" finished-at="2020-12-15T19:23:45 ICT" duration-ms="35536">
      <class name="ViewListProducts">
        <test-method is-config="true" signature="accessWebsite(java.lang.String)[pri:0, instance:ViewListProducts@48fa0f47]" started-at="2020-12-15T19:23:10 ICT" name="accessWebsite" finished-at="2020-12-15T19:23:23 ICT" duration-ms="13202" status="PASS">
          <params>
            <param index="0">
              <value>
                <![CDATA[https://www.dienmayxanh.com/]]>
              </value>
            </param>
          </params>
          <reporter-output>
          </reporter-output>
        </test-method> <!-- accessWebsite -->
        <test-method signature="testShowAllProduct()[pri:1, instance:ViewListProducts@48fa0f47]" started-at="2020-12-15T19:23:23 ICT" name="testShowAllProduct" finished-at="2020-12-15T19:23:27 ICT" duration-ms="3915" status="PASS">
          <reporter-output>
          </reporter-output>
        </test-method> <!-- testShowAllProduct -->
        <test-method is-config="true" signature="closeBrowser()[pri:0, instance:ViewListProducts@48fa0f47]" started-at="2020-12-15T19:23:27 ICT" name="closeBrowser" finished-at="2020-12-15T19:23:27 ICT" duration-ms="79" status="PASS">
          <reporter-output>
          </reporter-output>
        </test-method> <!-- closeBrowser -->
        <test-method is-config="true" signature="accessWebsite(java.lang.String)[pri:0, instance:ViewListProducts@48fa0f47]" started-at="2020-12-15T19:23:27 ICT" name="accessWebsite" finished-at="2020-12-15T19:23:37 ICT" duration-ms="9790" status="PASS">
          <params>
            <param index="0">
              <value>
                <![CDATA[https://www.dienmayxanh.com/]]>
              </value>
            </param>
          </params>
          <reporter-output>
          </reporter-output>
        </test-method> <!-- accessWebsite -->
        <test-method signature="testShowAllProductOfBrand()[pri:2, instance:ViewListProducts@48fa0f47]" started-at="2020-12-15T19:23:37 ICT" name="testShowAllProductOfBrand" finished-at="2020-12-15T19:23:45 ICT" duration-ms="7941" status="PASS">
          <reporter-output>
          </reporter-output>
        </test-method> <!-- testShowAllProductOfBrand -->
        <test-method is-config="true" signature="closeBrowser()[pri:0, instance:ViewListProducts@48fa0f47]" started-at="2020-12-15T19:23:45 ICT" name="closeBrowser" finished-at="2020-12-15T19:23:45 ICT" duration-ms="49" status="PASS">
          <reporter-output>
          </reporter-output>
        </test-method> <!-- closeBrowser -->
      </class> <!-- ViewListProducts -->
    </test> <!-- play -->
  </suite> <!-- Demo -->
</testng-results>
