<?xml version="1.0" encoding="UTF-8"?>
<testng-results ignored="0" total="5" passed="5" failed="0" skipped="0">
  <reporter-output>
  </reporter-output>
  <suite started-at="2020-12-07T17:40:11 ICT" name="testing list product" finished-at="2020-12-07T17:42:13 ICT" duration-ms="121709">
    <groups>
    </groups>
    <test started-at="2020-12-07T17:40:11 ICT" name="list product" finished-at="2020-12-07T17:42:13 ICT" duration-ms="121709">
      <class name="com.dienmayxanh.testcases.Comment">
        <test-method is-config="true" signature="accessWebsite(java.lang.String)[pri:0, instance:com.dienmayxanh.testcases.Comment@4816278d]" started-at="2020-12-07T17:40:11 ICT" name="accessWebsite" finished-at="2020-12-07T17:40:20 ICT" duration-ms="8650" status="PASS">
          <params>
            <param index="0">
              <value>
                <![CDATA[https://www.dienmayxanh.com/]]>
              </value>
            </param>
          </params>
          <reporter-output>
          </reporter-output>
        </test-method> <!-- accessWebsite -->
        <test-method is-config="true" signature="beforeMethod()[pri:0, instance:com.dienmayxanh.testcases.Comment@4816278d]" started-at="2020-12-07T17:40:20 ICT" name="beforeMethod" finished-at="2020-12-07T17:40:22 ICT" duration-ms="1381" status="PASS">
          <reporter-output>
          </reporter-output>
        </test-method> <!-- beforeMethod -->
        <test-method signature="testWithoutCommentContent()[pri:1, instance:com.dienmayxanh.testcases.Comment@4816278d]" started-at="2020-12-07T17:40:22 ICT" name="testWithoutCommentContent" finished-at="2020-12-07T17:40:31 ICT" duration-ms="9603" status="PASS">
          <reporter-output>
          </reporter-output>
        </test-method> <!-- testWithoutCommentContent -->
        <test-method is-config="true" signature="closeBrowser()[pri:0, instance:com.dienmayxanh.testcases.Comment@4816278d]" started-at="2020-12-07T17:40:31 ICT" name="closeBrowser" finished-at="2020-12-07T17:40:35 ICT" duration-ms="4318" status="PASS">
          <reporter-output>
          </reporter-output>
        </test-method> <!-- closeBrowser -->
        <test-method is-config="true" signature="accessWebsite(java.lang.String)[pri:0, instance:com.dienmayxanh.testcases.Comment@4816278d]" started-at="2020-12-07T17:40:35 ICT" name="accessWebsite" finished-at="2020-12-07T17:40:44 ICT" duration-ms="8445" status="PASS">
          <params>
            <param index="0">
              <value>
                <![CDATA[https://www.dienmayxanh.com/]]>
              </value>
            </param>
          </params>
          <reporter-output>
          </reporter-output>
        </test-method> <!-- accessWebsite -->
        <test-method is-config="true" signature="beforeMethod()[pri:0, instance:com.dienmayxanh.testcases.Comment@4816278d]" started-at="2020-12-07T17:40:44 ICT" name="beforeMethod" finished-at="2020-12-07T17:40:45 ICT" duration-ms="1170" status="PASS">
          <reporter-output>
          </reporter-output>
        </test-method> <!-- beforeMethod -->
        <test-method signature="testOnlySpaceCommentContent()[pri:2, instance:com.dienmayxanh.testcases.Comment@4816278d]" started-at="2020-12-07T17:40:45 ICT" name="testOnlySpaceCommentContent" finished-at="2020-12-07T17:40:56 ICT" duration-ms="11094" status="PASS">
          <reporter-output>
          </reporter-output>
        </test-method> <!-- testOnlySpaceCommentContent -->
        <test-method is-config="true" signature="closeBrowser()[pri:0, instance:com.dienmayxanh.testcases.Comment@4816278d]" started-at="2020-12-07T17:40:56 ICT" name="closeBrowser" finished-at="2020-12-07T17:41:00 ICT" duration-ms="4315" status="PASS">
          <reporter-output>
          </reporter-output>
        </test-method> <!-- closeBrowser -->
        <test-method is-config="true" signature="accessWebsite(java.lang.String)[pri:0, instance:com.dienmayxanh.testcases.Comment@4816278d]" started-at="2020-12-07T17:41:00 ICT" name="accessWebsite" finished-at="2020-12-07T17:41:10 ICT" duration-ms="10009" status="PASS">
          <params>
            <param index="0">
              <value>
                <![CDATA[https://www.dienmayxanh.com/]]>
              </value>
            </param>
          </params>
          <reporter-output>
          </reporter-output>
        </test-method> <!-- accessWebsite -->
        <test-method is-config="true" signature="beforeMethod()[pri:0, instance:com.dienmayxanh.testcases.Comment@4816278d]" started-at="2020-12-07T17:41:10 ICT" name="beforeMethod" finished-at="2020-12-07T17:41:12 ICT" duration-ms="1420" status="PASS">
          <reporter-output>
          </reporter-output>
        </test-method> <!-- beforeMethod -->
        <test-method signature="testWithoutName()[pri:3, instance:com.dienmayxanh.testcases.Comment@4816278d]" started-at="2020-12-07T17:41:12 ICT" name="testWithoutName" finished-at="2020-12-07T17:41:21 ICT" duration-ms="9113" status="PASS">
          <reporter-output>
          </reporter-output>
        </test-method> <!-- testWithoutName -->
        <test-method is-config="true" signature="closeBrowser()[pri:0, instance:com.dienmayxanh.testcases.Comment@4816278d]" started-at="2020-12-07T17:41:21 ICT" name="closeBrowser" finished-at="2020-12-07T17:41:25 ICT" duration-ms="4315" status="PASS">
          <reporter-output>
          </reporter-output>
        </test-method> <!-- closeBrowser -->
        <test-method is-config="true" signature="accessWebsite(java.lang.String)[pri:0, instance:com.dienmayxanh.testcases.Comment@4816278d]" started-at="2020-12-07T17:41:25 ICT" name="accessWebsite" finished-at="2020-12-07T17:41:32 ICT" duration-ms="6846" status="PASS">
          <params>
            <param index="0">
              <value>
                <![CDATA[https://www.dienmayxanh.com/]]>
              </value>
            </param>
          </params>
          <reporter-output>
          </reporter-output>
        </test-method> <!-- accessWebsite -->
        <test-method is-config="true" signature="beforeMethod()[pri:0, instance:com.dienmayxanh.testcases.Comment@4816278d]" started-at="2020-12-07T17:41:32 ICT" name="beforeMethod" finished-at="2020-12-07T17:41:33 ICT" duration-ms="468" status="PASS">
          <reporter-output>
          </reporter-output>
        </test-method> <!-- beforeMethod -->
        <test-method signature="testOnlySpaceName()[pri:4, instance:com.dienmayxanh.testcases.Comment@4816278d]" started-at="2020-12-07T17:41:33 ICT" name="testOnlySpaceName" finished-at="2020-12-07T17:41:45 ICT" duration-ms="12476" status="PASS">
          <reporter-output>
          </reporter-output>
        </test-method> <!-- testOnlySpaceName -->
        <test-method is-config="true" signature="closeBrowser()[pri:0, instance:com.dienmayxanh.testcases.Comment@4816278d]" started-at="2020-12-07T17:41:45 ICT" name="closeBrowser" finished-at="2020-12-07T17:41:49 ICT" duration-ms="4314" status="PASS">
          <reporter-output>
          </reporter-output>
        </test-method> <!-- closeBrowser -->
        <test-method is-config="true" signature="accessWebsite(java.lang.String)[pri:0, instance:com.dienmayxanh.testcases.Comment@4816278d]" started-at="2020-12-07T17:41:49 ICT" name="accessWebsite" finished-at="2020-12-07T17:41:57 ICT" duration-ms="7106" status="PASS">
          <params>
            <param index="0">
              <value>
                <![CDATA[https://www.dienmayxanh.com/]]>
              </value>
            </param>
          </params>
          <reporter-output>
          </reporter-output>
        </test-method> <!-- accessWebsite -->
        <test-method is-config="true" signature="beforeMethod()[pri:0, instance:com.dienmayxanh.testcases.Comment@4816278d]" started-at="2020-12-07T17:41:57 ICT" name="beforeMethod" finished-at="2020-12-07T17:41:57 ICT" duration-ms="358" status="PASS">
          <reporter-output>
          </reporter-output>
        </test-method> <!-- beforeMethod -->
        <test-method signature="testContentCommentIsLessThan10Characters()[pri:5, instance:com.dienmayxanh.testcases.Comment@4816278d]" started-at="2020-12-07T17:41:57 ICT" name="testContentCommentIsLessThan10Characters" finished-at="2020-12-07T17:42:09 ICT" duration-ms="11949" status="PASS">
          <reporter-output>
          </reporter-output>
        </test-method> <!-- testContentCommentIsLessThan10Characters -->
        <test-method is-config="true" signature="closeBrowser()[pri:0, instance:com.dienmayxanh.testcases.Comment@4816278d]" started-at="2020-12-07T17:42:09 ICT" name="closeBrowser" finished-at="2020-12-07T17:42:13 ICT" duration-ms="4333" status="PASS">
          <reporter-output>
          </reporter-output>
        </test-method> <!-- closeBrowser -->
      </class> <!-- com.dienmayxanh.testcases.Comment -->
    </test> <!-- list product -->
  </suite> <!-- testing list product -->
</testng-results>
