<?xml version="1.0" encoding="UTF-8"?>
<testng-results ignored="0" total="8" passed="8" failed="0" skipped="0">
  <reporter-output>
  </reporter-output>
  <suite started-at="2020-12-25T15:24:48 ICT" name="Suite" finished-at="2020-12-25T15:28:17 ICT" duration-ms="209120">
    <groups>
      <group name="viewByName">
        <method signature="ViewProductThroughList.testSuccessViewProductByList()[pri:0, instance:TestCases.ViewProductThroughList@38604b81]" name="testSuccessViewProductByList" class="TestCases.ViewProductThroughList"/>
      </group> <!-- viewByName -->
      <group name="chooseRecivePlaceSuccess">
        <method signature="ChooseReceivedPlace.testSuccessWithOnlyProvince()[pri:2, instance:TestCases.ChooseReceivedPlace@4e423aa2]" name="testSuccessWithOnlyProvince" class="TestCases.ChooseReceivedPlace"/>
      </group> <!-- chooseRecivePlaceSuccess -->
      <group name="successUpdateReceivePlace">
        <method signature="ChooseReceivedPlace.testSuccessUpdateByClickOnButonChange()[pri:6, instance:TestCases.ChooseReceivedPlace@4e423aa2]" name="testSuccessUpdateByClickOnButonChange" class="TestCases.ChooseReceivedPlace"/>
        <method signature="ChooseReceivedPlace.testSuccessUpdateByClickOnDropBoxProvince()[pri:7, instance:TestCases.ChooseReceivedPlace@4e423aa2]" name="testSuccessUpdateByClickOnDropBoxProvince" class="TestCases.ChooseReceivedPlace"/>
        <method signature="ChooseReceivedPlace.testSuccessUpdateWithOnlyProvinceSubmitBefor()[pri:5, instance:TestCases.ChooseReceivedPlace@4e423aa2]" name="testSuccessUpdateWithOnlyProvinceSubmitBefor" class="TestCases.ChooseReceivedPlace"/>
      </group> <!-- successUpdateReceivePlace -->
      <group name="chooseReceivePlaceSuccess">
        <method signature="ChooseReceivedPlace.testMainSFWithFullInfor()[pri:1, instance:TestCases.ChooseReceivedPlace@4e423aa2]" name="testMainSFWithFullInfor" class="TestCases.ChooseReceivedPlace"/>
        <method signature="ChooseReceivedPlace.testSuccessWithoutFillTextboxAddress()[pri:3, instance:TestCases.ChooseReceivedPlace@4e423aa2]" name="testSuccessWithoutFillTextboxAddress" class="TestCases.ChooseReceivedPlace"/>
      </group> <!-- chooseReceivePlaceSuccess -->
      <group name="chooseReceivePlaceFail">
        <method signature="ChooseReceivedPlace.testFailWithoutChooseWard()[pri:4, instance:TestCases.ChooseReceivedPlace@4e423aa2]" name="testFailWithoutChooseWard" class="TestCases.ChooseReceivedPlace"/>
      </group> <!-- chooseReceivePlaceFail -->
    </groups>
    <test started-at="2020-12-25T15:24:48 ICT" name="choosereceived" finished-at="2020-12-25T15:27:50 ICT" duration-ms="182134">
      <class name="TestCases.ChooseReceivedPlace">
        <test-method is-config="true" signature="defineSheetExcel(java.lang.String)[pri:0, instance:TestCases.ChooseReceivedPlace@4e423aa2]" started-at="2020-12-25T15:24:48 ICT" name="defineSheetExcel" finished-at="2020-12-25T15:24:48 ICT" duration-ms="569" status="PASS">
          <params>
            <param index="0">
              <value>
                <![CDATA[ChooseReceivedPlace]]>
              </value>
            </param>
          </params>
          <reporter-output>
          </reporter-output>
        </test-method> <!-- defineSheetExcel -->
        <test-method is-config="true" signature="accessWebsite(java.lang.String)[pri:0, instance:TestCases.ChooseReceivedPlace@4e423aa2]" started-at="2020-12-25T15:24:48 ICT" name="accessWebsite" finished-at="2020-12-25T15:25:02 ICT" duration-ms="14129" status="PASS">
          <params>
            <param index="0">
              <value>
                <![CDATA[https://www.dienmayxanh.com/]]>
              </value>
            </param>
          </params>
          <reporter-output>
          </reporter-output>
        </test-method> <!-- accessWebsite -->
        <test-method is-config="true" signature="beforeMethod()[pri:0, instance:TestCases.ChooseReceivedPlace@4e423aa2]" started-at="2020-12-25T15:25:02 ICT" name="beforeMethod" finished-at="2020-12-25T15:25:02 ICT" duration-ms="146" status="PASS">
          <reporter-output>
          </reporter-output>
        </test-method> <!-- beforeMethod -->
        <test-method signature="testMainSFWithFullInfor()[pri:1, instance:TestCases.ChooseReceivedPlace@4e423aa2]" started-at="2020-12-25T15:25:02 ICT" name="testMainSFWithFullInfor" finished-at="2020-12-25T15:25:14 ICT" duration-ms="11873" status="PASS">
          <reporter-output>
          </reporter-output>
        </test-method> <!-- testMainSFWithFullInfor -->
        <test-method is-config="true" signature="closeBrowser()[pri:0, instance:TestCases.ChooseReceivedPlace@4e423aa2]" started-at="2020-12-25T15:25:14 ICT" name="closeBrowser" finished-at="2020-12-25T15:25:15 ICT" duration-ms="406" status="PASS">
          <reporter-output>
          </reporter-output>
        </test-method> <!-- closeBrowser -->
        <test-method is-config="true" signature="accessWebsite(java.lang.String)[pri:0, instance:TestCases.ChooseReceivedPlace@4e423aa2]" started-at="2020-12-25T15:25:15 ICT" name="accessWebsite" finished-at="2020-12-25T15:25:32 ICT" duration-ms="16803" status="PASS">
          <params>
            <param index="0">
              <value>
                <![CDATA[https://www.dienmayxanh.com/]]>
              </value>
            </param>
          </params>
          <reporter-output>
          </reporter-output>
        </test-method> <!-- accessWebsite -->
        <test-method is-config="true" signature="beforeMethod()[pri:0, instance:TestCases.ChooseReceivedPlace@4e423aa2]" started-at="2020-12-25T15:25:32 ICT" name="beforeMethod" finished-at="2020-12-25T15:25:32 ICT" duration-ms="194" status="PASS">
          <reporter-output>
          </reporter-output>
        </test-method> <!-- beforeMethod -->
        <test-method signature="testSuccessWithOnlyProvince()[pri:2, instance:TestCases.ChooseReceivedPlace@4e423aa2]" started-at="2020-12-25T15:25:32 ICT" name="testSuccessWithOnlyProvince" finished-at="2020-12-25T15:25:44 ICT" duration-ms="12179" status="PASS">
          <reporter-output>
          </reporter-output>
        </test-method> <!-- testSuccessWithOnlyProvince -->
        <test-method is-config="true" signature="closeBrowser()[pri:0, instance:TestCases.ChooseReceivedPlace@4e423aa2]" started-at="2020-12-25T15:25:44 ICT" name="closeBrowser" finished-at="2020-12-25T15:25:44 ICT" duration-ms="223" status="PASS">
          <reporter-output>
          </reporter-output>
        </test-method> <!-- closeBrowser -->
        <test-method is-config="true" signature="accessWebsite(java.lang.String)[pri:0, instance:TestCases.ChooseReceivedPlace@4e423aa2]" started-at="2020-12-25T15:25:44 ICT" name="accessWebsite" finished-at="2020-12-25T15:25:57 ICT" duration-ms="12585" status="PASS">
          <params>
            <param index="0">
              <value>
                <![CDATA[https://www.dienmayxanh.com/]]>
              </value>
            </param>
          </params>
          <reporter-output>
          </reporter-output>
        </test-method> <!-- accessWebsite -->
        <test-method is-config="true" signature="beforeMethod()[pri:0, instance:TestCases.ChooseReceivedPlace@4e423aa2]" started-at="2020-12-25T15:25:57 ICT" name="beforeMethod" finished-at="2020-12-25T15:25:57 ICT" duration-ms="119" status="PASS">
          <reporter-output>
          </reporter-output>
        </test-method> <!-- beforeMethod -->
        <test-method signature="testSuccessWithoutFillTextboxAddress()[pri:3, instance:TestCases.ChooseReceivedPlace@4e423aa2]" started-at="2020-12-25T15:25:57 ICT" name="testSuccessWithoutFillTextboxAddress" finished-at="2020-12-25T15:26:15 ICT" duration-ms="18088" status="PASS">
          <reporter-output>
          </reporter-output>
        </test-method> <!-- testSuccessWithoutFillTextboxAddress -->
        <test-method is-config="true" signature="closeBrowser()[pri:0, instance:TestCases.ChooseReceivedPlace@4e423aa2]" started-at="2020-12-25T15:26:15 ICT" name="closeBrowser" finished-at="2020-12-25T15:26:15 ICT" duration-ms="165" status="PASS">
          <reporter-output>
          </reporter-output>
        </test-method> <!-- closeBrowser -->
        <test-method is-config="true" signature="accessWebsite(java.lang.String)[pri:0, instance:TestCases.ChooseReceivedPlace@4e423aa2]" started-at="2020-12-25T15:26:15 ICT" name="accessWebsite" finished-at="2020-12-25T15:26:26 ICT" duration-ms="10781" status="PASS">
          <params>
            <param index="0">
              <value>
                <![CDATA[https://www.dienmayxanh.com/]]>
              </value>
            </param>
          </params>
          <reporter-output>
          </reporter-output>
        </test-method> <!-- accessWebsite -->
        <test-method is-config="true" signature="beforeMethod()[pri:0, instance:TestCases.ChooseReceivedPlace@4e423aa2]" started-at="2020-12-25T15:26:26 ICT" name="beforeMethod" finished-at="2020-12-25T15:26:26 ICT" duration-ms="118" status="PASS">
          <reporter-output>
          </reporter-output>
        </test-method> <!-- beforeMethod -->
        <test-method signature="testFailWithoutChooseWard()[pri:4, instance:TestCases.ChooseReceivedPlace@4e423aa2]" started-at="2020-12-25T15:26:26 ICT" name="testFailWithoutChooseWard" finished-at="2020-12-25T15:26:35 ICT" duration-ms="9502" status="PASS">
          <reporter-output>
          </reporter-output>
        </test-method> <!-- testFailWithoutChooseWard -->
        <test-method is-config="true" signature="closeBrowser()[pri:0, instance:TestCases.ChooseReceivedPlace@4e423aa2]" started-at="2020-12-25T15:26:35 ICT" name="closeBrowser" finished-at="2020-12-25T15:26:36 ICT" duration-ms="193" status="PASS">
          <reporter-output>
          </reporter-output>
        </test-method> <!-- closeBrowser -->
        <test-method is-config="true" signature="accessWebsite(java.lang.String)[pri:0, instance:TestCases.ChooseReceivedPlace@4e423aa2]" started-at="2020-12-25T15:26:36 ICT" name="accessWebsite" finished-at="2020-12-25T15:26:46 ICT" duration-ms="10203" status="PASS">
          <params>
            <param index="0">
              <value>
                <![CDATA[https://www.dienmayxanh.com/]]>
              </value>
            </param>
          </params>
          <reporter-output>
          </reporter-output>
        </test-method> <!-- accessWebsite -->
        <test-method is-config="true" signature="beforeMethod()[pri:0, instance:TestCases.ChooseReceivedPlace@4e423aa2]" started-at="2020-12-25T15:26:46 ICT" name="beforeMethod" finished-at="2020-12-25T15:26:46 ICT" duration-ms="121" status="PASS">
          <reporter-output>
          </reporter-output>
        </test-method> <!-- beforeMethod -->
        <test-method signature="testSuccessUpdateWithOnlyProvinceSubmitBefor()[pri:5, instance:TestCases.ChooseReceivedPlace@4e423aa2]" started-at="2020-12-25T15:26:46 ICT" name="testSuccessUpdateWithOnlyProvinceSubmitBefor" finished-at="2020-12-25T15:26:59 ICT" duration-ms="12895" status="PASS">
          <reporter-output>
          </reporter-output>
        </test-method> <!-- testSuccessUpdateWithOnlyProvinceSubmitBefor -->
        <test-method is-config="true" signature="closeBrowser()[pri:0, instance:TestCases.ChooseReceivedPlace@4e423aa2]" started-at="2020-12-25T15:26:59 ICT" name="closeBrowser" finished-at="2020-12-25T15:26:59 ICT" duration-ms="122" status="PASS">
          <reporter-output>
          </reporter-output>
        </test-method> <!-- closeBrowser -->
        <test-method is-config="true" signature="accessWebsite(java.lang.String)[pri:0, instance:TestCases.ChooseReceivedPlace@4e423aa2]" started-at="2020-12-25T15:26:59 ICT" name="accessWebsite" finished-at="2020-12-25T15:27:12 ICT" duration-ms="12581" status="PASS">
          <params>
            <param index="0">
              <value>
                <![CDATA[https://www.dienmayxanh.com/]]>
              </value>
            </param>
          </params>
          <reporter-output>
          </reporter-output>
        </test-method> <!-- accessWebsite -->
        <test-method is-config="true" signature="beforeMethod()[pri:0, instance:TestCases.ChooseReceivedPlace@4e423aa2]" started-at="2020-12-25T15:27:12 ICT" name="beforeMethod" finished-at="2020-12-25T15:27:12 ICT" duration-ms="123" status="PASS">
          <reporter-output>
          </reporter-output>
        </test-method> <!-- beforeMethod -->
        <test-method signature="testSuccessUpdateByClickOnButonChange()[pri:6, instance:TestCases.ChooseReceivedPlace@4e423aa2]" started-at="2020-12-25T15:27:12 ICT" name="testSuccessUpdateByClickOnButonChange" finished-at="2020-12-25T15:27:22 ICT" duration-ms="10128" status="PASS">
          <reporter-output>
          </reporter-output>
        </test-method> <!-- testSuccessUpdateByClickOnButonChange -->
        <test-method is-config="true" signature="closeBrowser()[pri:0, instance:TestCases.ChooseReceivedPlace@4e423aa2]" started-at="2020-12-25T15:27:22 ICT" name="closeBrowser" finished-at="2020-12-25T15:27:22 ICT" duration-ms="160" status="PASS">
          <reporter-output>
          </reporter-output>
        </test-method> <!-- closeBrowser -->
        <test-method is-config="true" signature="accessWebsite(java.lang.String)[pri:0, instance:TestCases.ChooseReceivedPlace@4e423aa2]" started-at="2020-12-25T15:27:22 ICT" name="accessWebsite" finished-at="2020-12-25T15:27:33 ICT" duration-ms="10628" status="PASS">
          <params>
            <param index="0">
              <value>
                <![CDATA[https://www.dienmayxanh.com/]]>
              </value>
            </param>
          </params>
          <reporter-output>
          </reporter-output>
        </test-method> <!-- accessWebsite -->
        <test-method is-config="true" signature="beforeMethod()[pri:0, instance:TestCases.ChooseReceivedPlace@4e423aa2]" started-at="2020-12-25T15:27:33 ICT" name="beforeMethod" finished-at="2020-12-25T15:27:33 ICT" duration-ms="138" status="PASS">
          <reporter-output>
          </reporter-output>
        </test-method> <!-- beforeMethod -->
        <test-method signature="testSuccessUpdateByClickOnDropBoxProvince()[pri:7, instance:TestCases.ChooseReceivedPlace@4e423aa2]" started-at="2020-12-25T15:27:33 ICT" name="testSuccessUpdateByClickOnDropBoxProvince" finished-at="2020-12-25T15:27:50 ICT" duration-ms="16731" status="PASS">
          <reporter-output>
          </reporter-output>
        </test-method> <!-- testSuccessUpdateByClickOnDropBoxProvince -->
        <test-method is-config="true" signature="closeBrowser()[pri:0, instance:TestCases.ChooseReceivedPlace@4e423aa2]" started-at="2020-12-25T15:27:50 ICT" name="closeBrowser" finished-at="2020-12-25T15:27:50 ICT" duration-ms="128" status="PASS">
          <reporter-output>
          </reporter-output>
        </test-method> <!-- closeBrowser -->
        <test-method is-config="true" signature="saveAndCloseExcel()[pri:0, instance:TestCases.ChooseReceivedPlace@4e423aa2]" started-at="2020-12-25T15:27:50 ICT" name="saveAndCloseExcel" finished-at="2020-12-25T15:27:50 ICT" duration-ms="49" status="PASS">
          <reporter-output>
          </reporter-output>
        </test-method> <!-- saveAndCloseExcel -->
      </class> <!-- TestCases.ChooseReceivedPlace -->
    </test> <!-- choosereceived -->
    <test started-at="2020-12-25T15:27:50 ICT" name="viewproduct" finished-at="2020-12-25T15:28:17 ICT" duration-ms="26951">
      <class name="TestCases.ViewProductThroughList">
        <test-method is-config="true" signature="defineSheetExcel(java.lang.String)[pri:0, instance:TestCases.ViewProductThroughList@38604b81]" started-at="2020-12-25T15:27:50 ICT" name="defineSheetExcel" finished-at="2020-12-25T15:27:50 ICT" duration-ms="80" status="PASS">
          <params>
            <param index="0">
              <value>
                <![CDATA[ViewProductThroughList]]>
              </value>
            </param>
          </params>
          <reporter-output>
          </reporter-output>
        </test-method> <!-- defineSheetExcel -->
        <test-method is-config="true" signature="accessWebsite(java.lang.String)[pri:0, instance:TestCases.ViewProductThroughList@38604b81]" started-at="2020-12-25T15:27:50 ICT" name="accessWebsite" finished-at="2020-12-25T15:28:00 ICT" duration-ms="10535" status="PASS">
          <params>
            <param index="0">
              <value>
                <![CDATA[https://www.dienmayxanh.com/]]>
              </value>
            </param>
          </params>
          <reporter-output>
          </reporter-output>
        </test-method> <!-- accessWebsite -->
        <test-method signature="testSuccessViewProductByList()[pri:0, instance:TestCases.ViewProductThroughList@38604b81]" started-at="2020-12-25T15:28:00 ICT" name="testSuccessViewProductByList" finished-at="2020-12-25T15:28:17 ICT" duration-ms="16174" status="PASS">
          <reporter-output>
          </reporter-output>
        </test-method> <!-- testSuccessViewProductByList -->
        <test-method is-config="true" signature="closeBrowser()[pri:0, instance:TestCases.ViewProductThroughList@38604b81]" started-at="2020-12-25T15:28:17 ICT" name="closeBrowser" finished-at="2020-12-25T15:28:17 ICT" duration-ms="109" status="PASS">
          <reporter-output>
          </reporter-output>
        </test-method> <!-- closeBrowser -->
        <test-method is-config="true" signature="saveAndCloseExcel()[pri:0, instance:TestCases.ViewProductThroughList@38604b81]" started-at="2020-12-25T15:28:17 ICT" name="saveAndCloseExcel" finished-at="2020-12-25T15:28:17 ICT" duration-ms="50" status="PASS">
          <reporter-output>
          </reporter-output>
        </test-method> <!-- saveAndCloseExcel -->
      </class> <!-- TestCases.ViewProductThroughList -->
    </test> <!-- viewproduct -->
  </suite> <!-- Suite -->
</testng-results>
