<?xml version="1.0" encoding="UTF-8"?>
<testng-results ignored="0" total="5" passed="5" failed="0" skipped="0">
  <reporter-output>
  </reporter-output>
  <suite started-at="2020-12-14T21:43:58 ICT" name="test login" finished-at="2020-12-14T21:44:21 ICT" duration-ms="22154">
    <groups>
    </groups>
    <test started-at="2020-12-14T21:43:58 ICT" name="login" finished-at="2020-12-14T21:44:21 ICT" duration-ms="22154">
      <class name="Link">
        <test-method is-config="true" signature="launchBrowser()[pri:0, instance:Link@1ffe63b9]" started-at="2020-12-14T21:43:58 ICT" name="launchBrowser" finished-at="2020-12-14T21:44:03 ICT" duration-ms="5026" status="PASS">
          <reporter-output>
          </reporter-output>
        </test-method> <!-- launchBrowser -->
        <test-method signature="LinkFacebook()[pri:1, instance:Link@1ffe63b9]" started-at="2020-12-14T21:44:03 ICT" name="LinkFacebook" finished-at="2020-12-14T21:44:09 ICT" duration-ms="5153" status="PASS">
          <reporter-output>
          </reporter-output>
        </test-method> <!-- LinkFacebook -->
        <test-method signature="LinkYoutube()[pri:2, instance:Link@1ffe63b9]" started-at="2020-12-14T21:44:10 ICT" name="LinkYoutube" finished-at="2020-12-14T21:44:13 ICT" duration-ms="3624" status="PASS">
          <reporter-output>
          </reporter-output>
        </test-method> <!-- LinkYoutube -->
        <test-method signature="LinkMaiAm()[pri:3, instance:Link@1ffe63b9]" started-at="2020-12-14T21:44:14 ICT" name="LinkMaiAm" finished-at="2020-12-14T21:44:16 ICT" duration-ms="2256" status="PASS">
          <reporter-output>
          </reporter-output>
        </test-method> <!-- LinkMaiAm -->
        <test-method signature="LinkTgdd()[pri:4, instance:Link@1ffe63b9]" started-at="2020-12-14T21:44:16 ICT" name="LinkTgdd" finished-at="2020-12-14T21:44:18 ICT" duration-ms="2250" status="PASS">
          <reporter-output>
          </reporter-output>
        </test-method> <!-- LinkTgdd -->
        <test-method signature="LinkBachhoaXanh()[pri:5, instance:Link@1ffe63b9]" started-at="2020-12-14T21:44:18 ICT" name="LinkBachhoaXanh" finished-at="2020-12-14T21:44:20 ICT" duration-ms="2228" status="PASS">
          <reporter-output>
          </reporter-output>
        </test-method> <!-- LinkBachhoaXanh -->
        <test-method is-config="true" signature="closeBrowser()[pri:0, instance:Link@1ffe63b9]" started-at="2020-12-14T21:44:20 ICT" name="closeBrowser" finished-at="2020-12-14T21:44:21 ICT" duration-ms="125" status="PASS">
          <reporter-output>
          </reporter-output>
        </test-method> <!-- closeBrowser -->
      </class> <!-- Link -->
    </test> <!-- login -->
  </suite> <!-- test login -->
</testng-results>
