<?xml version="1.0" encoding="UTF-8"?>
<testng-results ignored="3" total="5" passed="2" failed="0" skipped="0">
  <reporter-output>
  </reporter-output>
  <suite started-at="2020-12-14T11:39:23 ICT" name="testing list product" finished-at="2020-12-14T11:40:11 ICT" duration-ms="48365">
    <groups>
    </groups>
    <test started-at="2020-12-14T11:39:23 ICT" name="test view list products" finished-at="2020-12-14T11:40:11 ICT" duration-ms="48365">
      <class name="com.dienmayxanh.test.ViewListProducts">
        <test-method is-config="true" signature="setExcel(java.lang.String, java.lang.String)[pri:0, instance:com.dienmayxanh.test.ViewListProducts@44c73c26]" started-at="2020-12-14T11:39:23 ICT" name="setExcel" finished-at="2020-12-14T11:39:23 ICT" duration-ms="454" status="PASS">
          <params>
            <param index="0">
              <value>
                <![CDATA[ViewListProducts]]>
              </value>
            </param>
            <param index="1">
              <value>
                <![CDATA[Test Case]]>
              </value>
            </param>
          </params>
          <reporter-output>
          </reporter-output>
        </test-method> <!-- setExcel -->
        <test-method is-config="true" signature="accessWebsite(java.lang.String, java.lang.String, java.lang.String)[pri:0, instance:com.dienmayxanh.test.ViewListProducts@44c73c26]" started-at="2020-12-14T11:39:23 ICT" name="accessWebsite" finished-at="2020-12-14T11:39:29 ICT" duration-ms="5965" status="PASS">
          <params>
            <param index="0">
              <value>
                <![CDATA[https://www.dienmayxanh.com/]]>
              </value>
            </param>
            <param index="1">
              <value>
                <![CDATA[ViewListProducts]]>
              </value>
            </param>
            <param index="2">
              <value>
                <![CDATA[Test Case]]>
              </value>
            </param>
          </params>
          <reporter-output>
          </reporter-output>
        </test-method> <!-- accessWebsite -->
        <test-method signature="testViewWithSortPriceDescending()[pri:3, instance:com.dienmayxanh.test.ViewListProducts@44c73c26]" started-at="2020-12-14T11:39:29 ICT" name="testViewWithSortPriceDescending" finished-at="2020-12-14T11:39:45 ICT" duration-ms="16126" status="PASS">
          <reporter-output>
          </reporter-output>
        </test-method> <!-- testViewWithSortPriceDescending -->
        <test-method is-config="true" signature="closeBrowser()[pri:0, instance:com.dienmayxanh.test.ViewListProducts@44c73c26]" started-at="2020-12-14T11:39:45 ICT" name="closeBrowser" finished-at="2020-12-14T11:39:46 ICT" duration-ms="156" status="PASS">
          <reporter-output>
          </reporter-output>
        </test-method> <!-- closeBrowser -->
        <test-method is-config="true" signature="accessWebsite(java.lang.String, java.lang.String, java.lang.String)[pri:0, instance:com.dienmayxanh.test.ViewListProducts@44c73c26]" started-at="2020-12-14T11:39:46 ICT" name="accessWebsite" finished-at="2020-12-14T11:39:51 ICT" duration-ms="5749" status="PASS">
          <params>
            <param index="0">
              <value>
                <![CDATA[https://www.dienmayxanh.com/]]>
              </value>
            </param>
            <param index="1">
              <value>
                <![CDATA[ViewListProducts]]>
              </value>
            </param>
            <param index="2">
              <value>
                <![CDATA[Test Case]]>
              </value>
            </param>
          </params>
          <reporter-output>
          </reporter-output>
        </test-method> <!-- accessWebsite -->
        <test-method signature="testViewWithSortPriceAscending()[pri:4, instance:com.dienmayxanh.test.ViewListProducts@44c73c26]" started-at="2020-12-14T11:39:51 ICT" name="testViewWithSortPriceAscending" finished-at="2020-12-14T11:40:11 ICT" duration-ms="19806" status="PASS">
          <reporter-output>
          </reporter-output>
        </test-method> <!-- testViewWithSortPriceAscending -->
        <test-method is-config="true" signature="closeBrowser()[pri:0, instance:com.dienmayxanh.test.ViewListProducts@44c73c26]" started-at="2020-12-14T11:40:11 ICT" name="closeBrowser" finished-at="2020-12-14T11:40:11 ICT" duration-ms="56" status="PASS">
          <reporter-output>
          </reporter-output>
        </test-method> <!-- closeBrowser -->
        <test-method is-config="true" signature="saveAndCloseExcel()[pri:0, instance:com.dienmayxanh.test.ViewListProducts@44c73c26]" started-at="2020-12-14T11:40:11 ICT" name="saveAndCloseExcel" finished-at="2020-12-14T11:40:11 ICT" duration-ms="32" status="PASS">
          <reporter-output>
          </reporter-output>
        </test-method> <!-- saveAndCloseExcel -->
      </class> <!-- com.dienmayxanh.test.ViewListProducts -->
    </test> <!-- test view list products -->
  </suite> <!-- testing list product -->
</testng-results>
