<?xml version="1.0" encoding="UTF-8"?>
<testng-results ignored="0" total="1" passed="0" failed="1" skipped="0">
  <reporter-output>
  </reporter-output>
  <suite started-at="2020-12-12T23:37:29 ICT" name="Suite" finished-at="2020-12-12T23:37:43 ICT" duration-ms="14197">
    <groups>
      <group name="viewByName">
        <method signature="ViewProductThroughList.testSuccessViewProductByList()[pri:0, instance:TestCases.ViewProductThroughList@53251a66]" name="testSuccessViewProductByList" class="TestCases.ViewProductThroughList"/>
      </group> <!-- viewByName -->
    </groups>
    <test started-at="2020-12-12T23:37:29 ICT" name="runGroup" finished-at="2020-12-12T23:37:43 ICT" duration-ms="14197">
      <class name="TestCases.ViewProductThroughList">
        <test-method is-config="true" signature="accessWebsite(java.lang.String)[pri:0, instance:TestCases.ViewProductThroughList@53251a66]" started-at="2020-12-12T23:37:29 ICT" name="accessWebsite" finished-at="2020-12-12T23:37:35 ICT" duration-ms="6135" status="PASS">
          <params>
            <param index="0">
              <value>
                <![CDATA[https://www.dienmayxanh.com/]]>
              </value>
            </param>
          </params>
          <reporter-output>
          </reporter-output>
        </test-method> <!-- accessWebsite -->
        <test-method signature="testSuccessViewProductByList()[pri:0, instance:TestCases.ViewProductThroughList@53251a66]" started-at="2020-12-12T23:37:35 ICT" name="testSuccessViewProductByList" finished-at="2020-12-12T23:37:42 ICT" duration-ms="7353" status="FAIL">
          <exception class="java.lang.AssertionError">
            <message>
              <![CDATA[expected [Máy lọc nước RO hydrogen ion kiềm Kangaroo KG100EO] but found [Máy lọc nước RO hydrogen ion kiềm Kangaroo KG100EO 7 lõi]]]>
            </message>
            <full-stacktrace>
              <![CDATA[java.lang.AssertionError: expected [Máy lọc nước RO hydrogen ion kiềm Kangaroo KG100EO] but found [Máy lọc nước RO hydrogen ion kiềm Kangaroo KG100EO 7 lõi]
at org.testng.Assert.fail(Assert.java:99)
at org.testng.Assert.failNotEquals(Assert.java:1037)
at org.testng.Assert.assertEqualsImpl(Assert.java:140)
at org.testng.Assert.assertEquals(Assert.java:122)
at org.testng.Assert.assertEquals(Assert.java:629)
at org.testng.Assert.assertEquals(Assert.java:639)
at TestCases.ViewProductThroughList.comfirmResult(ViewProductThroughList.java:107)
at TestCases.ViewProductThroughList.testSuccessViewProductByList(ViewProductThroughList.java:26)
at java.base/jdk.internal.reflect.NativeMethodAccessorImpl.invoke0(Native Method)
at java.base/jdk.internal.reflect.NativeMethodAccessorImpl.invoke(NativeMethodAccessorImpl.java:62)
at java.base/jdk.internal.reflect.DelegatingMethodAccessorImpl.invoke(DelegatingMethodAccessorImpl.java:43)
at java.base/java.lang.reflect.Method.invoke(Method.java:564)
at org.testng.internal.MethodInvocationHelper.invokeMethod(MethodInvocationHelper.java:132)
at org.testng.internal.TestInvoker.invokeMethod(TestInvoker.java:599)
at org.testng.internal.TestInvoker.invokeTestMethod(TestInvoker.java:174)
at org.testng.internal.MethodRunner.runInSequence(MethodRunner.java:46)
at org.testng.internal.TestInvoker$MethodInvocationAgent.invoke(TestInvoker.java:822)
at org.testng.internal.TestInvoker.invokeTestMethods(TestInvoker.java:147)
at org.testng.internal.TestMethodWorker.invokeTestMethods(TestMethodWorker.java:146)
at org.testng.internal.TestMethodWorker.run(TestMethodWorker.java:128)
at java.base/java.util.ArrayList.forEach(ArrayList.java:1511)
at org.testng.TestRunner.privateRun(TestRunner.java:764)
at org.testng.TestRunner.run(TestRunner.java:585)
at org.testng.SuiteRunner.runTest(SuiteRunner.java:384)
at org.testng.SuiteRunner.runSequentially(SuiteRunner.java:378)
at org.testng.SuiteRunner.privateRun(SuiteRunner.java:337)
at org.testng.SuiteRunner.run(SuiteRunner.java:286)
at org.testng.SuiteRunnerWorker.runSuite(SuiteRunnerWorker.java:53)
at org.testng.SuiteRunnerWorker.run(SuiteRunnerWorker.java:96)
at org.testng.TestNG.runSuitesSequentially(TestNG.java:1218)
at org.testng.TestNG.runSuitesLocally(TestNG.java:1140)
at org.testng.TestNG.runSuites(TestNG.java:1069)
at org.testng.TestNG.run(TestNG.java:1037)
at org.testng.remote.AbstractRemoteTestNG.run(AbstractRemoteTestNG.java:115)
at org.testng.remote.RemoteTestNG.initAndRun(RemoteTestNG.java:251)
at org.testng.remote.RemoteTestNG.main(RemoteTestNG.java:77)
]]>
            </full-stacktrace>
          </exception> <!-- java.lang.AssertionError -->
          <reporter-output>
          </reporter-output>
        </test-method> <!-- testSuccessViewProductByList -->
        <test-method is-config="true" signature="closeBrowser()[pri:0, instance:TestCases.ViewProductThroughList@53251a66]" started-at="2020-12-12T23:37:43 ICT" name="closeBrowser" finished-at="2020-12-12T23:37:43 ICT" duration-ms="34" status="PASS">
          <reporter-output>
          </reporter-output>
        </test-method> <!-- closeBrowser -->
      </class> <!-- TestCases.ViewProductThroughList -->
    </test> <!-- runGroup -->
  </suite> <!-- Suite -->
</testng-results>
