<?xml version="1.0" encoding="UTF-8"?>
<testng-results ignored="2" total="6" passed="4" failed="0" skipped="0">
  <reporter-output>
  </reporter-output>
  <suite started-at="2020-12-25T10:44:10 ICT" name="testing" finished-at="2020-12-25T10:55:18 ICT" duration-ms="668356">
    <groups>
    </groups>
    <test started-at="2020-12-25T10:44:10 ICT" name="test view list products" finished-at="2020-12-25T10:46:26 ICT" duration-ms="136325">
      <class name="com.dienmayxanh.test.ViewListProducts">
        <test-method is-config="true" signature="setExcelBeforeTest(java.lang.String)[pri:0, instance:com.dienmayxanh.test.ViewListProducts@5965be2d]" started-at="2020-12-25T10:44:10 ICT" name="setExcelBeforeTest" finished-at="2020-12-25T10:44:10 ICT" duration-ms="454" status="PASS">
          <params>
            <param index="0">
              <value>
                <![CDATA[ViewListProducts]]>
              </value>
            </param>
          </params>
          <reporter-output>
          </reporter-output>
        </test-method> <!-- setExcelBeforeTest -->
        <test-method is-config="true" signature="accessWebsite(java.lang.String)[pri:0, instance:com.dienmayxanh.test.ViewListProducts@5965be2d]" started-at="2020-12-25T10:44:10 ICT" name="accessWebsite" finished-at="2020-12-25T10:44:36 ICT" duration-ms="25375" status="PASS">
          <params>
            <param index="0">
              <value>
                <![CDATA[https://www.dienmayxanh.com/]]>
              </value>
            </param>
          </params>
          <reporter-output>
          </reporter-output>
        </test-method> <!-- accessWebsite -->
        <test-method signature="ViewList_SortPrice(java.lang.String)[pri:3, instance:com.dienmayxanh.test.ViewListProducts@5965be2d]" started-at="2020-12-25T10:44:36 ICT" name="ViewList_SortPrice" finished-at="2020-12-25T10:45:11 ICT" duration-ms="35666" status="PASS">
          <params>
            <param index="0">
              <value>
                <![CDATA[https://www.dienmayxanh.com/]]>
              </value>
            </param>
          </params>
          <reporter-output>
          </reporter-output>
        </test-method> <!-- ViewList_SortPrice -->
        <test-method is-config="true" signature="closeBrowser()[pri:0, instance:com.dienmayxanh.test.ViewListProducts@5965be2d]" started-at="2020-12-25T10:45:11 ICT" name="closeBrowser" finished-at="2020-12-25T10:45:12 ICT" duration-ms="195" status="PASS">
          <reporter-output>
          </reporter-output>
        </test-method> <!-- closeBrowser -->
        <test-method is-config="true" signature="accessWebsite(java.lang.String)[pri:0, instance:com.dienmayxanh.test.ViewListProducts@5965be2d]" started-at="2020-12-25T10:45:12 ICT" name="accessWebsite" finished-at="2020-12-25T10:45:46 ICT" duration-ms="34256" status="PASS">
          <params>
            <param index="0">
              <value>
                <![CDATA[https://www.dienmayxanh.com/]]>
              </value>
            </param>
          </params>
          <reporter-output>
          </reporter-output>
        </test-method> <!-- accessWebsite -->
        <test-method signature="ViewList_Quantity(java.lang.String)[pri:5, instance:com.dienmayxanh.test.ViewListProducts@5965be2d]" started-at="2020-12-25T10:45:46 ICT" name="ViewList_Quantity" finished-at="2020-12-25T10:46:26 ICT" duration-ms="40255" status="PASS">
          <params>
            <param index="0">
              <value>
                <![CDATA[https://www.dienmayxanh.com/]]>
              </value>
            </param>
          </params>
          <reporter-output>
          </reporter-output>
        </test-method> <!-- ViewList_Quantity -->
        <test-method is-config="true" signature="closeBrowser()[pri:0, instance:com.dienmayxanh.test.ViewListProducts@5965be2d]" started-at="2020-12-25T10:46:26 ICT" name="closeBrowser" finished-at="2020-12-25T10:46:26 ICT" duration-ms="57" status="PASS">
          <reporter-output>
          </reporter-output>
        </test-method> <!-- closeBrowser -->
        <test-method is-config="true" signature="saveAndCloseExcel()[pri:0, instance:com.dienmayxanh.test.ViewListProducts@5965be2d]" started-at="2020-12-25T10:46:26 ICT" name="saveAndCloseExcel" finished-at="2020-12-25T10:46:26 ICT" duration-ms="49" status="PASS">
          <reporter-output>
          </reporter-output>
        </test-method> <!-- saveAndCloseExcel -->
      </class> <!-- com.dienmayxanh.test.ViewListProducts -->
    </test> <!-- test view list products -->
    <test started-at="2020-12-25T10:46:26 ICT" name="test comment" finished-at="2020-12-25T10:55:18 ICT" duration-ms="532011">
      <class name="com.dienmayxanh.test.Comment">
        <test-method is-config="true" signature="setExcelBeforeTest(java.lang.String)[pri:0, instance:com.dienmayxanh.test.Comment@20c0a64d]" started-at="2020-12-25T10:46:26 ICT" name="setExcelBeforeTest" finished-at="2020-12-25T10:46:26 ICT" duration-ms="54" status="PASS">
          <params>
            <param index="0">
              <value>
                <![CDATA[Comment]]>
              </value>
            </param>
          </params>
          <reporter-output>
          </reporter-output>
        </test-method> <!-- setExcelBeforeTest -->
        <test-method is-config="true" signature="accessWebsite(java.lang.String)[pri:0, instance:com.dienmayxanh.test.Comment@20c0a64d]" started-at="2020-12-25T10:46:26 ICT" name="accessWebsite" finished-at="2020-12-25T10:46:43 ICT" duration-ms="16667" status="PASS">
          <params>
            <param index="0">
              <value>
                <![CDATA[https://www.dienmayxanh.com/]]>
              </value>
            </param>
          </params>
          <reporter-output>
          </reporter-output>
        </test-method> <!-- accessWebsite -->
        <test-method signature="CommentUnsuccessfullyWithError(java.lang.String)[pri:1, instance:com.dienmayxanh.test.Comment@20c0a64d]" started-at="2020-12-25T10:46:43 ICT" name="CommentUnsuccessfullyWithError" finished-at="2020-12-25T10:51:15 ICT" duration-ms="272033" status="PASS">
          <params>
            <param index="0">
              <value>
                <![CDATA[https://www.dienmayxanh.com/]]>
              </value>
            </param>
          </params>
          <reporter-output>
          </reporter-output>
        </test-method> <!-- CommentUnsuccessfullyWithError -->
        <test-method is-config="true" signature="closeBrowser()[pri:0, instance:com.dienmayxanh.test.Comment@20c0a64d]" started-at="2020-12-25T10:51:15 ICT" name="closeBrowser" finished-at="2020-12-25T10:51:15 ICT" duration-ms="71" status="PASS">
          <reporter-output>
          </reporter-output>
        </test-method> <!-- closeBrowser -->
        <test-method is-config="true" signature="accessWebsite(java.lang.String)[pri:0, instance:com.dienmayxanh.test.Comment@20c0a64d]" started-at="2020-12-25T10:51:15 ICT" name="accessWebsite" finished-at="2020-12-25T10:54:33 ICT" duration-ms="197998" status="PASS">
          <params>
            <param index="0">
              <value>
                <![CDATA[https://www.dienmayxanh.com/]]>
              </value>
            </param>
          </params>
          <reporter-output>
          </reporter-output>
        </test-method> <!-- accessWebsite -->
        <test-method signature="CommentUnsuccessfullyWithAlert(java.lang.String)[pri:2, instance:com.dienmayxanh.test.Comment@20c0a64d]" started-at="2020-12-25T10:54:33 ICT" name="CommentUnsuccessfullyWithAlert" finished-at="2020-12-25T10:55:18 ICT" duration-ms="45080" status="PASS">
          <params>
            <param index="0">
              <value>
                <![CDATA[https://www.dienmayxanh.com/]]>
              </value>
            </param>
          </params>
          <reporter-output>
          </reporter-output>
        </test-method> <!-- CommentUnsuccessfullyWithAlert -->
        <test-method is-config="true" signature="closeBrowser()[pri:0, instance:com.dienmayxanh.test.Comment@20c0a64d]" started-at="2020-12-25T10:55:18 ICT" name="closeBrowser" finished-at="2020-12-25T10:55:18 ICT" duration-ms="68" status="PASS">
          <reporter-output>
          </reporter-output>
        </test-method> <!-- closeBrowser -->
        <test-method is-config="true" signature="saveAndCloseExcel()[pri:0, instance:com.dienmayxanh.test.Comment@20c0a64d]" started-at="2020-12-25T10:55:18 ICT" name="saveAndCloseExcel" finished-at="2020-12-25T10:55:18 ICT" duration-ms="35" status="PASS">
          <reporter-output>
          </reporter-output>
        </test-method> <!-- saveAndCloseExcel -->
      </class> <!-- com.dienmayxanh.test.Comment -->
    </test> <!-- test comment -->
  </suite> <!-- testing -->
</testng-results>
