<?xml version="1.0" encoding="UTF-8"?>
<testng-results ignored="2" total="6" passed="4" failed="0" skipped="0">
  <reporter-output>
  </reporter-output>
  <suite started-at="2020-12-18T11:33:28 ICT" name="testing list product" finished-at="2020-12-18T11:37:36 ICT" duration-ms="247834">
    <groups>
    </groups>
    <test started-at="2020-12-18T11:33:28 ICT" name="test view list products" finished-at="2020-12-18T11:34:51 ICT" duration-ms="82832">
      <class name="com.dienmayxanh.test.ViewListProducts">
        <test-method is-config="true" signature="setExcelBeforeTest(java.lang.String)[pri:0, instance:com.dienmayxanh.test.ViewListProducts@7d286fb6]" started-at="2020-12-18T11:33:28 ICT" name="setExcelBeforeTest" finished-at="2020-12-18T11:33:28 ICT" duration-ms="451" status="PASS">
          <params>
            <param index="0">
              <value>
                <![CDATA[ViewListProducts]]>
              </value>
            </param>
          </params>
          <reporter-output>
          </reporter-output>
        </test-method> <!-- setExcelBeforeTest -->
        <test-method is-config="true" signature="accessWebsite(java.lang.String)[pri:0, instance:com.dienmayxanh.test.ViewListProducts@7d286fb6]" started-at="2020-12-18T11:33:28 ICT" name="accessWebsite" finished-at="2020-12-18T11:33:42 ICT" duration-ms="13256" status="PASS">
          <params>
            <param index="0">
              <value>
                <![CDATA[https://www.dienmayxanh.com/]]>
              </value>
            </param>
          </params>
          <reporter-output>
          </reporter-output>
        </test-method> <!-- accessWebsite -->
        <test-method signature="ViewList_SortPrice(java.lang.String)[pri:3, instance:com.dienmayxanh.test.ViewListProducts@7d286fb6]" started-at="2020-12-18T11:33:42 ICT" name="ViewList_SortPrice" finished-at="2020-12-18T11:34:22 ICT" duration-ms="39993" status="PASS">
          <params>
            <param index="0">
              <value>
                <![CDATA[https://www.dienmayxanh.com/]]>
              </value>
            </param>
          </params>
          <reporter-output>
          </reporter-output>
        </test-method> <!-- ViewList_SortPrice -->
        <test-method is-config="true" signature="closeBrowser()[pri:0, instance:com.dienmayxanh.test.ViewListProducts@7d286fb6]" started-at="2020-12-18T11:34:22 ICT" name="closeBrowser" finished-at="2020-12-18T11:34:22 ICT" duration-ms="182" status="PASS">
          <reporter-output>
          </reporter-output>
        </test-method> <!-- closeBrowser -->
        <test-method is-config="true" signature="accessWebsite(java.lang.String)[pri:0, instance:com.dienmayxanh.test.ViewListProducts@7d286fb6]" started-at="2020-12-18T11:34:22 ICT" name="accessWebsite" finished-at="2020-12-18T11:34:34 ICT" duration-ms="12329" status="PASS">
          <params>
            <param index="0">
              <value>
                <![CDATA[https://www.dienmayxanh.com/]]>
              </value>
            </param>
          </params>
          <reporter-output>
          </reporter-output>
        </test-method> <!-- accessWebsite -->
        <test-method signature="ViewList_Quantity(java.lang.String)[pri:5, instance:com.dienmayxanh.test.ViewListProducts@7d286fb6]" started-at="2020-12-18T11:34:34 ICT" name="ViewList_Quantity" finished-at="2020-12-18T11:34:51 ICT" duration-ms="16489" status="PASS">
          <params>
            <param index="0">
              <value>
                <![CDATA[https://www.dienmayxanh.com/]]>
              </value>
            </param>
          </params>
          <reporter-output>
          </reporter-output>
        </test-method> <!-- ViewList_Quantity -->
        <test-method is-config="true" signature="closeBrowser()[pri:0, instance:com.dienmayxanh.test.ViewListProducts@7d286fb6]" started-at="2020-12-18T11:34:51 ICT" name="closeBrowser" finished-at="2020-12-18T11:34:51 ICT" duration-ms="62" status="PASS">
          <reporter-output>
          </reporter-output>
        </test-method> <!-- closeBrowser -->
        <test-method is-config="true" signature="saveAndCloseExcel()[pri:0, instance:com.dienmayxanh.test.ViewListProducts@7d286fb6]" started-at="2020-12-18T11:34:51 ICT" name="saveAndCloseExcel" finished-at="2020-12-18T11:34:51 ICT" duration-ms="49" status="PASS">
          <reporter-output>
          </reporter-output>
        </test-method> <!-- saveAndCloseExcel -->
      </class> <!-- com.dienmayxanh.test.ViewListProducts -->
    </test> <!-- test view list products -->
    <test started-at="2020-12-18T11:34:51 ICT" name="test comment" finished-at="2020-12-18T11:37:36 ICT" duration-ms="164985">
      <class name="com.dienmayxanh.test.Comment">
        <test-method is-config="true" signature="setExcelBeforeTest(java.lang.String)[pri:0, instance:com.dienmayxanh.test.Comment@1115ec15]" started-at="2020-12-18T11:34:51 ICT" name="setExcelBeforeTest" finished-at="2020-12-18T11:34:51 ICT" duration-ms="55" status="PASS">
          <params>
            <param index="0">
              <value>
                <![CDATA[Comment]]>
              </value>
            </param>
          </params>
          <reporter-output>
          </reporter-output>
        </test-method> <!-- setExcelBeforeTest -->
        <test-method is-config="true" signature="accessWebsite(java.lang.String)[pri:0, instance:com.dienmayxanh.test.Comment@1115ec15]" started-at="2020-12-18T11:34:51 ICT" name="accessWebsite" finished-at="2020-12-18T11:35:05 ICT" duration-ms="13860" status="PASS">
          <params>
            <param index="0">
              <value>
                <![CDATA[https://www.dienmayxanh.com/]]>
              </value>
            </param>
          </params>
          <reporter-output>
          </reporter-output>
        </test-method> <!-- accessWebsite -->
        <test-method signature="CommentUnsuccessfullyWithError(java.lang.String)[pri:1, instance:com.dienmayxanh.test.Comment@1115ec15]" started-at="2020-12-18T11:35:05 ICT" name="CommentUnsuccessfullyWithError" finished-at="2020-12-18T11:35:26 ICT" duration-ms="21196" status="PASS">
          <params>
            <param index="0">
              <value>
                <![CDATA[https://www.dienmayxanh.com/]]>
              </value>
            </param>
          </params>
          <reporter-output>
          </reporter-output>
        </test-method> <!-- CommentUnsuccessfullyWithError -->
        <test-method is-config="true" signature="closeBrowser()[pri:0, instance:com.dienmayxanh.test.Comment@1115ec15]" started-at="2020-12-18T11:35:26 ICT" name="closeBrowser" finished-at="2020-12-18T11:35:26 ICT" duration-ms="61" status="PASS">
          <reporter-output>
          </reporter-output>
        </test-method> <!-- closeBrowser -->
        <test-method is-config="true" signature="accessWebsite(java.lang.String)[pri:0, instance:com.dienmayxanh.test.Comment@1115ec15]" started-at="2020-12-18T11:35:26 ICT" name="accessWebsite" finished-at="2020-12-18T11:37:04 ICT" duration-ms="98064" status="PASS">
          <params>
            <param index="0">
              <value>
                <![CDATA[https://www.dienmayxanh.com/]]>
              </value>
            </param>
          </params>
          <reporter-output>
          </reporter-output>
        </test-method> <!-- accessWebsite -->
        <test-method signature="CommentUnsuccessfullyWithAlert(java.lang.String)[pri:2, instance:com.dienmayxanh.test.Comment@1115ec15]" started-at="2020-12-18T11:37:04 ICT" name="CommentUnsuccessfullyWithAlert" finished-at="2020-12-18T11:37:36 ICT" duration-ms="31641" status="PASS">
          <params>
            <param index="0">
              <value>
                <![CDATA[https://www.dienmayxanh.com/]]>
              </value>
            </param>
          </params>
          <reporter-output>
          </reporter-output>
        </test-method> <!-- CommentUnsuccessfullyWithAlert -->
        <test-method is-config="true" signature="closeBrowser()[pri:0, instance:com.dienmayxanh.test.Comment@1115ec15]" started-at="2020-12-18T11:37:36 ICT" name="closeBrowser" finished-at="2020-12-18T11:37:36 ICT" duration-ms="71" status="PASS">
          <reporter-output>
          </reporter-output>
        </test-method> <!-- closeBrowser -->
        <test-method is-config="true" signature="saveAndCloseExcel()[pri:0, instance:com.dienmayxanh.test.Comment@1115ec15]" started-at="2020-12-18T11:37:36 ICT" name="saveAndCloseExcel" finished-at="2020-12-18T11:37:36 ICT" duration-ms="34" status="PASS">
          <reporter-output>
          </reporter-output>
        </test-method> <!-- saveAndCloseExcel -->
      </class> <!-- com.dienmayxanh.test.Comment -->
    </test> <!-- test comment -->
  </suite> <!-- testing list product -->
</testng-results>
