<?xml version="1.0" encoding="UTF-8"?>
<testng-results ignored="0" total="8" passed="6" failed="2" skipped="0">
  <reporter-output>
  </reporter-output>
  <suite started-at="2020-12-07T18:19:01 ICT" name="suite" finished-at="2020-12-07T18:21:29 ICT" duration-ms="148630">
    <groups>
      <group name="viewByName">
        <method signature="ViewProductThroughList.testSuccessViewProductByList()[pri:0, instance:ViewProductThroughList@5c45d770]" name="testSuccessViewProductByList" class="ViewProductThroughList"/>
      </group> <!-- viewByName -->
      <group name="chooseRecivePlaceSuccess">
        <method signature="ChooseReceivedPlace.successWithOnlyProvince()[pri:2, instance:ChooseReceivedPlace@5b7a8434]" name="successWithOnlyProvince" class="ChooseReceivedPlace"/>
      </group> <!-- chooseRecivePlaceSuccess -->
      <group name="successUpdateReceivePlace">
        <method signature="ChooseReceivedPlace.successUpdateByClickOnButonChange()[pri:6, instance:ChooseReceivedPlace@5b7a8434]" name="successUpdateByClickOnButonChange" class="ChooseReceivedPlace"/>
        <method signature="ChooseReceivedPlace.successUpdateByClickOnDropBoxProvince()[pri:7, instance:ChooseReceivedPlace@5b7a8434]" name="successUpdateByClickOnDropBoxProvince" class="ChooseReceivedPlace"/>
        <method signature="ChooseReceivedPlace.successUpdateWithOnlyProvinceSubmitBefor()[pri:5, instance:ChooseReceivedPlace@5b7a8434]" name="successUpdateWithOnlyProvinceSubmitBefor" class="ChooseReceivedPlace"/>
      </group> <!-- successUpdateReceivePlace -->
      <group name="chooseReceivePlaceSuccess">
        <method signature="ChooseReceivedPlace.mainSFWithFullInfor()[pri:1, instance:ChooseReceivedPlace@5b7a8434]" name="mainSFWithFullInfor" class="ChooseReceivedPlace"/>
        <method signature="ChooseReceivedPlace.successWithoutFillTextboxAddress()[pri:3, instance:ChooseReceivedPlace@5b7a8434]" name="successWithoutFillTextboxAddress" class="ChooseReceivedPlace"/>
      </group> <!-- chooseReceivePlaceSuccess -->
      <group name="chooseReceivePlaceFail">
        <method signature="ChooseReceivedPlace.failWithoutChooseWard()[pri:4, instance:ChooseReceivedPlace@5b7a8434]" name="failWithoutChooseWard" class="ChooseReceivedPlace"/>
      </group> <!-- chooseReceivePlaceFail -->
    </groups>
    <test started-at="2020-12-07T18:19:01 ICT" name="runGroup" finished-at="2020-12-07T18:21:29 ICT" duration-ms="148630">
      <class name="ChooseReceivedPlace">
        <test-method is-config="true" signature="accessWebsite(java.lang.String)[pri:0, instance:ChooseReceivedPlace@5b7a8434]" started-at="2020-12-07T18:19:01 ICT" name="accessWebsite" finished-at="2020-12-07T18:19:09 ICT" duration-ms="8405" status="PASS">
          <params>
            <param index="0">
              <value>
                <![CDATA[https://www.dienmayxanh.com/]]>
              </value>
            </param>
          </params>
          <reporter-output>
          </reporter-output>
        </test-method> <!-- accessWebsite -->
        <test-method is-config="true" signature="beforeMethod()[pri:0, instance:ChooseReceivedPlace@5b7a8434]" started-at="2020-12-07T18:19:09 ICT" name="beforeMethod" finished-at="2020-12-07T18:19:09 ICT" duration-ms="108" status="PASS">
          <reporter-output>
          </reporter-output>
        </test-method> <!-- beforeMethod -->
        <test-method signature="mainSFWithFullInfor()[pri:1, instance:ChooseReceivedPlace@5b7a8434]" started-at="2020-12-07T18:19:09 ICT" name="mainSFWithFullInfor" finished-at="2020-12-07T18:19:15 ICT" duration-ms="5490" status="PASS">
          <reporter-output>
          </reporter-output>
        </test-method> <!-- mainSFWithFullInfor -->
        <test-method is-config="true" signature="closeBrowser()[pri:0, instance:ChooseReceivedPlace@5b7a8434]" started-at="2020-12-07T18:19:15 ICT" name="closeBrowser" finished-at="2020-12-07T18:19:15 ICT" duration-ms="51" status="PASS">
          <reporter-output>
          </reporter-output>
        </test-method> <!-- closeBrowser -->
        <test-method is-config="true" signature="accessWebsite(java.lang.String)[pri:0, instance:ChooseReceivedPlace@5b7a8434]" started-at="2020-12-07T18:19:15 ICT" name="accessWebsite" finished-at="2020-12-07T18:19:23 ICT" duration-ms="8071" status="PASS">
          <params>
            <param index="0">
              <value>
                <![CDATA[https://www.dienmayxanh.com/]]>
              </value>
            </param>
          </params>
          <reporter-output>
          </reporter-output>
        </test-method> <!-- accessWebsite -->
        <test-method is-config="true" signature="beforeMethod()[pri:0, instance:ChooseReceivedPlace@5b7a8434]" started-at="2020-12-07T18:19:23 ICT" name="beforeMethod" finished-at="2020-12-07T18:19:23 ICT" duration-ms="85" status="PASS">
          <reporter-output>
          </reporter-output>
        </test-method> <!-- beforeMethod -->
        <test-method signature="successWithOnlyProvince()[pri:2, instance:ChooseReceivedPlace@5b7a8434]" started-at="2020-12-07T18:19:23 ICT" name="successWithOnlyProvince" finished-at="2020-12-07T18:19:28 ICT" duration-ms="5524" status="PASS">
          <reporter-output>
          </reporter-output>
        </test-method> <!-- successWithOnlyProvince -->
        <test-method is-config="true" signature="closeBrowser()[pri:0, instance:ChooseReceivedPlace@5b7a8434]" started-at="2020-12-07T18:19:28 ICT" name="closeBrowser" finished-at="2020-12-07T18:19:28 ICT" duration-ms="42" status="PASS">
          <reporter-output>
          </reporter-output>
        </test-method> <!-- closeBrowser -->
        <test-method is-config="true" signature="accessWebsite(java.lang.String)[pri:0, instance:ChooseReceivedPlace@5b7a8434]" started-at="2020-12-07T18:19:28 ICT" name="accessWebsite" finished-at="2020-12-07T18:19:38 ICT" duration-ms="9653" status="PASS">
          <params>
            <param index="0">
              <value>
                <![CDATA[https://www.dienmayxanh.com/]]>
              </value>
            </param>
          </params>
          <reporter-output>
          </reporter-output>
        </test-method> <!-- accessWebsite -->
        <test-method is-config="true" signature="beforeMethod()[pri:0, instance:ChooseReceivedPlace@5b7a8434]" started-at="2020-12-07T18:19:38 ICT" name="beforeMethod" finished-at="2020-12-07T18:19:38 ICT" duration-ms="86" status="PASS">
          <reporter-output>
          </reporter-output>
        </test-method> <!-- beforeMethod -->
        <test-method signature="successWithoutFillTextboxAddress()[pri:3, instance:ChooseReceivedPlace@5b7a8434]" started-at="2020-12-07T18:19:38 ICT" name="successWithoutFillTextboxAddress" finished-at="2020-12-07T18:19:44 ICT" duration-ms="5394" status="PASS">
          <reporter-output>
          </reporter-output>
        </test-method> <!-- successWithoutFillTextboxAddress -->
        <test-method is-config="true" signature="closeBrowser()[pri:0, instance:ChooseReceivedPlace@5b7a8434]" started-at="2020-12-07T18:19:44 ICT" name="closeBrowser" finished-at="2020-12-07T18:19:44 ICT" duration-ms="34" status="PASS">
          <reporter-output>
          </reporter-output>
        </test-method> <!-- closeBrowser -->
        <test-method is-config="true" signature="accessWebsite(java.lang.String)[pri:0, instance:ChooseReceivedPlace@5b7a8434]" started-at="2020-12-07T18:19:44 ICT" name="accessWebsite" finished-at="2020-12-07T18:19:53 ICT" duration-ms="9705" status="PASS">
          <params>
            <param index="0">
              <value>
                <![CDATA[https://www.dienmayxanh.com/]]>
              </value>
            </param>
          </params>
          <reporter-output>
          </reporter-output>
        </test-method> <!-- accessWebsite -->
        <test-method is-config="true" signature="beforeMethod()[pri:0, instance:ChooseReceivedPlace@5b7a8434]" started-at="2020-12-07T18:19:53 ICT" name="beforeMethod" finished-at="2020-12-07T18:19:53 ICT" duration-ms="143" status="PASS">
          <reporter-output>
          </reporter-output>
        </test-method> <!-- beforeMethod -->
        <test-method signature="failWithoutChooseWard()[pri:4, instance:ChooseReceivedPlace@5b7a8434]" started-at="2020-12-07T18:19:53 ICT" name="failWithoutChooseWard" finished-at="2020-12-07T18:19:55 ICT" duration-ms="1708" status="PASS">
          <reporter-output>
          </reporter-output>
        </test-method> <!-- failWithoutChooseWard -->
        <test-method is-config="true" signature="closeBrowser()[pri:0, instance:ChooseReceivedPlace@5b7a8434]" started-at="2020-12-07T18:19:55 ICT" name="closeBrowser" finished-at="2020-12-07T18:19:55 ICT" duration-ms="53" status="PASS">
          <reporter-output>
          </reporter-output>
        </test-method> <!-- closeBrowser -->
        <test-method is-config="true" signature="accessWebsite(java.lang.String)[pri:0, instance:ChooseReceivedPlace@5b7a8434]" started-at="2020-12-07T18:19:55 ICT" name="accessWebsite" finished-at="2020-12-07T18:20:04 ICT" duration-ms="8869" status="PASS">
          <params>
            <param index="0">
              <value>
                <![CDATA[https://www.dienmayxanh.com/]]>
              </value>
            </param>
          </params>
          <reporter-output>
          </reporter-output>
        </test-method> <!-- accessWebsite -->
        <test-method is-config="true" signature="beforeMethod()[pri:0, instance:ChooseReceivedPlace@5b7a8434]" started-at="2020-12-07T18:20:04 ICT" name="beforeMethod" finished-at="2020-12-07T18:20:04 ICT" duration-ms="85" status="PASS">
          <reporter-output>
          </reporter-output>
        </test-method> <!-- beforeMethod -->
        <test-method signature="successUpdateWithOnlyProvinceSubmitBefor()[pri:5, instance:ChooseReceivedPlace@5b7a8434]" started-at="2020-12-07T18:20:04 ICT" name="successUpdateWithOnlyProvinceSubmitBefor" finished-at="2020-12-07T18:20:11 ICT" duration-ms="6633" status="PASS">
          <reporter-output>
          </reporter-output>
        </test-method> <!-- successUpdateWithOnlyProvinceSubmitBefor -->
        <test-method is-config="true" signature="closeBrowser()[pri:0, instance:ChooseReceivedPlace@5b7a8434]" started-at="2020-12-07T18:20:11 ICT" name="closeBrowser" finished-at="2020-12-07T18:20:11 ICT" duration-ms="52" status="PASS">
          <reporter-output>
          </reporter-output>
        </test-method> <!-- closeBrowser -->
        <test-method is-config="true" signature="accessWebsite(java.lang.String)[pri:0, instance:ChooseReceivedPlace@5b7a8434]" started-at="2020-12-07T18:20:11 ICT" name="accessWebsite" finished-at="2020-12-07T18:20:21 ICT" duration-ms="10145" status="PASS">
          <params>
            <param index="0">
              <value>
                <![CDATA[https://www.dienmayxanh.com/]]>
              </value>
            </param>
          </params>
          <reporter-output>
          </reporter-output>
        </test-method> <!-- accessWebsite -->
        <test-method is-config="true" signature="beforeMethod()[pri:0, instance:ChooseReceivedPlace@5b7a8434]" started-at="2020-12-07T18:20:21 ICT" name="beforeMethod" finished-at="2020-12-07T18:20:21 ICT" duration-ms="95" status="PASS">
          <reporter-output>
          </reporter-output>
        </test-method> <!-- beforeMethod -->
        <test-method signature="successUpdateByClickOnButonChange()[pri:6, instance:ChooseReceivedPlace@5b7a8434]" started-at="2020-12-07T18:20:21 ICT" name="successUpdateByClickOnButonChange" finished-at="2020-12-07T18:20:32 ICT" duration-ms="10882" status="PASS">
          <reporter-output>
          </reporter-output>
        </test-method> <!-- successUpdateByClickOnButonChange -->
        <test-method is-config="true" signature="closeBrowser()[pri:0, instance:ChooseReceivedPlace@5b7a8434]" started-at="2020-12-07T18:20:32 ICT" name="closeBrowser" finished-at="2020-12-07T18:20:32 ICT" duration-ms="49" status="PASS">
          <reporter-output>
          </reporter-output>
        </test-method> <!-- closeBrowser -->
        <test-method is-config="true" signature="accessWebsite(java.lang.String)[pri:0, instance:ChooseReceivedPlace@5b7a8434]" started-at="2020-12-07T18:20:32 ICT" name="accessWebsite" finished-at="2020-12-07T18:20:42 ICT" duration-ms="10306" status="PASS">
          <params>
            <param index="0">
              <value>
                <![CDATA[https://www.dienmayxanh.com/]]>
              </value>
            </param>
          </params>
          <reporter-output>
          </reporter-output>
        </test-method> <!-- accessWebsite -->
        <test-method is-config="true" signature="beforeMethod()[pri:0, instance:ChooseReceivedPlace@5b7a8434]" started-at="2020-12-07T18:20:42 ICT" name="beforeMethod" finished-at="2020-12-07T18:20:42 ICT" duration-ms="108" status="PASS">
          <reporter-output>
          </reporter-output>
        </test-method> <!-- beforeMethod -->
        <test-method signature="successUpdateByClickOnDropBoxProvince()[pri:7, instance:ChooseReceivedPlace@5b7a8434]" started-at="2020-12-07T18:20:42 ICT" name="successUpdateByClickOnDropBoxProvince" finished-at="2020-12-07T18:21:08 ICT" duration-ms="25398" status="FAIL">
          <exception class="org.openqa.selenium.TimeoutException">
            <message>
              <![CDATA[Expected condition failed: waiting for visibility of element located by By.xpath: //div[@class='provinces-box']//child::span (tried for 20 second(s) with 500 milliseconds interval)]]>
            </message>
            <full-stacktrace>
              <![CDATA[org.openqa.selenium.TimeoutException: Expected condition failed: waiting for visibility of element located by By.xpath: //div[@class='provinces-box']//child::span (tried for 20 second(s) with 500 milliseconds interval)
at org.openqa.selenium.support.ui.WebDriverWait.timeoutException(WebDriverWait.java:95)
at org.openqa.selenium.support.ui.FluentWait.until(FluentWait.java:272)
at ChooseReceivedPlace.waitForElementVisible(ChooseReceivedPlace.java:296)
at ChooseReceivedPlace.confirmResult(ChooseReceivedPlace.java:279)
at ChooseReceivedPlace.successUpdateByClickOnDropBoxProvince(ChooseReceivedPlace.java:197)
at java.base/jdk.internal.reflect.NativeMethodAccessorImpl.invoke0(Native Method)
at java.base/jdk.internal.reflect.NativeMethodAccessorImpl.invoke(NativeMethodAccessorImpl.java:62)
at java.base/jdk.internal.reflect.DelegatingMethodAccessorImpl.invoke(DelegatingMethodAccessorImpl.java:43)
at java.base/java.lang.reflect.Method.invoke(Method.java:564)
at org.testng.internal.MethodInvocationHelper.invokeMethod(MethodInvocationHelper.java:132)
at org.testng.internal.TestInvoker.invokeMethod(TestInvoker.java:599)
at org.testng.internal.TestInvoker.invokeTestMethod(TestInvoker.java:174)
at org.testng.internal.MethodRunner.runInSequence(MethodRunner.java:46)
at org.testng.internal.TestInvoker$MethodInvocationAgent.invoke(TestInvoker.java:822)
at org.testng.internal.TestInvoker.invokeTestMethods(TestInvoker.java:147)
at org.testng.internal.TestMethodWorker.invokeTestMethods(TestMethodWorker.java:146)
at org.testng.internal.TestMethodWorker.run(TestMethodWorker.java:128)
at java.base/java.util.ArrayList.forEach(ArrayList.java:1511)
at org.testng.TestRunner.privateRun(TestRunner.java:764)
at org.testng.TestRunner.run(TestRunner.java:585)
at org.testng.SuiteRunner.runTest(SuiteRunner.java:384)
at org.testng.SuiteRunner.runSequentially(SuiteRunner.java:378)
at org.testng.SuiteRunner.privateRun(SuiteRunner.java:337)
at org.testng.SuiteRunner.run(SuiteRunner.java:286)
at org.testng.SuiteRunnerWorker.runSuite(SuiteRunnerWorker.java:53)
at org.testng.SuiteRunnerWorker.run(SuiteRunnerWorker.java:96)
at org.testng.TestNG.runSuitesSequentially(TestNG.java:1218)
at org.testng.TestNG.runSuitesLocally(TestNG.java:1140)
at org.testng.TestNG.runSuites(TestNG.java:1069)
at org.testng.TestNG.run(TestNG.java:1037)
at org.testng.remote.AbstractRemoteTestNG.run(AbstractRemoteTestNG.java:115)
at org.testng.remote.RemoteTestNG.initAndRun(RemoteTestNG.java:251)
at org.testng.remote.RemoteTestNG.main(RemoteTestNG.java:77)
Caused by: org.openqa.selenium.NoSuchElementException: no such element: Unable to locate element: {"method":"xpath","selector":"//div[@class='provinces-box']//child::span"}
  (Session info: chrome=87.0.4280.88)
For documentation on this error, please visit: https://www.seleniumhq.org/exceptions/no_such_element.html
Build info: version: '3.141.59', revision: 'e82be7d358', time: '2018-11-14T08:25:48'
System info: host: 'DAWN', ip: '10.9.80.177', os.name: 'Windows 10', os.arch: 'amd64', os.version: '10.0', java.version: '14.0.2'
Driver info: org.openqa.selenium.chrome.ChromeDriver
Capabilities {acceptInsecureCerts: false, browserName: chrome, browserVersion: 87.0.4280.88, chrome: {chromedriverVersion: 87.0.4280.20 (c99e81631faa0..., userDataDir: C:\Users\MODERN~1\AppData\L...}, goog:chromeOptions: {debuggerAddress: localhost:55244}, javascriptEnabled: true, networkConnectionEnabled: false, pageLoadStrategy: normal, platform: WINDOWS, platformName: WINDOWS, proxy: Proxy(), setWindowRect: true, strictFileInteractability: false, timeouts: {implicit: 0, pageLoad: 300000, script: 30000}, unhandledPromptBehavior: dismiss and notify, webauthn:virtualAuthenticators: true}
Session ID: c1eeced1be4c5f7e169595926e7e287d
*** Element info: {Using=xpath, value=//div[@class='provinces-box']//child::span}
at java.base/jdk.internal.reflect.NativeConstructorAccessorImpl.newInstance0(Native Method)
at java.base/jdk.internal.reflect.NativeConstructorAccessorImpl.newInstance(NativeConstructorAccessorImpl.java:62)
at java.base/jdk.internal.reflect.DelegatingConstructorAccessorImpl.newInstance(DelegatingConstructorAccessorImpl.java:45)
at java.base/java.lang.reflect.Constructor.newInstanceWithCaller(Constructor.java:500)
at java.base/java.lang.reflect.Constructor.newInstance(Constructor.java:481)
at org.openqa.selenium.remote.http.W3CHttpResponseCodec.createException(W3CHttpResponseCodec.java:187)
at org.openqa.selenium.remote.http.W3CHttpResponseCodec.decode(W3CHttpResponseCodec.java:122)
at org.openqa.selenium.remote.http.W3CHttpResponseCodec.decode(W3CHttpResponseCodec.java:49)
at org.openqa.selenium.remote.HttpCommandExecutor.execute(HttpCommandExecutor.java:158)
at org.openqa.selenium.remote.service.DriverCommandExecutor.execute(DriverCommandExecutor.java:83)
at org.openqa.selenium.remote.RemoteWebDriver.execute(RemoteWebDriver.java:552)
at org.openqa.selenium.remote.RemoteWebDriver.findElement(RemoteWebDriver.java:323)
at org.openqa.selenium.remote.RemoteWebDriver.findElementByXPath(RemoteWebDriver.java:428)
at org.openqa.selenium.By$ByXPath.findElement(By.java:353)
at org.openqa.selenium.remote.RemoteWebDriver.findElement(RemoteWebDriver.java:315)
at org.openqa.selenium.support.ui.ExpectedConditions$7.apply(ExpectedConditions.java:205)
at org.openqa.selenium.support.ui.ExpectedConditions$7.apply(ExpectedConditions.java:201)
at org.openqa.selenium.support.ui.FluentWait.until(FluentWait.java:249)
... 31 more
]]>
            </full-stacktrace>
          </exception> <!-- org.openqa.selenium.TimeoutException -->
          <reporter-output>
          </reporter-output>
        </test-method> <!-- successUpdateByClickOnDropBoxProvince -->
        <test-method is-config="true" signature="closeBrowser()[pri:0, instance:ChooseReceivedPlace@5b7a8434]" started-at="2020-12-07T18:21:08 ICT" name="closeBrowser" finished-at="2020-12-07T18:21:08 ICT" duration-ms="32" status="PASS">
          <reporter-output>
          </reporter-output>
        </test-method> <!-- closeBrowser -->
      </class> <!-- ChooseReceivedPlace -->
      <class name="ViewProductThroughList">
        <test-method is-config="true" signature="accessWebsite(java.lang.String)[pri:0, instance:ViewProductThroughList@5c45d770]" started-at="2020-12-07T18:21:08 ICT" name="accessWebsite" finished-at="2020-12-07T18:21:20 ICT" duration-ms="12265" status="PASS">
          <params>
            <param index="0">
              <value>
                <![CDATA[https://www.dienmayxanh.com/]]>
              </value>
            </param>
          </params>
          <reporter-output>
          </reporter-output>
        </test-method> <!-- accessWebsite -->
        <test-method signature="testSuccessViewProductByList()[pri:0, instance:ViewProductThroughList@5c45d770]" started-at="2020-12-07T18:21:20 ICT" name="testSuccessViewProductByList" finished-at="2020-12-07T18:21:29 ICT" duration-ms="9080" status="FAIL">
          <exception class="org.openqa.selenium.NoSuchElementException">
            <message>
              <![CDATA[no such element: Unable to locate element: {"method":"xpath","selector":"//section[@id='main-container']//child::h1"}
  (Session info: chrome=87.0.4280.88)
For documentation on this error, please visit: https://www.seleniumhq.org/exceptions/no_such_element.html
Build info: version: '3.141.59', revision: 'e82be7d358', time: '2018-11-14T08:25:48'
System info: host: 'DAWN', ip: '10.9.80.177', os.name: 'Windows 10', os.arch: 'amd64', os.version: '10.0', java.version: '14.0.2'
Driver info: org.openqa.selenium.chrome.ChromeDriver
Capabilities {acceptInsecureCerts: false, browserName: chrome, browserVersion: 87.0.4280.88, chrome: {chromedriverVersion: 87.0.4280.20 (c99e81631faa0..., userDataDir: C:\Users\MODERN~1\AppData\L...}, goog:chromeOptions: {debuggerAddress: localhost:55302}, javascriptEnabled: true, networkConnectionEnabled: false, pageLoadStrategy: normal, platform: WINDOWS, platformName: WINDOWS, proxy: Proxy(), setWindowRect: true, strictFileInteractability: false, timeouts: {implicit: 0, pageLoad: 300000, script: 30000}, unhandledPromptBehavior: dismiss and notify, webauthn:virtualAuthenticators: true}
Session ID: 2b62fa95d03173ab1b12efdf3d9df96d
*** Element info: {Using=xpath, value=//section[@id='main-container']//child::h1}]]>
            </message>
            <full-stacktrace>
              <![CDATA[org.openqa.selenium.NoSuchElementException: no such element: Unable to locate element: {"method":"xpath","selector":"//section[@id='main-container']//child::h1"}
  (Session info: chrome=87.0.4280.88)
For documentation on this error, please visit: https://www.seleniumhq.org/exceptions/no_such_element.html
Build info: version: '3.141.59', revision: 'e82be7d358', time: '2018-11-14T08:25:48'
System info: host: 'DAWN', ip: '10.9.80.177', os.name: 'Windows 10', os.arch: 'amd64', os.version: '10.0', java.version: '14.0.2'
Driver info: org.openqa.selenium.chrome.ChromeDriver
Capabilities {acceptInsecureCerts: false, browserName: chrome, browserVersion: 87.0.4280.88, chrome: {chromedriverVersion: 87.0.4280.20 (c99e81631faa0..., userDataDir: C:\Users\MODERN~1\AppData\L...}, goog:chromeOptions: {debuggerAddress: localhost:55302}, javascriptEnabled: true, networkConnectionEnabled: false, pageLoadStrategy: normal, platform: WINDOWS, platformName: WINDOWS, proxy: Proxy(), setWindowRect: true, strictFileInteractability: false, timeouts: {implicit: 0, pageLoad: 300000, script: 30000}, unhandledPromptBehavior: dismiss and notify, webauthn:virtualAuthenticators: true}
Session ID: 2b62fa95d03173ab1b12efdf3d9df96d
*** Element info: {Using=xpath, value=//section[@id='main-container']//child::h1}
at java.base/jdk.internal.reflect.NativeConstructorAccessorImpl.newInstance0(Native Method)
at java.base/jdk.internal.reflect.NativeConstructorAccessorImpl.newInstance(NativeConstructorAccessorImpl.java:62)
at java.base/jdk.internal.reflect.DelegatingConstructorAccessorImpl.newInstance(DelegatingConstructorAccessorImpl.java:45)
at java.base/java.lang.reflect.Constructor.newInstanceWithCaller(Constructor.java:500)
at java.base/java.lang.reflect.Constructor.newInstance(Constructor.java:481)
at org.openqa.selenium.remote.http.W3CHttpResponseCodec.createException(W3CHttpResponseCodec.java:187)
at org.openqa.selenium.remote.http.W3CHttpResponseCodec.decode(W3CHttpResponseCodec.java:122)
at org.openqa.selenium.remote.http.W3CHttpResponseCodec.decode(W3CHttpResponseCodec.java:49)
at org.openqa.selenium.remote.HttpCommandExecutor.execute(HttpCommandExecutor.java:158)
at org.openqa.selenium.remote.service.DriverCommandExecutor.execute(DriverCommandExecutor.java:83)
at org.openqa.selenium.remote.RemoteWebDriver.execute(RemoteWebDriver.java:552)
at org.openqa.selenium.remote.RemoteWebDriver.findElement(RemoteWebDriver.java:323)
at org.openqa.selenium.remote.RemoteWebDriver.findElementByXPath(RemoteWebDriver.java:428)
at org.openqa.selenium.By$ByXPath.findElement(By.java:353)
at org.openqa.selenium.remote.RemoteWebDriver.findElement(RemoteWebDriver.java:315)
at ViewProductThroughList.comfirmResult(ViewProductThroughList.java:102)
at ViewProductThroughList.testSuccessViewProductByList(ViewProductThroughList.java:22)
at java.base/jdk.internal.reflect.NativeMethodAccessorImpl.invoke0(Native Method)
at java.base/jdk.internal.reflect.NativeMethodAccessorImpl.invoke(NativeMethodAccessorImpl.java:62)
at java.base/jdk.internal.reflect.DelegatingMethodAccessorImpl.invoke(DelegatingMethodAccessorImpl.java:43)
at java.base/java.lang.reflect.Method.invoke(Method.java:564)
at org.testng.internal.MethodInvocationHelper.invokeMethod(MethodInvocationHelper.java:132)
at org.testng.internal.TestInvoker.invokeMethod(TestInvoker.java:599)
at org.testng.internal.TestInvoker.invokeTestMethod(TestInvoker.java:174)
at org.testng.internal.MethodRunner.runInSequence(MethodRunner.java:46)
at org.testng.internal.TestInvoker$MethodInvocationAgent.invoke(TestInvoker.java:822)
at org.testng.internal.TestInvoker.invokeTestMethods(TestInvoker.java:147)
at org.testng.internal.TestMethodWorker.invokeTestMethods(TestMethodWorker.java:146)
at org.testng.internal.TestMethodWorker.run(TestMethodWorker.java:128)
at java.base/java.util.ArrayList.forEach(ArrayList.java:1511)
at org.testng.TestRunner.privateRun(TestRunner.java:764)
at org.testng.TestRunner.run(TestRunner.java:585)
at org.testng.SuiteRunner.runTest(SuiteRunner.java:384)
at org.testng.SuiteRunner.runSequentially(SuiteRunner.java:378)
at org.testng.SuiteRunner.privateRun(SuiteRunner.java:337)
at org.testng.SuiteRunner.run(SuiteRunner.java:286)
at org.testng.SuiteRunnerWorker.runSuite(SuiteRunnerWorker.java:53)
at org.testng.SuiteRunnerWorker.run(SuiteRunnerWorker.java:96)
at org.testng.TestNG.runSuitesSequentially(TestNG.java:1218)
at org.testng.TestNG.runSuitesLocally(TestNG.java:1140)
at org.testng.TestNG.runSuites(TestNG.java:1069)
at org.testng.TestNG.run(TestNG.java:1037)
at org.testng.remote.AbstractRemoteTestNG.run(AbstractRemoteTestNG.java:115)
at org.testng.remote.RemoteTestNG.initAndRun(RemoteTestNG.java:251)
at org.testng.remote.RemoteTestNG.main(RemoteTestNG.java:77)
]]>
            </full-stacktrace>
          </exception> <!-- org.openqa.selenium.NoSuchElementException -->
          <reporter-output>
          </reporter-output>
        </test-method> <!-- testSuccessViewProductByList -->
        <test-method is-config="true" signature="closeBrowser()[pri:0, instance:ViewProductThroughList@5c45d770]" started-at="2020-12-07T18:21:29 ICT" name="closeBrowser" finished-at="2020-12-07T18:21:29 ICT" duration-ms="28" status="PASS">
          <reporter-output>
          </reporter-output>
        </test-method> <!-- closeBrowser -->
      </class> <!-- ViewProductThroughList -->
    </test> <!-- runGroup -->
  </suite> <!-- suite -->
</testng-results>
