<?xml version="1.0" encoding="UTF-8"?>
<testng-results ignored="0" total="7" passed="7" failed="0" skipped="0">
  <reporter-output>
  </reporter-output>
  <suite started-at="2021-01-16T01:28:26 ICT" name="testing" finished-at="2021-01-16T01:31:51 ICT" duration-ms="204713">
    <groups>
      <group name="chooseRecivePlaceSuccess">
        <method signature="ChooseReceivedPlace.testSuccessWithOnlyProvince(java.lang.String)[pri:2, instance:com.dienmayxanh.test.ChooseReceivedPlace@3148f668]" name="testSuccessWithOnlyProvince" class="com.dienmayxanh.test.ChooseReceivedPlace"/>
      </group> <!-- chooseRecivePlaceSuccess -->
      <group name="successUpdateReceivePlace">
        <method signature="ChooseReceivedPlace.testSuccessUpdateByClickOnButonChange(java.lang.String)[pri:6, instance:com.dienmayxanh.test.ChooseReceivedPlace@3148f668]" name="testSuccessUpdateByClickOnButonChange" class="com.dienmayxanh.test.ChooseReceivedPlace"/>
        <method signature="ChooseReceivedPlace.testSuccessUpdateByClickOnDropBoxProvince(java.lang.String)[pri:7, instance:com.dienmayxanh.test.ChooseReceivedPlace@3148f668]" name="testSuccessUpdateByClickOnDropBoxProvince" class="com.dienmayxanh.test.ChooseReceivedPlace"/>
        <method signature="ChooseReceivedPlace.testSuccessUpdateWithOnlyProvinceSubmitBefor(java.lang.String)[pri:5, instance:com.dienmayxanh.test.ChooseReceivedPlace@3148f668]" name="testSuccessUpdateWithOnlyProvinceSubmitBefor" class="com.dienmayxanh.test.ChooseReceivedPlace"/>
      </group> <!-- successUpdateReceivePlace -->
      <group name="chooseReceivePlaceSuccess">
        <method signature="ChooseReceivedPlace.testMainSFWithFullInfor(java.lang.String)[pri:1, instance:com.dienmayxanh.test.ChooseReceivedPlace@3148f668]" name="testMainSFWithFullInfor" class="com.dienmayxanh.test.ChooseReceivedPlace"/>
        <method signature="ChooseReceivedPlace.testSuccessWithoutFillTextboxAddress(java.lang.String)[pri:3, instance:com.dienmayxanh.test.ChooseReceivedPlace@3148f668]" name="testSuccessWithoutFillTextboxAddress" class="com.dienmayxanh.test.ChooseReceivedPlace"/>
      </group> <!-- chooseReceivePlaceSuccess -->
      <group name="chooseReceivePlaceFail">
        <method signature="ChooseReceivedPlace.testFailWithoutChooseWard(java.lang.String)[pri:4, instance:com.dienmayxanh.test.ChooseReceivedPlace@3148f668]" name="testFailWithoutChooseWard" class="com.dienmayxanh.test.ChooseReceivedPlace"/>
      </group> <!-- chooseReceivePlaceFail -->
    </groups>
    <test started-at="2021-01-16T01:28:26 ICT" name="test choose received place" finished-at="2021-01-16T01:31:51 ICT" duration-ms="204713">
      <class name="com.dienmayxanh.test.ChooseReceivedPlace">
        <test-method is-config="true" signature="setExcelBeforeTest(java.lang.String)[pri:0, instance:com.dienmayxanh.test.ChooseReceivedPlace@3148f668]" started-at="2021-01-16T01:28:27 ICT" name="setExcelBeforeTest" finished-at="2021-01-16T01:28:27 ICT" duration-ms="443" status="PASS">
          <params>
            <param index="0">
              <value>
                <![CDATA[ChooseReceivedPlace]]>
              </value>
            </param>
          </params>
          <reporter-output>
          </reporter-output>
        </test-method> <!-- setExcelBeforeTest -->
        <test-method is-config="true" signature="accessWebsite(java.lang.String)[pri:0, instance:com.dienmayxanh.test.ChooseReceivedPlace@3148f668]" started-at="2021-01-16T01:28:27 ICT" name="accessWebsite" finished-at="2021-01-16T01:28:33 ICT" duration-ms="6005" status="PASS">
          <params>
            <param index="0">
              <value>
                <![CDATA[https://www.dienmayxanh.com/]]>
              </value>
            </param>
          </params>
          <reporter-output>
          </reporter-output>
        </test-method> <!-- accessWebsite -->
        <test-method signature="testMainSFWithFullInfor(java.lang.String)[pri:1, instance:com.dienmayxanh.test.ChooseReceivedPlace@3148f668]" started-at="2021-01-16T01:28:33 ICT" name="testMainSFWithFullInfor" finished-at="2021-01-16T01:28:50 ICT" duration-ms="17357" status="PASS">
          <params>
            <param index="0">
              <value>
                <![CDATA[https://www.dienmayxanh.com/]]>
              </value>
            </param>
          </params>
          <reporter-output>
          </reporter-output>
        </test-method> <!-- testMainSFWithFullInfor -->
        <test-method is-config="true" signature="closeBrowser()[pri:0, instance:com.dienmayxanh.test.ChooseReceivedPlace@3148f668]" started-at="2021-01-16T01:28:50 ICT" name="closeBrowser" finished-at="2021-01-16T01:28:51 ICT" duration-ms="188" status="PASS">
          <reporter-output>
          </reporter-output>
        </test-method> <!-- closeBrowser -->
        <test-method is-config="true" signature="accessWebsite(java.lang.String)[pri:0, instance:com.dienmayxanh.test.ChooseReceivedPlace@3148f668]" started-at="2021-01-16T01:28:51 ICT" name="accessWebsite" finished-at="2021-01-16T01:28:56 ICT" duration-ms="5966" status="PASS">
          <params>
            <param index="0">
              <value>
                <![CDATA[https://www.dienmayxanh.com/]]>
              </value>
            </param>
          </params>
          <reporter-output>
          </reporter-output>
        </test-method> <!-- accessWebsite -->
        <test-method signature="testSuccessWithOnlyProvince(java.lang.String)[pri:2, instance:com.dienmayxanh.test.ChooseReceivedPlace@3148f668]" started-at="2021-01-16T01:28:56 ICT" name="testSuccessWithOnlyProvince" finished-at="2021-01-16T01:29:17 ICT" duration-ms="20732" status="PASS">
          <params>
            <param index="0">
              <value>
                <![CDATA[https://www.dienmayxanh.com/]]>
              </value>
            </param>
          </params>
          <reporter-output>
          </reporter-output>
        </test-method> <!-- testSuccessWithOnlyProvince -->
        <test-method is-config="true" signature="closeBrowser()[pri:0, instance:com.dienmayxanh.test.ChooseReceivedPlace@3148f668]" started-at="2021-01-16T01:29:17 ICT" name="closeBrowser" finished-at="2021-01-16T01:29:17 ICT" duration-ms="90" status="PASS">
          <reporter-output>
          </reporter-output>
        </test-method> <!-- closeBrowser -->
        <test-method is-config="true" signature="accessWebsite(java.lang.String)[pri:0, instance:com.dienmayxanh.test.ChooseReceivedPlace@3148f668]" started-at="2021-01-16T01:29:17 ICT" name="accessWebsite" finished-at="2021-01-16T01:29:23 ICT" duration-ms="5966" status="PASS">
          <params>
            <param index="0">
              <value>
                <![CDATA[https://www.dienmayxanh.com/]]>
              </value>
            </param>
          </params>
          <reporter-output>
          </reporter-output>
        </test-method> <!-- accessWebsite -->
        <test-method signature="testSuccessWithoutFillTextboxAddress(java.lang.String)[pri:3, instance:com.dienmayxanh.test.ChooseReceivedPlace@3148f668]" started-at="2021-01-16T01:29:23 ICT" name="testSuccessWithoutFillTextboxAddress" finished-at="2021-01-16T01:29:44 ICT" duration-ms="20288" status="PASS">
          <params>
            <param index="0">
              <value>
                <![CDATA[https://www.dienmayxanh.com/]]>
              </value>
            </param>
          </params>
          <reporter-output>
          </reporter-output>
        </test-method> <!-- testSuccessWithoutFillTextboxAddress -->
        <test-method is-config="true" signature="closeBrowser()[pri:0, instance:com.dienmayxanh.test.ChooseReceivedPlace@3148f668]" started-at="2021-01-16T01:29:44 ICT" name="closeBrowser" finished-at="2021-01-16T01:29:44 ICT" duration-ms="60" status="PASS">
          <reporter-output>
          </reporter-output>
        </test-method> <!-- closeBrowser -->
        <test-method is-config="true" signature="accessWebsite(java.lang.String)[pri:0, instance:com.dienmayxanh.test.ChooseReceivedPlace@3148f668]" started-at="2021-01-16T01:29:44 ICT" name="accessWebsite" finished-at="2021-01-16T01:29:50 ICT" duration-ms="6543" status="PASS">
          <params>
            <param index="0">
              <value>
                <![CDATA[https://www.dienmayxanh.com/]]>
              </value>
            </param>
          </params>
          <reporter-output>
          </reporter-output>
        </test-method> <!-- accessWebsite -->
        <test-method signature="testFailWithoutChooseWard(java.lang.String)[pri:4, instance:com.dienmayxanh.test.ChooseReceivedPlace@3148f668]" started-at="2021-01-16T01:29:50 ICT" name="testFailWithoutChooseWard" finished-at="2021-01-16T01:30:06 ICT" duration-ms="16297" status="PASS">
          <params>
            <param index="0">
              <value>
                <![CDATA[https://www.dienmayxanh.com/]]>
              </value>
            </param>
          </params>
          <reporter-output>
          </reporter-output>
        </test-method> <!-- testFailWithoutChooseWard -->
        <test-method is-config="true" signature="closeBrowser()[pri:0, instance:com.dienmayxanh.test.ChooseReceivedPlace@3148f668]" started-at="2021-01-16T01:30:06 ICT" name="closeBrowser" finished-at="2021-01-16T01:30:07 ICT" duration-ms="60" status="PASS">
          <reporter-output>
          </reporter-output>
        </test-method> <!-- closeBrowser -->
        <test-method is-config="true" signature="accessWebsite(java.lang.String)[pri:0, instance:com.dienmayxanh.test.ChooseReceivedPlace@3148f668]" started-at="2021-01-16T01:30:07 ICT" name="accessWebsite" finished-at="2021-01-16T01:30:12 ICT" duration-ms="5875" status="PASS">
          <params>
            <param index="0">
              <value>
                <![CDATA[https://www.dienmayxanh.com/]]>
              </value>
            </param>
          </params>
          <reporter-output>
          </reporter-output>
        </test-method> <!-- accessWebsite -->
        <test-method signature="testSuccessUpdateWithOnlyProvinceSubmitBefor(java.lang.String)[pri:5, instance:com.dienmayxanh.test.ChooseReceivedPlace@3148f668]" started-at="2021-01-16T01:30:12 ICT" name="testSuccessUpdateWithOnlyProvinceSubmitBefor" finished-at="2021-01-16T01:30:43 ICT" duration-ms="30288" status="PASS">
          <params>
            <param index="0">
              <value>
                <![CDATA[https://www.dienmayxanh.com/]]>
              </value>
            </param>
          </params>
          <reporter-output>
          </reporter-output>
        </test-method> <!-- testSuccessUpdateWithOnlyProvinceSubmitBefor -->
        <test-method is-config="true" signature="closeBrowser()[pri:0, instance:com.dienmayxanh.test.ChooseReceivedPlace@3148f668]" started-at="2021-01-16T01:30:43 ICT" name="closeBrowser" finished-at="2021-01-16T01:30:43 ICT" duration-ms="47" status="PASS">
          <reporter-output>
          </reporter-output>
        </test-method> <!-- closeBrowser -->
        <test-method is-config="true" signature="accessWebsite(java.lang.String)[pri:0, instance:com.dienmayxanh.test.ChooseReceivedPlace@3148f668]" started-at="2021-01-16T01:30:43 ICT" name="accessWebsite" finished-at="2021-01-16T01:30:49 ICT" duration-ms="6437" status="PASS">
          <params>
            <param index="0">
              <value>
                <![CDATA[https://www.dienmayxanh.com/]]>
              </value>
            </param>
          </params>
          <reporter-output>
          </reporter-output>
        </test-method> <!-- accessWebsite -->
        <test-method signature="testSuccessUpdateByClickOnButonChange(java.lang.String)[pri:6, instance:com.dienmayxanh.test.ChooseReceivedPlace@3148f668]" started-at="2021-01-16T01:30:49 ICT" name="testSuccessUpdateByClickOnButonChange" finished-at="2021-01-16T01:31:20 ICT" duration-ms="30484" status="PASS">
          <params>
            <param index="0">
              <value>
                <![CDATA[https://www.dienmayxanh.com/]]>
              </value>
            </param>
          </params>
          <reporter-output>
          </reporter-output>
        </test-method> <!-- testSuccessUpdateByClickOnButonChange -->
        <test-method is-config="true" signature="closeBrowser()[pri:0, instance:com.dienmayxanh.test.ChooseReceivedPlace@3148f668]" started-at="2021-01-16T01:31:20 ICT" name="closeBrowser" finished-at="2021-01-16T01:31:20 ICT" duration-ms="52" status="PASS">
          <reporter-output>
          </reporter-output>
        </test-method> <!-- closeBrowser -->
        <test-method is-config="true" signature="accessWebsite(java.lang.String)[pri:0, instance:com.dienmayxanh.test.ChooseReceivedPlace@3148f668]" started-at="2021-01-16T01:31:20 ICT" name="accessWebsite" finished-at="2021-01-16T01:31:26 ICT" duration-ms="5988" status="PASS">
          <params>
            <param index="0">
              <value>
                <![CDATA[https://www.dienmayxanh.com/]]>
              </value>
            </param>
          </params>
          <reporter-output>
          </reporter-output>
        </test-method> <!-- accessWebsite -->
        <test-method signature="testSuccessUpdateByClickOnDropBoxProvince(java.lang.String)[pri:7, instance:com.dienmayxanh.test.ChooseReceivedPlace@3148f668]" started-at="2021-01-16T01:31:26 ICT" name="testSuccessUpdateByClickOnDropBoxProvince" finished-at="2021-01-16T01:31:51 ICT" duration-ms="25441" status="PASS">
          <params>
            <param index="0">
              <value>
                <![CDATA[https://www.dienmayxanh.com/]]>
              </value>
            </param>
          </params>
          <reporter-output>
          </reporter-output>
        </test-method> <!-- testSuccessUpdateByClickOnDropBoxProvince -->
        <test-method is-config="true" signature="closeBrowser()[pri:0, instance:com.dienmayxanh.test.ChooseReceivedPlace@3148f668]" started-at="2021-01-16T01:31:51 ICT" name="closeBrowser" finished-at="2021-01-16T01:31:51 ICT" duration-ms="47" status="PASS">
          <reporter-output>
          </reporter-output>
        </test-method> <!-- closeBrowser -->
        <test-method is-config="true" signature="saveAndCloseExcel()[pri:0, instance:com.dienmayxanh.test.ChooseReceivedPlace@3148f668]" started-at="2021-01-16T01:31:51 ICT" name="saveAndCloseExcel" finished-at="2021-01-16T01:31:51 ICT" duration-ms="30" status="PASS">
          <reporter-output>
          </reporter-output>
        </test-method> <!-- saveAndCloseExcel -->
      </class> <!-- com.dienmayxanh.test.ChooseReceivedPlace -->
    </test> <!-- test choose received place -->
  </suite> <!-- testing -->
</testng-results>
