<?xml version="1.0" encoding="UTF-8"?>
<!-- Generated by org.testng.reporters.JUnitXMLReporter -->
<testsuite ignored="8" hostname="SS4EVA-0805" failures="0" tests="1" name="viewlistproduct" time="16.838" errors="0" timestamp="2020-12-15T18:11:08 ICT">
  <testcase classname="Contact" name="testDoNotChooseGentle" time="3.614"/>
  <testcase classname="Contact" name="testSpecialCharacterNumberPhone" time="0.0">
    <ignored/>
  </testcase> <!-- testSpecialCharacterNumberPhone -->
  <testcase classname="Contact" name="testContactSusseccful" time="0.0">
    <ignored/>
  </testcase> <!-- testContactSusseccful -->
  <testcase classname="Contact" name="testWrongMail" time="0.0">
    <ignored/>
  </testcase> <!-- testWrongMail -->
  <testcase classname="Contact" name="testDoNotEnterName" time="0.0">
    <ignored/>
  </testcase> <!-- testDoNotEnterName -->
  <testcase classname="Contact" name="testWrongNumberPhone" time="0.0">
    <ignored/>
  </testcase> <!-- testWrongNumberPhone -->
  <testcase classname="Contact" name="testEnterCaptainEmail" time="0.0">
    <ignored/>
  </testcase> <!-- testEnterCaptainEmail -->
  <testcase classname="Contact" name="testSpecialCharacterMail" time="0.0">
    <ignored/>
  </testcase> <!-- testSpecialCharacterMail -->
  <testcase classname="Contact" name="testFailWithoutNumberPhone" time="0.0">
    <ignored/>
  </testcase> <!-- testFailWithoutNumberPhone -->
</testsuite> <!-- viewlistproduct -->
