<?xml version="1.0" encoding="UTF-8"?>
<!-- Generated by org.testng.reporters.JUnitXMLReporter -->
<testsuite ignored="0" hostname="SS4EVA-0805" failures="0" tests="11" name="viewlistproduct" time="85.817" errors="0" timestamp="2020-12-13T22:47:05 ICT">
  <testcase classname="ViewListProducts" name="ShowAllProduct" time="1.322"/>
  <testcase classname="ViewListProducts" name="ShowAllProductOfBrand" time="2.718"/>
  <testcase classname="Contact" name="BotrongtruongHvT" time="1.294"/>
  <testcase classname="Contact" name="Chuachongioitinh" time="1.026"/>
  <testcase classname="Contact" name="Lienhethanhcong" time="1.45"/>
  <testcase classname="Contact" name="NhapEmailkhonghople" time="1.448"/>
  <testcase classname="Contact" name="NhapchuhoavaotruognEmail" time="1.462"/>
  <testcase classname="Contact" name="NhapkytudacbiettruongSDT" time="1.234"/>
  <testcase classname="Contact" name="NhapkytudacbietvaotruongEmail" time="1.161"/>
  <testcase classname="Contact" name="SDTkhonghople" time="1.6"/>
  <testcase classname="Contact" name="SaiTruongSDT" time="1.195"/>
</testsuite> <!-- viewlistproduct -->
